[2022-03-21 12:56:17] [info]  [ 7312] Apache Commons Daemon procrun (1.2.0.0 64-bit) started.
[2022-03-21 12:56:17] [info]  [ 7312] Running Service 'neo4j'...
[2022-03-21 12:56:17] [info]  [ 8724] Starting service...
[2022-03-21 12:56:20] [info]  [ 8724] Service started in 2739 milliseconds.
[2022-03-21 13:07:29] [info]  [  344] Console SHUTDOWN event signaled.
[2022-03-21 13:07:29] [info]  [  344] Stopping service...
[2022-03-21 13:08:10] [info]  [ 7684] Apache Commons Daemon procrun (1.2.0.0 64-bit) started.
[2022-03-21 13:08:11] [info]  [ 7684] Running Service 'neo4j'...
[2022-03-21 13:08:11] [info]  [ 8664] Starting service...
[2022-03-21 13:08:13] [info]  [ 8664] Service started in 2345 milliseconds.
[2022-03-21 13:29:23] [info]  [10180] Console SHUTDOWN event signaled.
[2022-03-21 13:29:23] [info]  [10180] Stopping service...
[2022-03-21 13:30:01] [info]  [ 7604] Apache Commons Daemon procrun (1.2.0.0 64-bit) started.
[2022-03-21 13:30:01] [info]  [ 7604] Running Service 'neo4j'...
[2022-03-21 13:30:01] [info]  [ 8784] Starting service...
[2022-03-21 13:30:03] [info]  [ 8784] Service started in 2349 milliseconds.
[2022-03-21 13:39:14] [info]  [ 1892] Console SHUTDOWN event signaled.
[2022-03-21 13:39:14] [info]  [ 1892] Stopping service...
[2022-03-21 13:39:47] [info]  [ 7344] Apache Commons Daemon procrun (1.2.0.0 64-bit) started.
[2022-03-21 13:39:47] [info]  [ 7344] Running Service 'neo4j'...
[2022-03-21 13:39:47] [info]  [ 8912] Starting service...
[2022-03-21 13:39:50] [info]  [ 8912] Service started in 2510 milliseconds.
[2022-03-21 18:31:46] [info]  [ 4348] Console SHUTDOWN event signaled.
[2022-03-21 18:31:46] [info]  [ 4348] Stopping service...
