[2022-03-31 14:04:12] [info]  [20108] Apache Commons Daemon procrun (1.2.0.0 64-bit) started.
[2022-03-31 14:04:12] [info]  [20108] Stopping service 'neo4j'...
[2022-03-31 14:04:24] [info]  [20108] Service 'neo4j' stopped.
[2022-03-31 14:04:24] [info]  [20108] Stop service finished.
[2022-03-31 14:04:24] [info]  [20108] Apache Commons Daemon procrun finished.
[2022-03-31 14:04:33] [info]  [10572] Apache Commons Daemon procrun (1.2.0.0 64-bit) started.
[2022-03-31 14:04:33] [info]  [10572] Starting service 'neo4j'...
[2022-03-31 14:04:33] [info]  [12008] Apache Commons Daemon procrun (1.2.0.0 64-bit) started.
[2022-03-31 14:04:33] [info]  [12008] Running Service 'neo4j'...
[2022-03-31 14:04:33] [info]  [24936] Starting service...
[2022-03-31 14:04:35] [info]  [24936] Service started in 2525 milliseconds.
[2022-03-31 14:04:37] [info]  [10572] Started service 'neo4j'.
[2022-03-31 14:04:37] [info]  [10572] Finished starting service 'neo4j', returning 1.
[2022-03-31 14:04:37] [info]  [10572] Apache Commons Daemon procrun finished.
[2022-03-31 14:49:44] [info]  [17216] Apache Commons Daemon procrun (1.2.0.0 64-bit) started.
[2022-03-31 14:49:44] [info]  [17216] Updating service...
[2022-03-31 14:49:44] [info]  [17216] Updated service 'neo4j'.
[2022-03-31 14:49:44] [info]  [17216] Finished updating service 'neo4j'.
[2022-03-31 14:49:44] [info]  [17216] Apache Commons Daemon procrun finished.
[2022-03-31 14:54:10] [info]  [11916] Apache Commons Daemon procrun (1.2.0.0 64-bit) started.
[2022-03-31 14:54:10] [info]  [11916] Stopping service 'neo4j'...
[2022-03-31 14:54:10] [info]  [ 6876] Stopping service...
[2022-03-31 14:54:23] [info]  [11916] Service 'neo4j' stopped.
[2022-03-31 14:54:23] [info]  [11916] Stop service finished.
[2022-03-31 14:54:23] [info]  [11916] Apache Commons Daemon procrun finished.
[2022-03-31 15:05:07] [info]  [ 6264] Apache Commons Daemon procrun (1.2.0.0 64-bit) started.
[2022-03-31 15:05:07] [info]  [ 6264] Running Service 'neo4j'...
[2022-03-31 15:05:07] [info]  [ 7744] Starting service...
[2022-03-31 15:05:09] [info]  [ 7744] Service started in 2047 milliseconds.
[2022-03-31 16:21:47] [info]  [14812] Console SHUTDOWN event signaled.
[2022-03-31 16:21:47] [info]  [14812] Stopping service...
[2022-03-31 16:22:26] [info]  [ 6136] Apache Commons Daemon procrun (1.2.0.0 64-bit) started.
[2022-03-31 16:22:26] [info]  [ 6136] Running Service 'neo4j'...
[2022-03-31 16:22:26] [info]  [ 7712] Starting service...
[2022-03-31 16:22:28] [info]  [ 7712] Service started in 2044 milliseconds.
[2022-04-01 13:13:12] [info]  [12604] Stopping service...
