[2021-11-19 15:31:03] [info]  [13744] Apache Commons Daemon procrun (1.2.0.0 64-bit) started.
[2021-11-19 15:31:03] [info]  [13744] Stopping service 'neo4j'...
[2021-11-19 15:31:15] [info]  [13744] Service 'neo4j' stopped.
[2021-11-19 15:31:15] [info]  [13744] Stop service finished.
[2021-11-19 15:31:15] [info]  [13744] Apache Commons Daemon procrun finished.
[2021-11-19 15:31:41] [info]  [10956] Apache Commons Daemon procrun (1.2.0.0 64-bit) started.
[2021-11-19 15:31:41] [info]  [10956] Starting service 'neo4j'...
[2021-11-19 15:31:41] [info]  [11884] Apache Commons Daemon procrun (1.2.0.0 64-bit) started.
[2021-11-19 15:31:41] [info]  [11884] Running Service 'neo4j'...
[2021-11-19 15:31:41] [info]  [17868] Starting service...
[2021-11-19 15:31:44] [info]  [17868] Service started in 2523 milliseconds.
[2021-11-19 15:31:46] [info]  [10956] Started service 'neo4j'.
[2021-11-19 15:31:46] [info]  [10956] Finished starting service 'neo4j', returning 1.
[2021-11-19 15:31:46] [info]  [10956] Apache Commons Daemon procrun finished.
[2021-11-19 15:37:43] [info]  [ 3084] Apache Commons Daemon procrun (1.2.0.0 64-bit) started.
[2021-11-19 15:37:43] [info]  [ 3084] Stopping service 'neo4j'...
[2021-11-19 15:37:43] [info]  [ 4596] Stopping service...
[2021-11-19 15:37:55] [info]  [ 3084] Service 'neo4j' stopped.
[2021-11-19 15:37:55] [info]  [ 3084] Stop service finished.
[2021-11-19 15:37:55] [info]  [ 3084] Apache Commons Daemon procrun finished.
[2021-11-19 15:38:06] [info]  [ 1804] Apache Commons Daemon procrun (1.2.0.0 64-bit) started.
[2021-11-19 15:38:06] [info]  [ 1804] Starting service 'neo4j'...
[2021-11-19 15:38:06] [info]  [ 4356] Apache Commons Daemon procrun (1.2.0.0 64-bit) started.
[2021-11-19 15:38:06] [info]  [ 4356] Running Service 'neo4j'...
[2021-11-19 15:38:06] [info]  [11456] Starting service...
[2021-11-19 15:38:08] [info]  [11456] Service started in 1287 milliseconds.
[2021-11-19 15:38:09] [info]  [ 1804] Started service 'neo4j'.
[2021-11-19 15:38:09] [info]  [ 1804] Finished starting service 'neo4j', returning 1.
[2021-11-19 15:38:09] [info]  [ 1804] Apache Commons Daemon procrun finished.
[2021-11-19 15:38:23] [info]  [ 9380] Apache Commons Daemon procrun (1.2.0.0 64-bit) started.
[2021-11-19 15:38:23] [info]  [ 9380] Stopping service 'neo4j'...
[2021-11-19 15:38:23] [info]  [ 4636] Stopping service...
[2021-11-19 15:38:35] [info]  [ 9380] Service 'neo4j' stopped.
[2021-11-19 15:38:35] [info]  [ 9380] Stop service finished.
[2021-11-19 15:38:35] [info]  [ 9380] Apache Commons Daemon procrun finished.
[2021-11-19 15:38:50] [info]  [11656] Apache Commons Daemon procrun (1.2.0.0 64-bit) started.
[2021-11-19 15:38:50] [info]  [11656] Starting service 'neo4j'...
[2021-11-19 15:38:50] [info]  [ 5164] Apache Commons Daemon procrun (1.2.0.0 64-bit) started.
[2021-11-19 15:38:51] [info]  [ 5164] Running Service 'neo4j'...
[2021-11-19 15:38:51] [info]  [14116] Starting service...
[2021-11-19 15:38:52] [info]  [14116] Service started in 1287 milliseconds.
[2021-11-19 15:38:54] [info]  [11656] Started service 'neo4j'.
[2021-11-19 15:38:54] [info]  [11656] Finished starting service 'neo4j', returning 1.
[2021-11-19 15:38:54] [info]  [11656] Apache Commons Daemon procrun finished.
[2021-11-25 17:45:13] [info]  [ 3852] Console SHUTDOWN event signaled.
[2021-11-25 17:45:13] [info]  [ 3852] Stopping service...
