#
# A fatal error has been detected by the Java Runtime Environment:
#
#  EXCEPTION_ACCESS_VIOLATION (0xc0000005) at pc=0x00007ff9d853c1df, pid=5840, tid=17784
#
# JRE version: OpenJDK Runtime Environment (11.0.2+9) (build 11.0.2+9)
# Java VM: OpenJDK 64-Bit Server VM (11.0.2+9, mixed mode, tiered, compressed oops, g1 gc, windows-amd64)
# Problematic frame:
# V  [jvm.dll+0x61c1df]
#
# No core dump will be written. Minidumps are not enabled by default on client versions of Windows
#
# If you would like to submit a bug report, please visit:
#   http://bugreport.java.com/bugreport/crash.jsp
#

---------------  S U M M A R Y ------------

Command Line: -XX:+UseG1GC -XX:-OmitStackTraceInFastThrow -XX:+AlwaysPreTouch -XX:+UnlockExperimentalVMOptions -XX:+TrustFinalNonStaticFields -XX:+DisableExplicitGC -XX:MaxInlineLevel=15 -XX:-UseBiasedLocking -Djdk.nio.maxCachedBufferSize=262144 -Dio.netty.tryReflectionSetAccessible=true -Djdk.tls.ephemeralDHKeySize=2048 -Djdk.tls.rejectClientInitiatedRenegotiation=true -XX:FlightRecorderOptions=stackdepth=256 -XX:+UnlockDiagnosticVMOptions -XX:+DebugNonSafepoints -Dlog4j2.disable.jmx=true -Dfile.encoding=UTF-8 exit abort 

Host: Intel(R) Core(TM) i7-9850H CPU @ 2.60GHz, 12 cores, 31G,  Windows 10 , 64 bit Build 19041 (10.0.19041.1466)
Time: Wed Feb 23 13:07:56 2022 Romance Standard Time elapsed time: 1033351 seconds (11d 23h 2m 31s)

---------------  T H R E A D  ---------------

Current thread (0x00000000324d5380):  JavaThread "globalEventExecutor-1-2" [_thread_in_vm, id=17784, stack(0x0000000000e20000,0x0000000000f20000)]

Stack: [0x0000000000e20000,0x0000000000f20000],  sp=0x0000000000f1ea60,  free space=1018k
Native frames: (J=compiled Java code, j=interpreted, Vv=VM code, C=native code)
V  [jvm.dll+0x61c1df]
V  [jvm.dll+0x7069ca]
V  [jvm.dll+0x42653a]
C  0x000000001240e0a3

Java frames: (J=compiled Java code, j=interpreted, Vv=VM code)
J 1710  java.lang.Object.notifyAll()V java.base@11.0.2 (0 bytes) @ 0x000000001240e00b [0x000000001240dfc0+0x000000000000004b]
j  io.netty.util.concurrent.DefaultPromise.checkNotifyWaiters()Z+8
j  io.netty.util.concurrent.DefaultPromise.setValue0(Ljava/lang/Object;)Z+27
j  io.netty.util.concurrent.DefaultPromise.setSuccess0(Ljava/lang/Object;)Z+12
j  io.netty.util.concurrent.DefaultPromise.setSuccess(Ljava/lang/Object;)Lio/netty/util/concurrent/Promise;+2
j  io.netty.util.concurrent.MultithreadEventExecutorGroup$1.operationComplete(Lio/netty/util/concurrent/Future;)V+29
j  io.netty.util.concurrent.DefaultPromise.notifyListener0(Lio/netty/util/concurrent/Future;Lio/netty/util/concurrent/GenericFutureListener;)V+2
j  io.netty.util.concurrent.DefaultPromise.notifyListenersNow()V+69
j  io.netty.util.concurrent.DefaultPromise.access$200(Lio/netty/util/concurrent/DefaultPromise;)V+1
j  io.netty.util.concurrent.DefaultPromise$1.run()V+4
j  io.netty.util.concurrent.GlobalEventExecutor$TaskRunner.run()V+13
j  io.netty.util.internal.ThreadExecutorMap$2.run()V+11
j  io.netty.util.concurrent.FastThreadLocalRunnable.run()V+4
j  java.lang.Thread.run()V+11 java.base@11.0.2
v  ~StubRoutines::call_stub

siginfo: EXCEPTION_ACCESS_VIOLATION (0xc0000005), writing address 0x0000000000000008


Register to memory mapping:

RIP=0x00007ff9d853c1df jvm.dll
RAX=0x0 is NULL
RBX=0x0000000001cded80 is pointing into the stack for thread: 0x0000000002501760
RCX=0x0 is NULL
RDX=0x00000000343f0cd4 points into unknown readable memory: 01 00 00 00
RSP=0x0000000000f1ea60 is pointing into the stack for thread: 0x00000000324d5380
RBP=0x0 is NULL
RSI=0x0000000000000002 is an unknown value
RDI=0x00000000324d5380 is a thread
R8 =0x0 is NULL
R9 =0x000000060477a790 is an oop: io.netty.util.concurrent.DefaultPromise 
{0x000000060477a790} - klass: 'io/netty/util/concurrent/DefaultPromise'
R10=0x00007ff9d75df94b java.dll
R11=0x000000001240dfe8 is at entry_point+40 in (nmethod*)0x000000001240de10
R12=0x0000000000000001 is an unknown value
R13=0x0000000000f1eb98 is pointing into the stack for thread: 0x00000000324d5380
R14=0x00000000343f0c00 points into unknown readable memory: 79 00 00 00 00 00 00 00
R15=0x00000000324d5380 is a thread


Registers:
RAX=0x0000000000000000, RBX=0x0000000001cded80, RCX=0x0000000000000000, RDX=0x00000000343f0cd4
RSP=0x0000000000f1ea60, RBP=0x0000000000000000, RSI=0x0000000000000002, RDI=0x00000000324d5380
R8 =0x0000000000000000, R9 =0x000000060477a790, R10=0x00007ff9d75df94b, R11=0x000000001240dfe8
R12=0x0000000000000001, R13=0x0000000000f1eb98, R14=0x00000000343f0c00, R15=0x00000000324d5380
RIP=0x00007ff9d853c1df, EFLAGS=0x0000000000010283

Top of Stack: (sp=0x0000000000f1ea60)
0x0000000000f1ea60:   0000000000000000 0000000000000000
0x0000000000f1ea70:   0000000000000000 0000000000000000
0x0000000000f1ea80:   00000000c0914b73 00000008006e1a50
0x0000000000f1ea90:   0000000000f1eb98 0000000000000000
0x0000000000f1eaa0:   00000000324d5380 0000000000f1eb40
0x0000000000f1eab0:   000000060477a790 00007ff9d86269ca
0x0000000000f1eac0:   00000000363d7868 000000003c6488d0
0x0000000000f1ead0:   00000000324d5380 0000000000f1eb98
0x0000000000f1eae0:   00000000324d5380 00007ff9d834653a
0x0000000000f1eaf0:   00000000363d7868 000000060477a790
0x0000000000f1eb00:   00000000363d7868 00007ff9d80a91ef
0x0000000000f1eb10:   0000000000f1ec08 000000001240e0a3
0x0000000000f1eb20:   000000002fe80b58 0000000000f1eb80
0x0000000000f1eb30:   00000006048a5b98 0000000000000000
0x0000000000f1eb40:   000000060477a790 0000000000f1eba0
0x0000000000f1eb50:   000000003c6488d0 000000000a829610 

Instructions: (pc=0x00007ff9d853c1df)
0x00007ff9d853c1bf:   b8 fa 06 00 00 48 89 6c 24 20 49 8b cf e8 ff 02
0x00007ff9d853c1cf:   cc ff 48 83 c4 40 41 5f 41 5e 5d c3 48 8b 43 08
0x00007ff9d853c1df:   48 89 41 08 48 89 08 49 8b 86 c8 00 00 00 48 3b
0x00007ff9d853c1ef:   c3 75 07 49 89 8e c8 00 00 00 48 89 2b 48 89 6b 


Stack slot to memory mapping:
stack at sp + 0 slots: 0x0 is NULL
stack at sp + 1 slots: 0x0 is NULL
stack at sp + 2 slots: 0x0 is NULL
stack at sp + 3 slots: 0x0 is NULL
stack at sp + 4 slots: 3230747507 is a compressed pointer to object: java.lang.Object 
{0x00000006048a5b98} - klass: 'java/lang/Object'
stack at sp + 5 slots: 0x00000008006e1a50 is a pointer to class: 
io.netty.util.concurrent.DefaultPromise {0x00000008006e1a58}
stack at sp + 6 slots: 0x0000000000f1eb98 is pointing into the stack for thread: 0x00000000324d5380
stack at sp + 7 slots: 0x0 is NULL


---------------  P R O C E S S  ---------------

Threads class SMR info:
_java_thread_list=0x0000000030a1cb30, length=25, elements={
0x0000000002501760, 0x00000000307c5f80, 0x00000000307be9b0, 0x00000000307c9ff0,
0x00000000307ca6d0, 0x00000000307cd1b0, 0x00000000307cdd70, 0x00000000307cf770,
0x00000000309a21a0, 0x00000000309ce200, 0x0000000032d05ff0, 0x00000000322e5f30,
0x0000000032c54b60, 0x000000003217e2b0, 0x00000000361522d0, 0x000000003614af50,
0x00000000321ffd90, 0x00000000321fb560, 0x00000000321fdbe0, 0x00000000321ff3f0,
0x00000000321fef20, 0x00000000321fe580, 0x00000000321fd240, 0x00000000324d3b70,
0x00000000324d5380
}

Java Threads: ( => current thread )
  0x0000000002501760 JavaThread "main" [_thread_blocked, id=8620, stack(0x0000000001be0000,0x0000000001ce0000)]
  0x00000000307c5f80 JavaThread "Reference Handler" daemon [_thread_blocked, id=8616, stack(0x0000000030b80000,0x0000000030c80000)]
  0x00000000307be9b0 JavaThread "Finalizer" daemon [_thread_blocked, id=8644, stack(0x0000000030c80000,0x0000000030d80000)]
  0x00000000307c9ff0 JavaThread "Signal Dispatcher" daemon [_thread_blocked, id=8684, stack(0x0000000030e80000,0x0000000030f80000)]
  0x00000000307ca6d0 JavaThread "Attach Listener" daemon [_thread_blocked, id=8688, stack(0x0000000030f80000,0x0000000031080000)]
  0x00000000307cd1b0 JavaThread "C2 CompilerThread0" daemon [_thread_blocked, id=8696, stack(0x0000000031080000,0x0000000031180000)]
  0x00000000307cdd70 JavaThread "C1 CompilerThread0" daemon [_thread_blocked, id=2672, stack(0x0000000031180000,0x0000000031280000)]
  0x00000000307cf770 JavaThread "Sweeper thread" daemon [_thread_blocked, id=2688, stack(0x0000000031280000,0x0000000031380000)]
  0x00000000309a21a0 JavaThread "Common-Cleaner" daemon [_thread_blocked, id=8712, stack(0x0000000031380000,0x0000000031480000)]
  0x00000000309ce200 JavaThread "Service Thread" daemon [_thread_blocked, id=8812, stack(0x0000000031480000,0x0000000031580000)]
  0x0000000032d05ff0 JavaThread "ForkJoinPool.commonPool-worker-19" daemon [_thread_blocked, id=11572, stack(0x0000000035680000,0x0000000035780000)]
  0x00000000322e5f30 JavaThread "neo4j.Scheduler-1" daemon [_thread_blocked, id=11876, stack(0x0000000035780000,0x0000000035880000)]
  0x0000000032c54b60 JavaThread "Cleaner-0" daemon [_thread_blocked, id=12040, stack(0x0000000036df0000,0x0000000036ef0000)]
  0x000000003217e2b0 JavaThread "FileSystemWatchService" daemon [_thread_in_native, id=13380, stack(0x0000000035880000,0x0000000035980000)]
  0x00000000361522d0 JavaThread "neo4j.VmPauseMonitor-1" daemon [_thread_blocked, id=14048, stack(0x000000003b9b0000,0x000000003bab0000)]
  0x000000003614af50 JavaThread "MuninnPageCache[1]-EvictionTask" daemon [_thread_blocked, id=14144, stack(0x000000003cd80000,0x000000003ce80000)]
  0x00000000321ffd90 JavaThread "neo4j.CheckPoint-5" daemon [_thread_blocked, id=18356, stack(0x000000003d080000,0x000000003d180000)]
  0x00000000321fb560 JavaThread "neo4j.CheckPoint-7" daemon [_thread_blocked, id=10372, stack(0x000000003b2b0000,0x000000003b3b0000)]
  0x00000000321fdbe0 JavaThread "neo4j.ServerTransactionTimeout-5" daemon [_thread_blocked, id=19096, stack(0x0000000041900000,0x0000000041a00000)]
  0x00000000321ff3f0 JavaThread "neo4j.StorageMaintenance-59" daemon [_thread_blocked, id=15796, stack(0x0000000000f90000,0x0000000001090000)]
  0x00000000321fef20 JavaThread "neo4j.TransactionTimeoutMonitor-35" daemon [_thread_blocked, id=14948, stack(0x0000000042030000,0x0000000042130000)]
  0x00000000321fe580 JavaThread "neo4j.IndexSampling-17" daemon [_thread_blocked, id=10100, stack(0x0000000042130000,0x0000000042230000)]
  0x00000000321fd240 JavaThread "neo4j.TransactionTimeoutMonitor-36" daemon [_thread_blocked, id=17984, stack(0x0000000042430000,0x0000000042530000)]
  0x00000000324d3b70 JavaThread "DestroyJavaVM" [_thread_blocked, id=12560, stack(0x0000000001be0000,0x0000000001ce0000)]
=>0x00000000324d5380 JavaThread "globalEventExecutor-1-2" [_thread_in_vm, id=17784, stack(0x0000000000e20000,0x0000000000f20000)]

Other Threads:
  0x0000000030792e80 VMThread "VM Thread" [stack: 0x0000000030a80000,0x0000000030b80000] [id=8412]
  0x000000003093a850 WatcherThread [stack: 0x0000000031580000,0x0000000031680000] [id=9068]
  0x0000000002516bb0 GCTaskThread "GC Thread#0" [stack: 0x0000000001ef0000,0x0000000001ff0000] [id=8932]
  0x00000000320623c0 GCTaskThread "GC Thread#1" [stack: 0x0000000032f50000,0x0000000033050000] [id=10280]
  0x0000000031f77b30 GCTaskThread "GC Thread#2" [stack: 0x0000000033050000,0x0000000033150000] [id=10284]
  0x0000000031f97020 GCTaskThread "GC Thread#3" [stack: 0x0000000033150000,0x0000000033250000] [id=10288]
  0x0000000031f97360 GCTaskThread "GC Thread#4" [stack: 0x0000000033250000,0x0000000033350000] [id=10296]
  0x0000000031ff6030 GCTaskThread "GC Thread#5" [stack: 0x0000000033350000,0x0000000033450000] [id=10304]
  0x0000000031ff6780 GCTaskThread "GC Thread#6" [stack: 0x0000000033450000,0x0000000033550000] [id=10308]
  0x00000000320b96d0 GCTaskThread "GC Thread#7" [stack: 0x0000000033550000,0x0000000033650000] [id=10312]
  0x00000000320b9a10 GCTaskThread "GC Thread#8" [stack: 0x0000000033650000,0x0000000033750000] [id=10316]
  0x00000000320b9d50 GCTaskThread "GC Thread#9" [stack: 0x0000000033750000,0x0000000033850000] [id=10320]
  0x0000000002594330 ConcurrentGCThread "G1 Main Marker" [stack: 0x000000002cde0000,0x000000002cee0000] [id=8936]
  0x000000000259bf50 ConcurrentGCThread "G1 Conc#0" [stack: 0x000000002cee0000,0x000000002cfe0000] [id=8940]
  0x000000003234c030 ConcurrentGCThread "G1 Conc#1" [stack: 0x0000000032e50000,0x0000000032f50000] [id=11496]
  0x000000003263ee30 ConcurrentGCThread "G1 Conc#2" [stack: 0x0000000033d50000,0x0000000033e50000] [id=11500]
  0x000000002fbf5f90 ConcurrentGCThread "G1 Refine#0" [stack: 0x000000002fc80000,0x000000002fd80000] [id=9204]
  0x000000002fbf67e0 ConcurrentGCThread "G1 Young RemSet Sampling" [stack: 0x000000002fd80000,0x000000002fe80000] [id=9208]

Threads with active compile tasks:

VM state:not at safepoint (normal execution)

VM Mutex/Monitor currently owned by a thread: None

Heap address: 0x0000000603000000, size: 8144 MB, Compressed Oops mode: Zero based, Oop shift amount: 3
Narrow klass base: 0x0000000800000000, Narrow klass shift: 0
Compressed class space size: 1073741824 Address: 0x0000000800000000

Heap:
 garbage-first heap   total 522240K, used 317059K [0x0000000603000000, 0x0000000800000000)
  region size 2048K, 139 young (284672K), 1 survivors (2048K)
 Metaspace       used 73622K, capacity 76212K, committed 76364K, reserved 1114112K
  class space    used 9614K, capacity 10772K, committed 10828K, reserved 1048576K
Heap Regions: E=young(eden), S=young(survivor), O=old, HS=humongous(starts), HC=humongous(continues), CS=collection set, F=free, A=archive, TAMS=top-at-mark-start (previous, next)
|   0|0x0000000603000000, 0x0000000603200000, 0x0000000603200000|100%| O|  |TAMS 0x0000000603200000, 0x0000000603000000| Untracked 
|   1|0x0000000603200000, 0x0000000603400000, 0x0000000603400000|100%| O|  |TAMS 0x0000000603400000, 0x0000000603200000| Untracked 
|   2|0x0000000603400000, 0x0000000603600000, 0x0000000603600000|100%| O|  |TAMS 0x0000000603600000, 0x0000000603400000| Untracked 
|   3|0x0000000603600000, 0x0000000603800000, 0x0000000603800000|100%| O|  |TAMS 0x0000000603800000, 0x0000000603600000| Untracked 
|   4|0x0000000603800000, 0x0000000603a00000, 0x0000000603a00000|100%| O|  |TAMS 0x0000000603a00000, 0x0000000603800000| Untracked 
|   5|0x0000000603a00000, 0x0000000603c00000, 0x0000000603c00000|100%| O|  |TAMS 0x0000000603c00000, 0x0000000603a00000| Untracked 
|   6|0x0000000603c00000, 0x0000000603e00000, 0x0000000603e00000|100%| O|  |TAMS 0x0000000603cda200, 0x0000000603c00000| Untracked 
|   7|0x0000000603e00000, 0x0000000604000000, 0x0000000604000000|100%| O|  |TAMS 0x0000000603e00000, 0x0000000603e00000| Untracked 
|   8|0x0000000604000000, 0x0000000604200000, 0x0000000604200000|100%| O|  |TAMS 0x0000000604000000, 0x0000000604000000| Untracked 
|   9|0x0000000604200000, 0x00000006043ffff8, 0x0000000604400000| 99%| O|  |TAMS 0x0000000604200000, 0x0000000604200000| Untracked 
|  10|0x0000000604400000, 0x0000000604600000, 0x0000000604600000|100%| O|  |TAMS 0x0000000604400000, 0x0000000604400000| Untracked 
|  11|0x0000000604600000, 0x0000000604800000, 0x0000000604800000|100%| O|  |TAMS 0x0000000604600000, 0x0000000604600000| Untracked 
|  12|0x0000000604800000, 0x0000000604a00000, 0x0000000604a00000|100%| O|  |TAMS 0x0000000604800000, 0x0000000604800000| Untracked 
|  13|0x0000000604a00000, 0x0000000604c00000, 0x0000000604c00000|100%| O|  |TAMS 0x0000000604a00000, 0x0000000604a00000| Untracked 
|  14|0x0000000604c00000, 0x0000000604e00000, 0x0000000604e00000|100%| O|  |TAMS 0x0000000604c00000, 0x0000000604c00000| Untracked 
|  15|0x0000000604e00000, 0x0000000605000000, 0x0000000605000000|100%| O|  |TAMS 0x0000000604e00000, 0x0000000604e00000| Untracked 
|  16|0x0000000605000000, 0x0000000605200000, 0x0000000605200000|100%| O|  |TAMS 0x0000000605000000, 0x0000000605000000| Untracked 
|  17|0x0000000605200000, 0x0000000605399c00, 0x0000000605400000| 80%| O|  |TAMS 0x0000000605200000, 0x0000000605200000| Untracked 
|  18|0x0000000605400000, 0x0000000605400000, 0x0000000605600000|  0%| F|  |TAMS 0x0000000605400000, 0x0000000605400000| Untracked 
|  19|0x0000000605600000, 0x0000000605600000, 0x0000000605800000|  0%| F|  |TAMS 0x0000000605600000, 0x0000000605600000| Untracked 
|  20|0x0000000605800000, 0x0000000605800000, 0x0000000605a00000|  0%| F|  |TAMS 0x0000000605800000, 0x0000000605800000| Untracked 
|  21|0x0000000605a00000, 0x0000000605a00000, 0x0000000605c00000|  0%| F|  |TAMS 0x0000000605a00000, 0x0000000605a00000| Untracked 
|  22|0x0000000605c00000, 0x0000000605c00000, 0x0000000605e00000|  0%| F|  |TAMS 0x0000000605c00000, 0x0000000605c00000| Untracked 
|  23|0x0000000605e00000, 0x0000000605e00000, 0x0000000606000000|  0%| F|  |TAMS 0x0000000605e00000, 0x0000000605e00000| Untracked 
|  24|0x0000000606000000, 0x0000000606000000, 0x0000000606200000|  0%| F|  |TAMS 0x0000000606000000, 0x0000000606000000| Untracked 
|  25|0x0000000606200000, 0x0000000606200000, 0x0000000606400000|  0%| F|  |TAMS 0x0000000606200000, 0x0000000606200000| Untracked 
|  26|0x0000000606400000, 0x0000000606400000, 0x0000000606600000|  0%| F|  |TAMS 0x0000000606400000, 0x0000000606400000| Untracked 
|  27|0x0000000606600000, 0x0000000606600000, 0x0000000606800000|  0%| F|  |TAMS 0x0000000606600000, 0x0000000606600000| Untracked 
|  28|0x0000000606800000, 0x0000000606800000, 0x0000000606a00000|  0%| F|  |TAMS 0x0000000606800000, 0x0000000606800000| Untracked 
|  29|0x0000000606a00000, 0x0000000606a00000, 0x0000000606c00000|  0%| F|  |TAMS 0x0000000606a00000, 0x0000000606a00000| Untracked 
|  30|0x0000000606c00000, 0x0000000606c00000, 0x0000000606e00000|  0%| F|  |TAMS 0x0000000606c00000, 0x0000000606c00000| Untracked 
|  31|0x0000000606e00000, 0x0000000606e00000, 0x0000000607000000|  0%| F|  |TAMS 0x0000000606e00000, 0x0000000606e00000| Untracked 
|  32|0x0000000607000000, 0x0000000607000000, 0x0000000607200000|  0%| F|  |TAMS 0x0000000607000000, 0x0000000607000000| Untracked 
|  33|0x0000000607200000, 0x0000000607200000, 0x0000000607400000|  0%| F|  |TAMS 0x0000000607200000, 0x0000000607200000| Untracked 
|  34|0x0000000607400000, 0x0000000607400000, 0x0000000607600000|  0%| F|  |TAMS 0x0000000607400000, 0x0000000607400000| Untracked 
|  35|0x0000000607600000, 0x0000000607600000, 0x0000000607800000|  0%| F|  |TAMS 0x0000000607600000, 0x0000000607600000| Untracked 
|  36|0x0000000607800000, 0x0000000607800000, 0x0000000607a00000|  0%| F|  |TAMS 0x0000000607800000, 0x0000000607800000| Untracked 
|  37|0x0000000607a00000, 0x0000000607a00000, 0x0000000607c00000|  0%| F|  |TAMS 0x0000000607a00000, 0x0000000607a00000| Untracked 
|  38|0x0000000607c00000, 0x0000000607c00000, 0x0000000607e00000|  0%| F|  |TAMS 0x0000000607c00000, 0x0000000607c00000| Untracked 
|  39|0x0000000607e00000, 0x0000000607e00000, 0x0000000608000000|  0%| F|  |TAMS 0x0000000607e00000, 0x0000000607e00000| Untracked 
|  40|0x0000000608000000, 0x0000000608000000, 0x0000000608200000|  0%| F|  |TAMS 0x0000000608000000, 0x0000000608000000| Untracked 
|  41|0x0000000608200000, 0x0000000608200000, 0x0000000608400000|  0%| F|  |TAMS 0x0000000608200000, 0x0000000608200000| Untracked 
|  42|0x0000000608400000, 0x0000000608400000, 0x0000000608600000|  0%| F|  |TAMS 0x0000000608400000, 0x0000000608400000| Untracked 
|  43|0x0000000608600000, 0x0000000608600000, 0x0000000608800000|  0%| F|  |TAMS 0x0000000608600000, 0x0000000608600000| Untracked 
|  44|0x0000000608800000, 0x0000000608800000, 0x0000000608a00000|  0%| F|  |TAMS 0x0000000608800000, 0x0000000608800000| Untracked 
|  45|0x0000000608a00000, 0x0000000608a00000, 0x0000000608c00000|  0%| F|  |TAMS 0x0000000608a00000, 0x0000000608a00000| Untracked 
|  46|0x0000000608c00000, 0x0000000608c00000, 0x0000000608e00000|  0%| F|  |TAMS 0x0000000608c00000, 0x0000000608c00000| Untracked 
|  47|0x0000000608e00000, 0x0000000608e00000, 0x0000000609000000|  0%| F|  |TAMS 0x0000000608e00000, 0x0000000608e00000| Untracked 
|  48|0x0000000609000000, 0x0000000609000000, 0x0000000609200000|  0%| F|  |TAMS 0x0000000609000000, 0x0000000609000000| Untracked 
|  49|0x0000000609200000, 0x0000000609200000, 0x0000000609400000|  0%| F|  |TAMS 0x0000000609200000, 0x0000000609200000| Untracked 
|  50|0x0000000609400000, 0x0000000609400000, 0x0000000609600000|  0%| F|  |TAMS 0x0000000609400000, 0x0000000609400000| Untracked 
|  51|0x0000000609600000, 0x0000000609600000, 0x0000000609800000|  0%| F|  |TAMS 0x0000000609600000, 0x0000000609600000| Untracked 
|  52|0x0000000609800000, 0x0000000609800000, 0x0000000609a00000|  0%| F|  |TAMS 0x0000000609800000, 0x0000000609800000| Untracked 
|  53|0x0000000609a00000, 0x0000000609a00000, 0x0000000609c00000|  0%| F|  |TAMS 0x0000000609a00000, 0x0000000609a00000| Untracked 
|  54|0x0000000609c00000, 0x0000000609c00000, 0x0000000609e00000|  0%| F|  |TAMS 0x0000000609c00000, 0x0000000609c00000| Untracked 
|  55|0x0000000609e00000, 0x0000000609e00000, 0x000000060a000000|  0%| F|  |TAMS 0x0000000609e00000, 0x0000000609e00000| Untracked 
|  56|0x000000060a000000, 0x000000060a000000, 0x000000060a200000|  0%| F|  |TAMS 0x000000060a000000, 0x000000060a000000| Untracked 
|  57|0x000000060a200000, 0x000000060a200000, 0x000000060a400000|  0%| F|  |TAMS 0x000000060a200000, 0x000000060a200000| Untracked 
|  58|0x000000060a400000, 0x000000060a400000, 0x000000060a600000|  0%| F|  |TAMS 0x000000060a400000, 0x000000060a400000| Untracked 
|  59|0x000000060a600000, 0x000000060a600000, 0x000000060a800000|  0%| F|  |TAMS 0x000000060a600000, 0x000000060a600000| Untracked 
|  60|0x000000060a800000, 0x000000060a800000, 0x000000060aa00000|  0%| F|  |TAMS 0x000000060a800000, 0x000000060a800000| Untracked 
|  61|0x000000060aa00000, 0x000000060aa00000, 0x000000060ac00000|  0%| F|  |TAMS 0x000000060aa00000, 0x000000060aa00000| Untracked 
|  62|0x000000060ac00000, 0x000000060ac00000, 0x000000060ae00000|  0%| F|  |TAMS 0x000000060ac00000, 0x000000060ac00000| Untracked 
|  63|0x000000060ae00000, 0x000000060ae00000, 0x000000060b000000|  0%| F|  |TAMS 0x000000060ae00000, 0x000000060ae00000| Untracked 
|  64|0x000000060b000000, 0x000000060b000000, 0x000000060b200000|  0%| F|  |TAMS 0x000000060b000000, 0x000000060b000000| Untracked 
|  65|0x000000060b200000, 0x000000060b200000, 0x000000060b400000|  0%| F|  |TAMS 0x000000060b200000, 0x000000060b200000| Untracked 
|  66|0x000000060b400000, 0x000000060b400000, 0x000000060b600000|  0%| F|  |TAMS 0x000000060b400000, 0x000000060b400000| Untracked 
|  67|0x000000060b600000, 0x000000060b600000, 0x000000060b800000|  0%| F|  |TAMS 0x000000060b600000, 0x000000060b600000| Untracked 
|  68|0x000000060b800000, 0x000000060b800000, 0x000000060ba00000|  0%| F|  |TAMS 0x000000060b800000, 0x000000060b800000| Untracked 
|  69|0x000000060ba00000, 0x000000060ba00000, 0x000000060bc00000|  0%| F|  |TAMS 0x000000060ba00000, 0x000000060ba00000| Untracked 
|  70|0x000000060bc00000, 0x000000060bc00000, 0x000000060be00000|  0%| F|  |TAMS 0x000000060bc00000, 0x000000060bc00000| Untracked 
|  71|0x000000060be00000, 0x000000060be00000, 0x000000060c000000|  0%| F|  |TAMS 0x000000060be00000, 0x000000060be00000| Untracked 
|  72|0x000000060c000000, 0x000000060c000000, 0x000000060c200000|  0%| F|  |TAMS 0x000000060c000000, 0x000000060c000000| Untracked 
|  73|0x000000060c200000, 0x000000060c200000, 0x000000060c400000|  0%| F|  |TAMS 0x000000060c200000, 0x000000060c200000| Untracked 
|  74|0x000000060c400000, 0x000000060c400000, 0x000000060c600000|  0%| F|  |TAMS 0x000000060c400000, 0x000000060c400000| Untracked 
|  75|0x000000060c600000, 0x000000060c600000, 0x000000060c800000|  0%| F|  |TAMS 0x000000060c600000, 0x000000060c600000| Untracked 
|  76|0x000000060c800000, 0x000000060c800000, 0x000000060ca00000|  0%| F|  |TAMS 0x000000060c800000, 0x000000060c800000| Untracked 
|  77|0x000000060ca00000, 0x000000060ca00000, 0x000000060cc00000|  0%| F|  |TAMS 0x000000060ca00000, 0x000000060ca00000| Untracked 
|  78|0x000000060cc00000, 0x000000060cc00000, 0x000000060ce00000|  0%| F|  |TAMS 0x000000060cc00000, 0x000000060cc00000| Untracked 
|  79|0x000000060ce00000, 0x000000060ce00000, 0x000000060d000000|  0%| F|  |TAMS 0x000000060ce00000, 0x000000060ce00000| Untracked 
|  80|0x000000060d000000, 0x000000060d000000, 0x000000060d200000|  0%| F|  |TAMS 0x000000060d000000, 0x000000060d000000| Untracked 
|  81|0x000000060d200000, 0x000000060d200000, 0x000000060d400000|  0%| F|  |TAMS 0x000000060d200000, 0x000000060d200000| Untracked 
|  82|0x000000060d400000, 0x000000060d400000, 0x000000060d600000|  0%| F|  |TAMS 0x000000060d400000, 0x000000060d400000| Untracked 
|  83|0x000000060d600000, 0x000000060d600000, 0x000000060d800000|  0%| F|  |TAMS 0x000000060d600000, 0x000000060d600000| Untracked 
|  84|0x000000060d800000, 0x000000060d800000, 0x000000060da00000|  0%| F|  |TAMS 0x000000060d800000, 0x000000060d800000| Untracked 
|  85|0x000000060da00000, 0x000000060da00000, 0x000000060dc00000|  0%| F|  |TAMS 0x000000060da00000, 0x000000060da00000| Untracked 
|  86|0x000000060dc00000, 0x000000060dc00000, 0x000000060de00000|  0%| F|  |TAMS 0x000000060dc00000, 0x000000060dc00000| Untracked 
|  87|0x000000060de00000, 0x000000060de00000, 0x000000060e000000|  0%| F|  |TAMS 0x000000060de00000, 0x000000060de00000| Untracked 
|  88|0x000000060e000000, 0x000000060e000000, 0x000000060e200000|  0%| F|  |TAMS 0x000000060e000000, 0x000000060e000000| Untracked 
|  89|0x000000060e200000, 0x000000060e200000, 0x000000060e400000|  0%| F|  |TAMS 0x000000060e200000, 0x000000060e200000| Untracked 
|  90|0x000000060e400000, 0x000000060e400000, 0x000000060e600000|  0%| F|  |TAMS 0x000000060e400000, 0x000000060e400000| Untracked 
|  91|0x000000060e600000, 0x000000060e600000, 0x000000060e800000|  0%| F|  |TAMS 0x000000060e600000, 0x000000060e600000| Untracked 
|  92|0x000000060e800000, 0x000000060e800000, 0x000000060ea00000|  0%| F|  |TAMS 0x000000060e800000, 0x000000060e800000| Untracked 
|  93|0x000000060ea00000, 0x000000060ea00000, 0x000000060ec00000|  0%| F|  |TAMS 0x000000060ea00000, 0x000000060ea00000| Untracked 
|  94|0x000000060ec00000, 0x000000060ec00000, 0x000000060ee00000|  0%| F|  |TAMS 0x000000060ec00000, 0x000000060ec00000| Untracked 
|  95|0x000000060ee00000, 0x000000060ee00000, 0x000000060f000000|  0%| F|  |TAMS 0x000000060ee00000, 0x000000060ee00000| Untracked 
|  96|0x000000060f000000, 0x000000060f000000, 0x000000060f200000|  0%| F|  |TAMS 0x000000060f000000, 0x000000060f000000| Untracked 
|  97|0x000000060f200000, 0x000000060f200000, 0x000000060f400000|  0%| F|  |TAMS 0x000000060f200000, 0x000000060f200000| Untracked 
|  98|0x000000060f400000, 0x000000060f400000, 0x000000060f600000|  0%| F|  |TAMS 0x000000060f400000, 0x000000060f400000| Untracked 
|  99|0x000000060f600000, 0x000000060f600000, 0x000000060f800000|  0%| F|  |TAMS 0x000000060f600000, 0x000000060f600000| Untracked 
| 100|0x000000060f800000, 0x000000060f800000, 0x000000060fa00000|  0%| F|  |TAMS 0x000000060f800000, 0x000000060f800000| Untracked 
| 101|0x000000060fa00000, 0x000000060fa00000, 0x000000060fc00000|  0%| F|  |TAMS 0x000000060fa00000, 0x000000060fa00000| Untracked 
| 102|0x000000060fc00000, 0x000000060fc071f8, 0x000000060fe00000|  1%| S|CS|TAMS 0x000000060fc00000, 0x000000060fc00000| Complete 
| 103|0x000000060fe00000, 0x000000060fe00000, 0x0000000610000000|  0%| F|  |TAMS 0x000000060fe00000, 0x000000060fe00000| Untracked 
| 104|0x0000000610000000, 0x0000000610000000, 0x0000000610200000|  0%| F|  |TAMS 0x0000000610000000, 0x0000000610000000| Untracked 
| 105|0x0000000610200000, 0x0000000610200000, 0x0000000610400000|  0%| F|  |TAMS 0x0000000610200000, 0x0000000610200000| Untracked 
| 106|0x0000000610400000, 0x0000000610400000, 0x0000000610600000|  0%| F|  |TAMS 0x0000000610400000, 0x0000000610400000| Untracked 
| 107|0x0000000610600000, 0x0000000610600000, 0x0000000610800000|  0%| F|  |TAMS 0x0000000610600000, 0x0000000610600000| Untracked 
| 108|0x0000000610800000, 0x0000000610800000, 0x0000000610a00000|  0%| F|  |TAMS 0x0000000610800000, 0x0000000610800000| Untracked 
| 109|0x0000000610a00000, 0x0000000610a00000, 0x0000000610c00000|  0%| F|  |TAMS 0x0000000610a00000, 0x0000000610a00000| Untracked 
| 110|0x0000000610c00000, 0x0000000610c00000, 0x0000000610e00000|  0%| F|  |TAMS 0x0000000610c00000, 0x0000000610c00000| Untracked 
| 111|0x0000000610e00000, 0x0000000610e00000, 0x0000000611000000|  0%| F|  |TAMS 0x0000000610e00000, 0x0000000610e00000| Untracked 
| 112|0x0000000611000000, 0x0000000611000000, 0x0000000611200000|  0%| F|  |TAMS 0x0000000611000000, 0x0000000611000000| Untracked 
| 113|0x0000000611200000, 0x0000000611200000, 0x0000000611400000|  0%| F|  |TAMS 0x0000000611200000, 0x0000000611200000| Untracked 
| 114|0x0000000611400000, 0x0000000611400000, 0x0000000611600000|  0%| F|  |TAMS 0x0000000611400000, 0x0000000611400000| Untracked 
| 115|0x0000000611600000, 0x0000000611600000, 0x0000000611800000|  0%| F|  |TAMS 0x0000000611600000, 0x0000000611600000| Untracked 
| 116|0x0000000611800000, 0x0000000611800000, 0x0000000611a00000|  0%| F|  |TAMS 0x0000000611800000, 0x0000000611800000| Untracked 
| 117|0x0000000611a00000, 0x0000000611c00000, 0x0000000611c00000|100%| E|  |TAMS 0x0000000611a00000, 0x0000000611a00000| Complete 
| 118|0x0000000611c00000, 0x0000000611e00000, 0x0000000611e00000|100%| E|CS|TAMS 0x0000000611c00000, 0x0000000611c00000| Complete 
| 119|0x0000000611e00000, 0x0000000612000000, 0x0000000612000000|100%| E|CS|TAMS 0x0000000611e00000, 0x0000000611e00000| Complete 
| 120|0x0000000612000000, 0x0000000612200000, 0x0000000612200000|100%| E|CS|TAMS 0x0000000612000000, 0x0000000612000000| Complete 
| 121|0x0000000612200000, 0x0000000612400000, 0x0000000612400000|100%| E|CS|TAMS 0x0000000612200000, 0x0000000612200000| Complete 
| 122|0x0000000612400000, 0x0000000612600000, 0x0000000612600000|100%| E|CS|TAMS 0x0000000612400000, 0x0000000612400000| Complete 
| 123|0x0000000612600000, 0x0000000612800000, 0x0000000612800000|100%| E|CS|TAMS 0x0000000612600000, 0x0000000612600000| Complete 
| 124|0x0000000612800000, 0x0000000612a00000, 0x0000000612a00000|100%| E|CS|TAMS 0x0000000612800000, 0x0000000612800000| Complete 
| 125|0x0000000612a00000, 0x0000000612c00000, 0x0000000612c00000|100%| E|CS|TAMS 0x0000000612a00000, 0x0000000612a00000| Complete 
| 126|0x0000000612c00000, 0x0000000612e00000, 0x0000000612e00000|100%| E|CS|TAMS 0x0000000612c00000, 0x0000000612c00000| Complete 
| 127|0x0000000612e00000, 0x0000000613000000, 0x0000000613000000|100%| E|CS|TAMS 0x0000000612e00000, 0x0000000612e00000| Complete 
| 128|0x0000000613000000, 0x0000000613200000, 0x0000000613200000|100%| E|CS|TAMS 0x0000000613000000, 0x0000000613000000| Complete 
| 129|0x0000000613200000, 0x0000000613400000, 0x0000000613400000|100%| E|CS|TAMS 0x0000000613200000, 0x0000000613200000| Complete 
| 130|0x0000000613400000, 0x0000000613600000, 0x0000000613600000|100%| E|CS|TAMS 0x0000000613400000, 0x0000000613400000| Complete 
| 131|0x0000000613600000, 0x0000000613800000, 0x0000000613800000|100%| E|CS|TAMS 0x0000000613600000, 0x0000000613600000| Complete 
| 132|0x0000000613800000, 0x0000000613a00000, 0x0000000613a00000|100%| E|CS|TAMS 0x0000000613800000, 0x0000000613800000| Complete 
| 133|0x0000000613a00000, 0x0000000613c00000, 0x0000000613c00000|100%| E|CS|TAMS 0x0000000613a00000, 0x0000000613a00000| Complete 
| 134|0x0000000613c00000, 0x0000000613e00000, 0x0000000613e00000|100%| E|CS|TAMS 0x0000000613c00000, 0x0000000613c00000| Complete 
| 135|0x0000000613e00000, 0x0000000614000000, 0x0000000614000000|100%| E|CS|TAMS 0x0000000613e00000, 0x0000000613e00000| Complete 
| 136|0x0000000614000000, 0x0000000614200000, 0x0000000614200000|100%| E|CS|TAMS 0x0000000614000000, 0x0000000614000000| Complete 
| 137|0x0000000614200000, 0x0000000614400000, 0x0000000614400000|100%| E|CS|TAMS 0x0000000614200000, 0x0000000614200000| Complete 
| 138|0x0000000614400000, 0x0000000614600000, 0x0000000614600000|100%| E|CS|TAMS 0x0000000614400000, 0x0000000614400000| Complete 
| 139|0x0000000614600000, 0x0000000614800000, 0x0000000614800000|100%| E|CS|TAMS 0x0000000614600000, 0x0000000614600000| Complete 
| 140|0x0000000614800000, 0x0000000614a00000, 0x0000000614a00000|100%| E|CS|TAMS 0x0000000614800000, 0x0000000614800000| Complete 
| 141|0x0000000614a00000, 0x0000000614c00000, 0x0000000614c00000|100%| E|CS|TAMS 0x0000000614a00000, 0x0000000614a00000| Complete 
| 142|0x0000000614c00000, 0x0000000614e00000, 0x0000000614e00000|100%| E|CS|TAMS 0x0000000614c00000, 0x0000000614c00000| Complete 
| 143|0x0000000614e00000, 0x0000000615000000, 0x0000000615000000|100%| E|CS|TAMS 0x0000000614e00000, 0x0000000614e00000| Complete 
| 144|0x0000000615000000, 0x0000000615200000, 0x0000000615200000|100%| E|CS|TAMS 0x0000000615000000, 0x0000000615000000| Complete 
| 145|0x0000000615200000, 0x0000000615400000, 0x0000000615400000|100%| E|CS|TAMS 0x0000000615200000, 0x0000000615200000| Complete 
| 146|0x0000000615400000, 0x0000000615600000, 0x0000000615600000|100%| E|CS|TAMS 0x0000000615400000, 0x0000000615400000| Complete 
| 147|0x0000000615600000, 0x0000000615800000, 0x0000000615800000|100%| E|CS|TAMS 0x0000000615600000, 0x0000000615600000| Complete 
| 148|0x0000000615800000, 0x0000000615a00000, 0x0000000615a00000|100%| E|CS|TAMS 0x0000000615800000, 0x0000000615800000| Complete 
| 149|0x0000000615a00000, 0x0000000615c00000, 0x0000000615c00000|100%| E|CS|TAMS 0x0000000615a00000, 0x0000000615a00000| Complete 
| 150|0x0000000615c00000, 0x0000000615e00000, 0x0000000615e00000|100%| E|CS|TAMS 0x0000000615c00000, 0x0000000615c00000| Complete 
| 151|0x0000000615e00000, 0x0000000616000000, 0x0000000616000000|100%| E|CS|TAMS 0x0000000615e00000, 0x0000000615e00000| Complete 
| 152|0x0000000616000000, 0x0000000616200000, 0x0000000616200000|100%| E|CS|TAMS 0x0000000616000000, 0x0000000616000000| Complete 
| 153|0x0000000616200000, 0x0000000616400000, 0x0000000616400000|100%| E|CS|TAMS 0x0000000616200000, 0x0000000616200000| Complete 
| 154|0x0000000616400000, 0x0000000616600000, 0x0000000616600000|100%| E|CS|TAMS 0x0000000616400000, 0x0000000616400000| Complete 
| 155|0x0000000616600000, 0x0000000616800000, 0x0000000616800000|100%| E|CS|TAMS 0x0000000616600000, 0x0000000616600000| Complete 
| 156|0x0000000616800000, 0x0000000616a00000, 0x0000000616a00000|100%| E|CS|TAMS 0x0000000616800000, 0x0000000616800000| Complete 
| 157|0x0000000616a00000, 0x0000000616c00000, 0x0000000616c00000|100%| E|CS|TAMS 0x0000000616a00000, 0x0000000616a00000| Complete 
| 158|0x0000000616c00000, 0x0000000616e00000, 0x0000000616e00000|100%| E|CS|TAMS 0x0000000616c00000, 0x0000000616c00000| Complete 
| 159|0x0000000616e00000, 0x0000000617000000, 0x0000000617000000|100%| E|CS|TAMS 0x0000000616e00000, 0x0000000616e00000| Complete 
| 160|0x0000000617000000, 0x0000000617200000, 0x0000000617200000|100%| E|CS|TAMS 0x0000000617000000, 0x0000000617000000| Complete 
| 161|0x0000000617200000, 0x0000000617400000, 0x0000000617400000|100%| E|CS|TAMS 0x0000000617200000, 0x0000000617200000| Complete 
| 162|0x0000000617400000, 0x0000000617600000, 0x0000000617600000|100%| E|CS|TAMS 0x0000000617400000, 0x0000000617400000| Complete 
| 163|0x0000000617600000, 0x0000000617800000, 0x0000000617800000|100%| E|CS|TAMS 0x0000000617600000, 0x0000000617600000| Complete 
| 164|0x0000000617800000, 0x0000000617a00000, 0x0000000617a00000|100%| E|CS|TAMS 0x0000000617800000, 0x0000000617800000| Complete 
| 165|0x0000000617a00000, 0x0000000617c00000, 0x0000000617c00000|100%| E|CS|TAMS 0x0000000617a00000, 0x0000000617a00000| Complete 
| 166|0x0000000617c00000, 0x0000000617e00000, 0x0000000617e00000|100%| E|CS|TAMS 0x0000000617c00000, 0x0000000617c00000| Complete 
| 167|0x0000000617e00000, 0x0000000618000000, 0x0000000618000000|100%| E|CS|TAMS 0x0000000617e00000, 0x0000000617e00000| Complete 
| 168|0x0000000618000000, 0x0000000618200000, 0x0000000618200000|100%| E|CS|TAMS 0x0000000618000000, 0x0000000618000000| Complete 
| 169|0x0000000618200000, 0x0000000618400000, 0x0000000618400000|100%| E|CS|TAMS 0x0000000618200000, 0x0000000618200000| Complete 
| 170|0x0000000618400000, 0x0000000618600000, 0x0000000618600000|100%| E|CS|TAMS 0x0000000618400000, 0x0000000618400000| Complete 
| 171|0x0000000618600000, 0x0000000618800000, 0x0000000618800000|100%| E|CS|TAMS 0x0000000618600000, 0x0000000618600000| Complete 
| 172|0x0000000618800000, 0x0000000618a00000, 0x0000000618a00000|100%| E|CS|TAMS 0x0000000618800000, 0x0000000618800000| Complete 
| 173|0x0000000618a00000, 0x0000000618c00000, 0x0000000618c00000|100%| E|CS|TAMS 0x0000000618a00000, 0x0000000618a00000| Complete 
| 174|0x0000000618c00000, 0x0000000618e00000, 0x0000000618e00000|100%| E|CS|TAMS 0x0000000618c00000, 0x0000000618c00000| Complete 
| 175|0x0000000618e00000, 0x0000000619000000, 0x0000000619000000|100%| E|CS|TAMS 0x0000000618e00000, 0x0000000618e00000| Complete 
| 176|0x0000000619000000, 0x0000000619200000, 0x0000000619200000|100%| E|CS|TAMS 0x0000000619000000, 0x0000000619000000| Complete 
| 177|0x0000000619200000, 0x0000000619400000, 0x0000000619400000|100%| E|CS|TAMS 0x0000000619200000, 0x0000000619200000| Complete 
| 178|0x0000000619400000, 0x0000000619600000, 0x0000000619600000|100%| E|CS|TAMS 0x0000000619400000, 0x0000000619400000| Complete 
| 179|0x0000000619600000, 0x0000000619800000, 0x0000000619800000|100%| E|CS|TAMS 0x0000000619600000, 0x0000000619600000| Complete 
| 180|0x0000000619800000, 0x0000000619a00000, 0x0000000619a00000|100%| E|CS|TAMS 0x0000000619800000, 0x0000000619800000| Complete 
| 181|0x0000000619a00000, 0x0000000619c00000, 0x0000000619c00000|100%| E|CS|TAMS 0x0000000619a00000, 0x0000000619a00000| Complete 
| 182|0x0000000619c00000, 0x0000000619e00000, 0x0000000619e00000|100%| E|CS|TAMS 0x0000000619c00000, 0x0000000619c00000| Complete 
| 183|0x0000000619e00000, 0x000000061a000000, 0x000000061a000000|100%| E|CS|TAMS 0x0000000619e00000, 0x0000000619e00000| Complete 
| 184|0x000000061a000000, 0x000000061a200000, 0x000000061a200000|100%| E|CS|TAMS 0x000000061a000000, 0x000000061a000000| Complete 
| 185|0x000000061a200000, 0x000000061a400000, 0x000000061a400000|100%| E|CS|TAMS 0x000000061a200000, 0x000000061a200000| Complete 
| 186|0x000000061a400000, 0x000000061a600000, 0x000000061a600000|100%| E|CS|TAMS 0x000000061a400000, 0x000000061a400000| Complete 
| 187|0x000000061a600000, 0x000000061a800000, 0x000000061a800000|100%| E|CS|TAMS 0x000000061a600000, 0x000000061a600000| Complete 
| 188|0x000000061a800000, 0x000000061aa00000, 0x000000061aa00000|100%| E|CS|TAMS 0x000000061a800000, 0x000000061a800000| Complete 
| 189|0x000000061aa00000, 0x000000061ac00000, 0x000000061ac00000|100%| E|CS|TAMS 0x000000061aa00000, 0x000000061aa00000| Complete 
| 190|0x000000061ac00000, 0x000000061ae00000, 0x000000061ae00000|100%| E|CS|TAMS 0x000000061ac00000, 0x000000061ac00000| Complete 
| 191|0x000000061ae00000, 0x000000061b000000, 0x000000061b000000|100%| E|CS|TAMS 0x000000061ae00000, 0x000000061ae00000| Complete 
| 192|0x000000061b000000, 0x000000061b200000, 0x000000061b200000|100%| E|CS|TAMS 0x000000061b000000, 0x000000061b000000| Complete 
| 193|0x000000061b200000, 0x000000061b400000, 0x000000061b400000|100%| E|CS|TAMS 0x000000061b200000, 0x000000061b200000| Complete 
| 194|0x000000061b400000, 0x000000061b600000, 0x000000061b600000|100%| E|CS|TAMS 0x000000061b400000, 0x000000061b400000| Complete 
| 195|0x000000061b600000, 0x000000061b800000, 0x000000061b800000|100%| E|CS|TAMS 0x000000061b600000, 0x000000061b600000| Complete 
| 196|0x000000061b800000, 0x000000061ba00000, 0x000000061ba00000|100%| E|CS|TAMS 0x000000061b800000, 0x000000061b800000| Complete 
| 197|0x000000061ba00000, 0x000000061bc00000, 0x000000061bc00000|100%| E|CS|TAMS 0x000000061ba00000, 0x000000061ba00000| Complete 
| 198|0x000000061bc00000, 0x000000061be00000, 0x000000061be00000|100%| E|CS|TAMS 0x000000061bc00000, 0x000000061bc00000| Complete 
| 199|0x000000061be00000, 0x000000061c000000, 0x000000061c000000|100%| E|CS|TAMS 0x000000061be00000, 0x000000061be00000| Complete 
| 200|0x000000061c000000, 0x000000061c200000, 0x000000061c200000|100%| E|CS|TAMS 0x000000061c000000, 0x000000061c000000| Complete 
| 201|0x000000061c200000, 0x000000061c400000, 0x000000061c400000|100%| E|CS|TAMS 0x000000061c200000, 0x000000061c200000| Complete 
| 202|0x000000061c400000, 0x000000061c600000, 0x000000061c600000|100%| E|CS|TAMS 0x000000061c400000, 0x000000061c400000| Complete 
| 203|0x000000061c600000, 0x000000061c800000, 0x000000061c800000|100%| E|CS|TAMS 0x000000061c600000, 0x000000061c600000| Complete 
| 204|0x000000061c800000, 0x000000061ca00000, 0x000000061ca00000|100%| E|CS|TAMS 0x000000061c800000, 0x000000061c800000| Complete 
| 205|0x000000061ca00000, 0x000000061cc00000, 0x000000061cc00000|100%| E|CS|TAMS 0x000000061ca00000, 0x000000061ca00000| Complete 
| 206|0x000000061cc00000, 0x000000061ce00000, 0x000000061ce00000|100%| E|CS|TAMS 0x000000061cc00000, 0x000000061cc00000| Complete 
| 207|0x000000061ce00000, 0x000000061d000000, 0x000000061d000000|100%| E|CS|TAMS 0x000000061ce00000, 0x000000061ce00000| Complete 
| 208|0x000000061d000000, 0x000000061d200000, 0x000000061d200000|100%| E|CS|TAMS 0x000000061d000000, 0x000000061d000000| Complete 
| 209|0x000000061d200000, 0x000000061d400000, 0x000000061d400000|100%| E|CS|TAMS 0x000000061d200000, 0x000000061d200000| Complete 
| 210|0x000000061d400000, 0x000000061d600000, 0x000000061d600000|100%| E|CS|TAMS 0x000000061d400000, 0x000000061d400000| Complete 
| 211|0x000000061d600000, 0x000000061d800000, 0x000000061d800000|100%| E|CS|TAMS 0x000000061d600000, 0x000000061d600000| Complete 
| 212|0x000000061d800000, 0x000000061da00000, 0x000000061da00000|100%| E|CS|TAMS 0x000000061d800000, 0x000000061d800000| Complete 
| 213|0x000000061da00000, 0x000000061dc00000, 0x000000061dc00000|100%| E|CS|TAMS 0x000000061da00000, 0x000000061da00000| Complete 
| 214|0x000000061dc00000, 0x000000061de00000, 0x000000061de00000|100%| E|CS|TAMS 0x000000061dc00000, 0x000000061dc00000| Complete 
| 215|0x000000061de00000, 0x000000061e000000, 0x000000061e000000|100%| E|CS|TAMS 0x000000061de00000, 0x000000061de00000| Complete 
| 216|0x000000061e000000, 0x000000061e200000, 0x000000061e200000|100%| E|CS|TAMS 0x000000061e000000, 0x000000061e000000| Complete 
| 217|0x000000061e200000, 0x000000061e400000, 0x000000061e400000|100%| E|CS|TAMS 0x000000061e200000, 0x000000061e200000| Complete 
| 218|0x000000061e400000, 0x000000061e600000, 0x000000061e600000|100%| E|CS|TAMS 0x000000061e400000, 0x000000061e400000| Complete 
| 219|0x000000061e600000, 0x000000061e800000, 0x000000061e800000|100%| E|CS|TAMS 0x000000061e600000, 0x000000061e600000| Complete 
| 220|0x000000061e800000, 0x000000061ea00000, 0x000000061ea00000|100%| E|CS|TAMS 0x000000061e800000, 0x000000061e800000| Complete 
| 221|0x000000061ea00000, 0x000000061ec00000, 0x000000061ec00000|100%| E|CS|TAMS 0x000000061ea00000, 0x000000061ea00000| Complete 
| 222|0x000000061ec00000, 0x000000061ee00000, 0x000000061ee00000|100%| E|CS|TAMS 0x000000061ec00000, 0x000000061ec00000| Complete 
| 223|0x000000061ee00000, 0x000000061f000000, 0x000000061f000000|100%| E|CS|TAMS 0x000000061ee00000, 0x000000061ee00000| Complete 
| 224|0x000000061f000000, 0x000000061f200000, 0x000000061f200000|100%| E|CS|TAMS 0x000000061f000000, 0x000000061f000000| Complete 
| 225|0x000000061f200000, 0x000000061f400000, 0x000000061f400000|100%| E|CS|TAMS 0x000000061f200000, 0x000000061f200000| Complete 
| 226|0x000000061f400000, 0x000000061f600000, 0x000000061f600000|100%| E|CS|TAMS 0x000000061f400000, 0x000000061f400000| Complete 
| 227|0x000000061f600000, 0x000000061f800000, 0x000000061f800000|100%| E|CS|TAMS 0x000000061f600000, 0x000000061f600000| Complete 
| 228|0x000000061f800000, 0x000000061fa00000, 0x000000061fa00000|100%| E|CS|TAMS 0x000000061f800000, 0x000000061f800000| Complete 
| 229|0x000000061fa00000, 0x000000061fc00000, 0x000000061fc00000|100%| E|CS|TAMS 0x000000061fa00000, 0x000000061fa00000| Complete 
| 230|0x000000061fc00000, 0x000000061fe00000, 0x000000061fe00000|100%| E|CS|TAMS 0x000000061fc00000, 0x000000061fc00000| Complete 
| 231|0x000000061fe00000, 0x0000000620000000, 0x0000000620000000|100%| E|CS|TAMS 0x000000061fe00000, 0x000000061fe00000| Complete 
| 232|0x0000000620000000, 0x0000000620200000, 0x0000000620200000|100%| E|CS|TAMS 0x0000000620000000, 0x0000000620000000| Complete 
| 233|0x0000000620200000, 0x0000000620400000, 0x0000000620400000|100%| E|CS|TAMS 0x0000000620200000, 0x0000000620200000| Complete 
| 234|0x0000000620400000, 0x0000000620600000, 0x0000000620600000|100%| E|CS|TAMS 0x0000000620400000, 0x0000000620400000| Complete 
| 235|0x0000000620600000, 0x0000000620800000, 0x0000000620800000|100%| E|CS|TAMS 0x0000000620600000, 0x0000000620600000| Complete 
| 236|0x0000000620800000, 0x0000000620a00000, 0x0000000620a00000|100%| E|CS|TAMS 0x0000000620800000, 0x0000000620800000| Complete 
| 237|0x0000000620a00000, 0x0000000620c00000, 0x0000000620c00000|100%| E|CS|TAMS 0x0000000620a00000, 0x0000000620a00000| Complete 
| 238|0x0000000620c00000, 0x0000000620e00000, 0x0000000620e00000|100%| E|CS|TAMS 0x0000000620c00000, 0x0000000620c00000| Complete 
| 239|0x0000000620e00000, 0x0000000621000000, 0x0000000621000000|100%| E|CS|TAMS 0x0000000620e00000, 0x0000000620e00000| Complete 
| 240|0x0000000621000000, 0x0000000621200000, 0x0000000621200000|100%| E|CS|TAMS 0x0000000621000000, 0x0000000621000000| Complete 
| 241|0x0000000621200000, 0x0000000621400000, 0x0000000621400000|100%| E|CS|TAMS 0x0000000621200000, 0x0000000621200000| Complete 
| 242|0x0000000621400000, 0x0000000621600000, 0x0000000621600000|100%| E|CS|TAMS 0x0000000621400000, 0x0000000621400000| Complete 
| 243|0x0000000621600000, 0x0000000621800000, 0x0000000621800000|100%| E|CS|TAMS 0x0000000621600000, 0x0000000621600000| Complete 
| 244|0x0000000621800000, 0x0000000621a00000, 0x0000000621a00000|100%| E|CS|TAMS 0x0000000621800000, 0x0000000621800000| Complete 
| 245|0x0000000621a00000, 0x0000000621c00000, 0x0000000621c00000|100%| E|CS|TAMS 0x0000000621a00000, 0x0000000621a00000| Complete 
| 246|0x0000000621c00000, 0x0000000621e00000, 0x0000000621e00000|100%| E|CS|TAMS 0x0000000621c00000, 0x0000000621c00000| Complete 
| 247|0x0000000621e00000, 0x0000000622000000, 0x0000000622000000|100%| E|CS|TAMS 0x0000000621e00000, 0x0000000621e00000| Complete 
| 248|0x0000000622000000, 0x0000000622200000, 0x0000000622200000|100%| E|CS|TAMS 0x0000000622000000, 0x0000000622000000| Complete 
| 249|0x0000000622200000, 0x0000000622400000, 0x0000000622400000|100%| E|CS|TAMS 0x0000000622200000, 0x0000000622200000| Complete 
| 250|0x0000000622400000, 0x0000000622600000, 0x0000000622600000|100%| E|CS|TAMS 0x0000000622400000, 0x0000000622400000| Complete 
| 251|0x0000000622600000, 0x0000000622800000, 0x0000000622800000|100%| E|CS|TAMS 0x0000000622600000, 0x0000000622600000| Complete 
| 252|0x0000000622800000, 0x0000000622a00000, 0x0000000622a00000|100%| E|CS|TAMS 0x0000000622800000, 0x0000000622800000| Complete 
| 253|0x0000000622a00000, 0x0000000622c00000, 0x0000000622c00000|100%| E|CS|TAMS 0x0000000622a00000, 0x0000000622a00000| Complete 
| 254|0x0000000622c00000, 0x0000000622e00000, 0x0000000622e00000|100%| E|CS|TAMS 0x0000000622c00000, 0x0000000622c00000| Complete 

Card table byte_map: [0x000000001ae70000,0x000000001be60000] _byte_map_base: 0x0000000017e58000

Marking Bits (Prev, Next): (CMBitMap*) 0x0000000002583cb0, (CMBitMap*) 0x0000000002583c78
 Prev Bits: [0x0000000024d90000, 0x000000002ccd0000)
 Next Bits: [0x000000001ce50000, 0x0000000024d90000)

Polling page: 0x0000000001ce0000

Metaspace:

Usage:
  Non-class:     63.91 MB capacity,    62.51 MB ( 98%) used,     1.10 MB (  2%) free+waste,   309.06 KB ( <1%) overhead. 
      Class:     10.52 MB capacity,     9.39 MB ( 89%) used,   997.81 KB (  9%) free+waste,   159.81 KB (  1%) overhead. 
       Both:     74.43 MB capacity,    71.90 MB ( 97%) used,     2.07 MB (  3%) free+waste,   468.88 KB ( <1%) overhead. 

Virtual space:
  Non-class space:       64.00 MB reserved,      64.00 MB (100%) committed 
      Class space:        1.00 GB reserved,      10.57 MB (  1%) committed 
             Both:        1.06 GB reserved,      74.57 MB (  7%) committed 

Chunk freelists:
   Non-Class:  4.00 KB
       Class:  0 bytes
        Both:  4.00 KB

CodeHeap 'non-profiled nmethods': size=120000Kb used=4952Kb max_used=6055Kb free=115047Kb
 bounds [0x00000000122f0000, 0x00000000128e0000, 0x0000000019820000]
CodeHeap 'profiled nmethods': size=120000Kb used=10797Kb max_used=14916Kb free=109202Kb
 bounds [0x000000000adc0000, 0x000000000bc60000, 0x00000000122f0000]
CodeHeap 'non-nmethods': size=5760Kb used=1407Kb max_used=1437Kb free=4352Kb
 bounds [0x000000000a820000, 0x000000000aa90000, 0x000000000adc0000]
 total_blobs=8944 nmethods=4942 adapters=764
 compilation: enabled
              stopped_count=0, restarted_count=0
 full_count=0

Compilation events (10 events):
Event: 1033348.812 Thread 0x00000000307cdd70 6099       3       io.netty.util.concurrent.AbstractScheduledEventExecutor::cancelScheduledTasks (90 bytes)
Event: 1033348.815 Thread 0x00000000307cdd70 nmethod 6099 0x000000000ae3d690 code [0x000000000ae3d8e0, 0x000000000ae3e2c0]
Event: 1033348.831 Thread 0x00000000307cdd70 6100   !   3       io.netty.util.concurrent.SingleThreadEventExecutor::runShutdownHooks (120 bytes)
Event: 1033348.833 Thread 0x00000000307cdd70 nmethod 6100 0x000000000ae49d10 code [0x000000000ae49fc0, 0x000000000ae4af50]
Event: 1033349.827 Thread 0x00000000307cd1b0 6101       4       java.util.HashSet::isEmpty (8 bytes)
Event: 1033349.829 Thread 0x00000000307cd1b0 nmethod 6101 0x0000000012326890 code [0x0000000012326a20, 0x0000000012326a98]
Event: 1033351.673 Thread 0x00000000307cdd70 6102       3       java.util.concurrent.locks.ReentrantLock$Sync::tryRelease (45 bytes)
Event: 1033351.673 Thread 0x00000000307cdd70 nmethod 6102 0x000000000ae2a490 code [0x000000000ae2a660, 0x000000000ae2a9d0]
Event: 1033351.673 Thread 0x00000000307cdd70 6103       3       java.util.IdentityHashMap::unmaskNull (13 bytes)
Event: 1033351.673 Thread 0x00000000307cdd70 nmethod 6103 0x000000000ae25b10 code [0x000000000ae25cc0, 0x000000000ae25e58]

GC Heap History (10 events):
Event: 1032379.129 GC heap before
{Heap before GC invocations=71 (full 0):
 garbage-first heap   total 522240K, used 347767K [0x0000000603000000, 0x0000000800000000)
  region size 2048K, 153 young (313344K), 1 survivors (2048K)
 Metaspace       used 73025K, capacity 75512K, committed 75724K, reserved 1114112K
  class space    used 9524K, capacity 10624K, committed 10700K, reserved 1048576K
}
Event: 1032379.131 GC heap after
{Heap after GC invocations=72 (full 0):
 garbage-first heap   total 522240K, used 36474K [0x0000000603000000, 0x0000000800000000)
  region size 2048K, 1 young (2048K), 1 survivors (2048K)
 Metaspace       used 73025K, capacity 75512K, committed 75724K, reserved 1114112K
  class space    used 9524K, capacity 10624K, committed 10700K, reserved 1048576K
}
Event: 1032379.630 GC heap before
{Heap before GC invocations=72 (full 0):
 garbage-first heap   total 522240K, used 347770K [0x0000000603000000, 0x0000000800000000)
  region size 2048K, 153 young (313344K), 1 survivors (2048K)
 Metaspace       used 73025K, capacity 75512K, committed 75724K, reserved 1114112K
  class space    used 9524K, capacity 10624K, committed 10700K, reserved 1048576K
}
Event: 1032379.631 GC heap after
{Heap after GC invocations=73 (full 0):
 garbage-first heap   total 522240K, used 36475K [0x0000000603000000, 0x0000000800000000)
  region size 2048K, 1 young (2048K), 1 survivors (2048K)
 Metaspace       used 73025K, capacity 75512K, committed 75724K, reserved 1114112K
  class space    used 9524K, capacity 10624K, committed 10700K, reserved 1048576K
}
Event: 1032380.220 GC heap before
{Heap before GC invocations=73 (full 0):
 garbage-first heap   total 522240K, used 347771K [0x0000000603000000, 0x0000000800000000)
  region size 2048K, 153 young (313344K), 1 survivors (2048K)
 Metaspace       used 73025K, capacity 75512K, committed 75724K, reserved 1114112K
  class space    used 9524K, capacity 10624K, committed 10700K, reserved 1048576K
}
Event: 1032380.221 GC heap after
{Heap after GC invocations=74 (full 0):
 garbage-first heap   total 522240K, used 36474K [0x0000000603000000, 0x0000000800000000)
  region size 2048K, 1 young (2048K), 1 survivors (2048K)
 Metaspace       used 73025K, capacity 75512K, committed 75724K, reserved 1114112K
  class space    used 9524K, capacity 10624K, committed 10700K, reserved 1048576K
}
Event: 1032380.669 GC heap before
{Heap before GC invocations=74 (full 0):
 garbage-first heap   total 522240K, used 347770K [0x0000000603000000, 0x0000000800000000)
  region size 2048K, 153 young (313344K), 1 survivors (2048K)
 Metaspace       used 73025K, capacity 75512K, committed 75724K, reserved 1114112K
  class space    used 9524K, capacity 10624K, committed 10700K, reserved 1048576K
}
Event: 1032380.669 GC heap after
{Heap after GC invocations=75 (full 0):
 garbage-first heap   total 522240K, used 36479K [0x0000000603000000, 0x0000000800000000)
  region size 2048K, 1 young (2048K), 1 survivors (2048K)
 Metaspace       used 73025K, capacity 75512K, committed 75724K, reserved 1114112K
  class space    used 9524K, capacity 10624K, committed 10700K, reserved 1048576K
}
Event: 1032381.133 GC heap before
{Heap before GC invocations=75 (full 0):
 garbage-first heap   total 522240K, used 347775K [0x0000000603000000, 0x0000000800000000)
  region size 2048K, 153 young (313344K), 1 survivors (2048K)
 Metaspace       used 73025K, capacity 75512K, committed 75724K, reserved 1114112K
  class space    used 9524K, capacity 10624K, committed 10700K, reserved 1048576K
}
Event: 1032381.133 GC heap after
{Heap after GC invocations=76 (full 0):
 garbage-first heap   total 522240K, used 36483K [0x0000000603000000, 0x0000000800000000)
  region size 2048K, 1 young (2048K), 1 survivors (2048K)
 Metaspace       used 73025K, capacity 75512K, committed 75724K, reserved 1114112K
  class space    used 9524K, capacity 10624K, committed 10700K, reserved 1048576K
}

Deoptimization events (10 events):
Event: 1033346.234 Thread 0x0000000002501760 Uncommon trap: reason=unstable_if action=reinterpret pc=0x00000000126cc390 method=org.neo4j.index.internal.gbptree.InternalTreeLogic.insertInLeaf(Lorg/neo4j/io/pagecache/PageCursor;Lorg/neo4j/index/internal/gbptree/StructurePropagation;Ljava/lang/Object;L
Event: 1033346.241 Thread 0x0000000002501760 Uncommon trap: reason=class_check action=maybe_recompile pc=0x0000000012823804 method=org.eclipse.collections.impl.map.mutable.primitive.LongObjectHashMap.forEachKeyValue(Lorg/eclipse/collections/api/block/procedure/primitive/LongObjectProcedure;)V @ 50 c
Event: 1033346.602 Thread 0x000000003614cc30 Uncommon trap: reason=unstable_if action=reinterpret pc=0x000000001287985c method=java.util.concurrent.locks.AbstractQueuedSynchronizer.enq(Ljava/util/concurrent/locks/AbstractQueuedSynchronizer$Node;)Ljava/util/concurrent/locks/AbstractQueuedSynchronizer
Event: 1033346.602 Thread 0x0000000002501760 Uncommon trap: reason=unstable_if action=reinterpret pc=0x0000000012782ad0 method=java.lang.ref.SoftReference.get()Ljava/lang/Object; @ 6 c2
Event: 1033346.604 Thread 0x0000000002501760 Uncommon trap: reason=class_check action=maybe_recompile pc=0x00000000127e7c50 method=java.util.stream.ReferencePipeline$7$1.begin(J)V @ 7 c2
Event: 1033346.639 Thread 0x00000000361522d0 Uncommon trap: reason=unstable_if action=reinterpret pc=0x0000000012899d38 method=org.neo4j.monitoring.VmPauseMonitor.monitor()V @ 17 c2
Event: 1033347.107 Thread 0x00000000322e5f30 Uncommon trap: reason=unstable_if action=reinterpret pc=0x00000000127fdb30 method=java.util.concurrent.PriorityBlockingQueue.siftUpUsingComparator(ILjava/lang/Object;[Ljava/lang/Object;Ljava/util/Comparator;)V @ 1 c2
Event: 1033350.814 Thread 0x000000003614df70 Uncommon trap: reason=class_check action=maybe_recompile pc=0x00000000125f362c method=java.util.Collections$SetFromMap.remove(Ljava/lang/Object;)Z @ 5 c2
Event: 1033350.814 Thread 0x000000003614df70 Uncommon trap: reason=class_check action=maybe_recompile pc=0x00000000125f362c method=java.util.Collections$SetFromMap.remove(Ljava/lang/Object;)Z @ 5 c2
Event: 1033350.817 Thread 0x00000000324daa20 Uncommon trap: reason=bimorphic_or_optimized_type_check action=maybe_recompile pc=0x0000000012372c2c method=java.util.concurrent.Executors$RunnableAdapter.call()Ljava/lang/Object; @ 4 c2

Classes redefined (0 events):
No events

Internal exceptions (10 events):
Event: 1033345.843 Thread 0x000000003217e2b0 Exception <a 'sun/nio/fs/WindowsException'{0x00000006144824c8}> (0x00000006144824c8) thrown at [t:/workspace/open/src/hotspot/share/prims/jni.cpp, line 615]
Event: 1033345.843 Thread 0x000000003217e2b0 Exception <a 'sun/nio/fs/WindowsException'{0x0000000614482538}> (0x0000000614482538) thrown at [t:/workspace/open/src/hotspot/share/prims/jni.cpp, line 615]
Event: 1033345.909 Thread 0x0000000002501760 Exception <a 'java/lang/NoSuchMethodError'{0x0000000614270530}: java.lang.invoke.DirectMethodHandle$Holder.invokeVirtual(Ljava/lang/Object;Ljava/lang/Object;J)V> (0x0000000614270530) thrown at [t:/workspace/open/src/hotspot/share/interpreter/linkResolver.
Event: 1033345.911 Thread 0x0000000002501760 Exception <a 'java/lang/NoSuchMethodError'{0x00000006142765f0}: java.lang.invoke.DirectMethodHandle$Holder.invokeStatic(Ljava/lang/Object;Ljava/lang/Object;Ljava/lang/Object;ILjava/lang/Object;)V> (0x00000006142765f0) thrown at [t:/workspace/open/src/hots
Event: 1033346.216 Thread 0x000000003217e2b0 Exception <a 'sun/nio/fs/WindowsException'{0x00000006144825a8}> (0x00000006144825a8) thrown at [t:/workspace/open/src/hotspot/share/prims/jni.cpp, line 615]
Event: 1033346.216 Thread 0x000000003217e2b0 Exception <a 'sun/nio/fs/WindowsException'{0x0000000614482618}> (0x0000000614482618) thrown at [t:/workspace/open/src/hotspot/share/prims/jni.cpp, line 615]
Event: 1033346.216 Thread 0x000000003217e2b0 Exception <a 'sun/nio/fs/WindowsException'{0x0000000614482688}> (0x0000000614482688) thrown at [t:/workspace/open/src/hotspot/share/prims/jni.cpp, line 615]
Event: 1033346.217 Thread 0x000000003217e2b0 Exception <a 'sun/nio/fs/WindowsException'{0x00000006144826f8}> (0x00000006144826f8) thrown at [t:/workspace/open/src/hotspot/share/prims/jni.cpp, line 615]
Event: 1033346.217 Thread 0x000000003217e2b0 Exception <a 'sun/nio/fs/WindowsException'{0x0000000614482768}> (0x0000000614482768) thrown at [t:/workspace/open/src/hotspot/share/prims/jni.cpp, line 615]
Event: 1033346.602 Thread 0x0000000002501760 Implicit null exception at 0x00000000127820f2 to 0x0000000012782aba

Events (10 events):
Event: 1033351.673 Thread 0x00000000321fcd70 Thread exited: 0x00000000321fcd70
Event: 1033351.673 Thread 0x00000000321fea50 Thread exited: 0x00000000321fea50
Event: 1033351.673 Thread 0x00000000321fa6f0 Thread exited: 0x00000000321fa6f0
Event: 1033351.688 Thread 0x00000000324d8870 Thread exited: 0x00000000324d8870
Event: 1033351.688 Thread 0x00000000324d66c0 Thread exited: 0x00000000324d66c0
Event: 1033351.688 Thread 0x0000000032200c00 Thread exited: 0x0000000032200c00
Event: 1033351.688 Thread 0x00000000322015a0 Thread exited: 0x00000000322015a0
Event: 1033351.688 Thread 0x00000000324da550 Thread exited: 0x00000000324da550
Event: 1033351.688 Thread 0x00000000324d4eb0 Thread exited: 0x00000000324d4eb0
Event: 1033351.689 Thread 0x00000000324d6b90 Thread exited: 0x00000000324d6b90


Dynamic libraries:
0x00007ff6426a0000 - 0x00007ff6426c0000 	C:\Program Files\neo4j-community-4.3.6\bin\tools\prunsrv-amd64.exe
0x00007ffa01d70000 - 0x00007ffa01f65000 	C:\WINDOWS\SYSTEM32\ntdll.dll
0x00007ff9fffb0000 - 0x00007ffa0006e000 	C:\WINDOWS\System32\KERNEL32.DLL
0x00007ff9ff770000 - 0x00007ff9ffa38000 	C:\WINDOWS\System32\KERNELBASE.dll
0x00007ff9fc860000 - 0x00007ff9fc8f0000 	C:\WINDOWS\SYSTEM32\apphelp.dll
0x00007ffa01c80000 - 0x00007ffa01d2e000 	C:\WINDOWS\System32\ADVAPI32.dll
0x00007ff9ffdb0000 - 0x00007ff9ffe4e000 	C:\WINDOWS\System32\msvcrt.dll
0x00007ffa00070000 - 0x00007ffa0010c000 	C:\WINDOWS\System32\sechost.dll
0x00007ff9ffe80000 - 0x00007ff9fffa5000 	C:\WINDOWS\System32\RPCRT4.dll
0x00007ffa00180000 - 0x00007ffa008c4000 	C:\WINDOWS\System32\SHELL32.dll
0x00007ff9ff480000 - 0x00007ff9ff51d000 	C:\WINDOWS\System32\msvcp_win.dll
0x00007ff9ff5e0000 - 0x00007ff9ff6e0000 	C:\WINDOWS\System32\ucrtbase.dll
0x00007ffa00aa0000 - 0x00007ffa00c41000 	C:\WINDOWS\System32\USER32.dll
0x00007ff9ff5b0000 - 0x00007ff9ff5d2000 	C:\WINDOWS\System32\win32u.dll
0x00007ffa01430000 - 0x00007ffa0145b000 	C:\WINDOWS\System32\GDI32.dll
0x00007ff9ffc50000 - 0x00007ff9ffd5d000 	C:\WINDOWS\System32\gdi32full.dll
0x00007ffa01bd0000 - 0x00007ffa01c7d000 	C:\WINDOWS\System32\shcore.dll
0x00007ffa010d0000 - 0x00007ffa01425000 	C:\WINDOWS\System32\combase.dll
0x00007ff9d7f20000 - 0x00007ff9d8a43000 	C:\Program Files\Java\jdk-11.0.2\bin\server\jvm.dll
0x00007ffa00a90000 - 0x00007ffa00a98000 	C:\WINDOWS\System32\PSAPI.DLL
0x00007ff9eed40000 - 0x00007ff9eed49000 	C:\WINDOWS\SYSTEM32\WSOCK32.dll
0x00007ff9fe140000 - 0x00007ff9fe14a000 	C:\WINDOWS\SYSTEM32\VERSION.dll
0x00007ff9ea6a0000 - 0x00007ff9ea6c7000 	C:\WINDOWS\SYSTEM32\WINMM.dll
0x00007ffa017f0000 - 0x00007ffa0185b000 	C:\WINDOWS\System32\WS2_32.dll
0x00007ff9e7d30000 - 0x00007ff9e7d4b000 	C:\WINDOWS\SYSTEM32\VCRUNTIME140.dll
0x00007ff9d7610000 - 0x00007ff9d7621000 	C:\Program Files\Java\jdk-11.0.2\bin\verify.dll
0x00007ff9fd8e0000 - 0x00007ff9fdac4000 	C:\WINDOWS\SYSTEM32\DBGHELP.DLL
0x00007ff9e9040000 - 0x00007ff9e906c000 	C:\WINDOWS\SYSTEM32\dbgcore.DLL
0x00007ff9ff520000 - 0x00007ff9ff5a2000 	C:\WINDOWS\System32\bcryptPrimitives.dll
0x00007ff9d75d0000 - 0x00007ff9d75f8000 	C:\Program Files\Java\jdk-11.0.2\bin\java.dll
0x00007ff9d7380000 - 0x00007ff9d7396000 	C:\Program Files\Java\jdk-11.0.2\bin\zip.dll
0x00007ff9d7370000 - 0x00007ff9d737a000 	C:\Program Files\Java\jdk-11.0.2\bin\jimage.dll
0x00007ff9fde70000 - 0x00007ff9fde82000 	C:\WINDOWS\SYSTEM32\kernel.appcore.dll
0x00007ff9fd130000 - 0x00007ff9fd8c5000 	C:\WINDOWS\SYSTEM32\windows.storage.dll
0x00007ff9feed0000 - 0x00007ff9feefe000 	C:\WINDOWS\SYSTEM32\Wldp.dll
0x00007ffa01630000 - 0x00007ffa01685000 	C:\WINDOWS\System32\shlwapi.dll
0x00007ff9ff3c0000 - 0x00007ff9ff3df000 	C:\WINDOWS\SYSTEM32\profapi.dll
0x00007ff9d4b40000 - 0x00007ff9d4b59000 	C:\Program Files\Java\jdk-11.0.2\bin\net.dll
0x00007ff9f4db0000 - 0x00007ff9f4ebc000 	C:\WINDOWS\SYSTEM32\WINHTTP.dll
0x00007ff9eb840000 - 0x00007ff9eba2b000 	C:\WINDOWS\SYSTEM32\urlmon.dll
0x00007ff9eb800000 - 0x00007ff9eb828000 	C:\WINDOWS\SYSTEM32\srvcli.dll
0x00007ff9ef330000 - 0x00007ff9ef5e0000 	C:\WINDOWS\SYSTEM32\iertutil.dll
0x00007ff9fea80000 - 0x00007ff9fea8c000 	C:\WINDOWS\SYSTEM32\netutils.dll
0x00007ff9fec30000 - 0x00007ff9fec9a000 	C:\WINDOWS\system32\mswsock.dll
0x00007ff9d4b20000 - 0x00007ff9d4b33000 	C:\Program Files\Java\jdk-11.0.2\bin\nio.dll
0x00007ff9ce240000 - 0x00007ff9ce249000 	C:\Program Files\Java\jdk-11.0.2\bin\management.dll
0x00007ff9ce230000 - 0x00007ff9ce23c000 	C:\Program Files\Java\jdk-11.0.2\bin\management_ext.dll
0x00007ff9ca0f0000 - 0x00007ff9ca107000 	C:\WINDOWS\system32\napinsp.dll
0x00007ff9ca0d0000 - 0x00007ff9ca0eb000 	C:\WINDOWS\system32\pnrpnsp.dll
0x00007ff9f9870000 - 0x00007ff9f9885000 	C:\WINDOWS\system32\wshbth.dll
0x00007ff9fa2b0000 - 0x00007ff9fa2cd000 	C:\WINDOWS\system32\NLAapi.dll
0x00007ff9fe8d0000 - 0x00007ff9fe90b000 	C:\WINDOWS\SYSTEM32\IPHLPAPI.DLL
0x00007ff9fe910000 - 0x00007ff9fe9db000 	C:\WINDOWS\SYSTEM32\DNSAPI.dll
0x00007ffa00a80000 - 0x00007ffa00a88000 	C:\WINDOWS\System32\NSI.dll
0x00007ff9ca0b0000 - 0x00007ff9ca0c2000 	C:\WINDOWS\System32\winrnr.dll
0x00007ff9f4660000 - 0x00007ff9f466a000 	C:\Windows\System32\rasadhlp.dll
0x00007ff9f2c10000 - 0x00007ff9f2c8f000 	C:\WINDOWS\System32\fwpuclnt.dll
0x00007ff9ff740000 - 0x00007ff9ff767000 	C:\WINDOWS\System32\bcrypt.dll
0x00007ff9fee20000 - 0x00007ff9fee38000 	C:\WINDOWS\SYSTEM32\CRYPTSP.dll
0x00007ff9fe540000 - 0x00007ff9fe574000 	C:\WINDOWS\system32\rsaenh.dll
0x00007ff9fee40000 - 0x00007ff9fee4c000 	C:\WINDOWS\SYSTEM32\CRYPTBASE.dll
0x00007ff9f7380000 - 0x00007ff9f7397000 	C:\WINDOWS\SYSTEM32\dhcpcsvc6.DLL
0x00007ff9f7360000 - 0x00007ff9f737d000 	C:\WINDOWS\SYSTEM32\dhcpcsvc.DLL
0x00007ff9d8b00000 - 0x00007ff9d8b44000 	C:\Windows\Temp\jna-1029681497\jna6785892962728348173.dll

dbghelp: loaded successfully - version: 4.0.5 - missing functions: none
symbol engine: initialized successfully - sym options: 0x614 - pdb path: .;C:\Program Files\neo4j-community-4.3.6\bin\tools;C:\WINDOWS\SYSTEM32;C:\Program Files\Java\jdk-11.0.2\bin\server;C:\Program Files\Java\jdk-11.0.2\bin;C:\Windows\Temp\jna-1029681497

VM Arguments:
jvm_args: -XX:+UseG1GC -XX:-OmitStackTraceInFastThrow -XX:+AlwaysPreTouch -XX:+UnlockExperimentalVMOptions -XX:+TrustFinalNonStaticFields -XX:+DisableExplicitGC -XX:MaxInlineLevel=15 -XX:-UseBiasedLocking -Djdk.nio.maxCachedBufferSize=262144 -Dio.netty.tryReflectionSetAccessible=true -Djdk.tls.ephemeralDHKeySize=2048 -Djdk.tls.rejectClientInitiatedRenegotiation=true -XX:FlightRecorderOptions=stackdepth=256 -XX:+UnlockDiagnosticVMOptions -XX:+DebugNonSafepoints -Dlog4j2.disable.jmx=true -Dfile.encoding=UTF-8 exit abort 
java_command: <unknown>
java_class_path (initial): ;;C:\Program Files\neo4j-community-4.3.6\lib\annotations-4.3.6.jar;C:\Program Files\neo4j-community-4.3.6\lib\bcpkix-jdk15on-1.68.jar;C:\Program Files\neo4j-community-4.3.6\lib\bcprov-jdk15on-1.68.jar;C:\Program Files\neo4j-community-4.3.6\lib\caffeine-3.0.0.jar;C:\Program Files\neo4j-community-4.3.6\lib\commons-beanutils-1.9.4.jar;C:\Program Files\neo4j-community-4.3.6\lib\commons-collections-3.2.2.jar;C:\Program Files\neo4j-community-4.3.6\lib\commons-compress-1.21.jar;C:\Program Files\neo4j-community-4.3.6\lib\commons-exec-1.3.jar;C:\Program Files\neo4j-community-4.3.6\lib\commons-io-2.9.0.jar;C:\Program Files\neo4j-community-4.3.6\lib\commons-lang3-3.11.jar;C:\Program Files\neo4j-community-4.3.6\lib\commons-logging-1.2.jar;C:\Program Files\neo4j-community-4.3.6\lib\commons-text-1.9.jar;C:\Program Files\neo4j-community-4.3.6\lib\cypher-ast-factory-4.3.6.jar;C:\Program Files\neo4j-community-4.3.6\lib\eclipse-collections-10.4.0.jar;C:\Program Files\neo4j-community-4.3.6\lib\eclipse-collections-api-10.4.0.jar;C:\Program Files\neo4j-community-4.3.6\lib\FastInfoset-1.2.16.jar;C:\Program Files\neo4j-community-4.3.6\lib\hk2-api-2.6.1.jar;C:\Program Files\neo4j-community-4.3.6\lib\hk2-locator-2.6.1.jar;C:\Program Files\neo4j-community-4.3.6\lib\hk2-utils-2.6.1.jar;C:\Program Files\neo4j-community-4.3.6\lib\istack-commons-runtime-3.0.8.jar;C:\Program Files\neo4j-community-4.3.6\lib\jackson-annotations-2.12.1.jar;C:\Program Files\neo4j-community-4.3.6\lib\jackson-core-2.12.1.jar;C:\Program Files\neo4j-community-4.3.6\lib\jackson-databind-2.12.1.jar;C:\Program Files\neo4j-community-4.3.6\lib\jackson-jaxrs-base-2.12.1.jar;C:\Program Files\neo4j-community-4.3.6\lib\jackson-jaxrs-json-provider-2.12.1.jar;C:\Program Files\neo4j-community-4.3.6\lib\jackson-module-jaxb-annotations-2.12.1.jar;C:\Program Files\neo4j-community-4.3.6\lib\jakarta.activation-api-1.2.1.jar;C:\Program Files\neo4j-community-4.3.6\lib\jakarta.annotation-api-1.3.5.jar;C:\Program
Launcher Type: generic

[Global flags]
     bool AlwaysPreTouch                           = true                                      {product} {command line}
     intx CICompilerCount                          = 4                                         {product} {ergonomic}
     uint ConcGCThreads                            = 3                                         {product} {ergonomic}
     bool DebugNonSafepoints                       = true                                   {diagnostic} {command line}
     bool DisableExplicitGC                        = true                                      {product} {command line}
    ccstr FlightRecorderOptions                    = stackdepth=256                            {product} {command line}
     uint G1ConcRefinementThreads                  = 10                                        {product} {ergonomic}
   size_t G1HeapRegionSize                         = 2097152                                   {product} {ergonomic}
    uintx GCDrainStackTargetSize                   = 64                                        {product} {ergonomic}
   size_t InitialHeapSize                          = 534773760                                 {product} {ergonomic}
   size_t MarkStackSize                            = 4194304                                   {product} {ergonomic}
   size_t MaxHeapSize                              = 8539602944                                {product} {ergonomic}
     intx MaxInlineLevel                           = 15                                        {product} {command line}
   size_t MaxNewSize                               = 5123342336                                {product} {ergonomic}
   size_t MinHeapDeltaBytes                        = 2097152                                   {product} {ergonomic}
    uintx NonNMethodCodeHeapSize                   = 5835340                                {pd product} {ergonomic}
    uintx NonProfiledCodeHeapSize                  = 122911450                              {pd product} {ergonomic}
     bool OmitStackTraceInFastThrow                = false                                     {product} {command line}
    uintx ProfiledCodeHeapSize                     = 122911450                              {pd product} {ergonomic}
    uintx ReservedCodeCacheSize                    = 251658240                              {pd product} {ergonomic}
     bool SegmentedCodeCache                       = true                                      {product} {ergonomic}
     bool TrustFinalNonStaticFields                = true                                 {experimental} {command line}
     bool UnlockDiagnosticVMOptions                = true                                   {diagnostic} {command line}
     bool UnlockExperimentalVMOptions              = true                                 {experimental} {command line}
     bool UseBiasedLocking                         = false                                     {product} {command line}
     bool UseCompressedClassPointers               = true                                 {lp64_product} {ergonomic}
     bool UseCompressedOops                        = true                                 {lp64_product} {ergonomic}
     bool UseG1GC                                  = true                                      {product} {command line}
     bool UseLargePagesIndividualAllocation        = false                                  {pd product} {ergonomic}

Logging:
Log output configuration:
 #0: stdout all=warning uptime,level,tags
 #1: stderr all=off uptime,level,tags

Environment Variables:
JAVA_HOME=C:\Program Files\Java\jdk-11.0.2\
PATH=C:\Program Files\Java\jdk-11.0.2\bin;C:\Program Files (x86)\VMware\VMware Workstation\bin\;C:\Program Files\Common Files\Oracle\Java\javapath;C:\Program Files (x86)\Common Files\Oracle\Java\javapath;C:\WINDOWS\system32;C:\WINDOWS;C:\WINDOWS\System32\Wbem;C:\WINDOWS\System32\WindowsPowerShell\v1.0\;C:\WINDOWS\System32\OpenSSH\;C:\Program Files\dotnet\;C:\Program Files (x86)\dotnet\;C:\Program Files\PowerShell\7\;C:\Users\Trainees\AppData\Local\Programs\Neo4j Desktop;C:\Program Files\Git\cmd;C:\Program Files\Java\jdk-11.0.2\bin;C:\Program Files\doxygen\bin;;C:\Program Files (x86)\Gpg4win\..\GnuPG\bin;C:\WINDOWS\system32\config\systemprofile\AppData\Local\Microsoft\WindowsApps
USERNAME=DESKTOP-TG4VNEH$
OS=Windows_NT
PROCESSOR_IDENTIFIER=Intel64 Family 6 Model 158 Stepping 13, GenuineIntel



---------------  S Y S T E M  ---------------

OS: Windows 10 , 64 bit Build 19041 (10.0.19041.1466)

CPU:total 12 (initial active 12) (6 cores per cpu, 2 threads per core) family 6 model 158 stepping 13, cmov, cx8, fxsr, mmx, sse, sse2, sse3, ssse3, sse4.1, sse4.2, popcnt, avx, avx2, aes, clmul, erms, 3dnowpref, lzcnt, ht, tsc, tscinvbit, bmi1, bmi2, adx, fma

Memory: 4k page, system-wide physical 32575M (27953M free)
TotalPageFile size 57480M (AvailPageFile size 51166M)
current process WorkingSet (physical memory assigned to process): 397M, peak: 771M
current process commit charge ("private bytes"): 786M, peak: 815M

vm_info: OpenJDK 64-Bit Server VM (11.0.2+9) for windows-amd64 JRE (11.0.2+9), built on Jan 18 2019 05:23:22 by "mach5one" with MS VC++ 15.5 (VS2017)

END.
