#
# A fatal error has been detected by the Java Runtime Environment:
#
#  EXCEPTION_ACCESS_VIOLATION (0xc0000005) at pc=0x00007fffe115c1df, pid=6624, tid=13728
#
# JRE version: OpenJDK Runtime Environment (11.0.2+9) (build 11.0.2+9)
# Java VM: OpenJDK 64-Bit Server VM (11.0.2+9, mixed mode, tiered, compressed oops, g1 gc, windows-amd64)
# Problematic frame:
# V  [jvm.dll+0x61c1df]
#
# No core dump will be written. Minidumps are not enabled by default on client versions of Windows
#
# If you would like to submit a bug report, please visit:
#   http://bugreport.java.com/bugreport/crash.jsp
#

---------------  S U M M A R Y ------------

Command Line: -XX:+UseG1GC -XX:-OmitStackTraceInFastThrow -XX:+AlwaysPreTouch -XX:+UnlockExperimentalVMOptions -XX:+TrustFinalNonStaticFields -XX:+DisableExplicitGC -XX:MaxInlineLevel=15 -XX:-UseBiasedLocking -Djdk.nio.maxCachedBufferSize=262144 -Dio.netty.tryReflectionSetAccessible=true -Djdk.tls.ephemeralDHKeySize=2048 -Djdk.tls.rejectClientInitiatedRenegotiation=true -XX:FlightRecorderOptions=stackdepth=256 -XX:+UnlockDiagnosticVMOptions -XX:+DebugNonSafepoints -Dlog4j2.disable.jmx=true -Dfile.encoding=UTF-8 exit abort 

Host: Intel(R) Core(TM) i7-9850H CPU @ 2.60GHz, 12 cores, 31G,  Windows 10 , 64 bit Build 19041 (10.0.19041.1466)
Time: Fri Feb 11 14:05:17 2022 Romance Standard Time elapsed time: 796664 seconds (9d 5h 17m 44s)

---------------  T H R E A D  ---------------

Current thread (0x000000003c9378a0):  JavaThread "globalEventExecutor-1-2" [_thread_in_vm, id=13728, stack(0x0000000034aa0000,0x0000000034ba0000)]

Stack: [0x0000000034aa0000,0x0000000034ba0000],  sp=0x0000000034b9ec70,  free space=1019k
Native frames: (J=compiled Java code, j=interpreted, Vv=VM code, C=native code)
V  [jvm.dll+0x61c1df]
V  [jvm.dll+0x7069ca]
V  [jvm.dll+0x42653a]
C  0x000000001155aea3

Java frames: (J=compiled Java code, j=interpreted, Vv=VM code)
J 1685  java.lang.Object.notifyAll()V java.base@11.0.2 (0 bytes) @ 0x000000001155ae0b [0x000000001155adc0+0x000000000000004b]
j  io.netty.util.concurrent.DefaultPromise.checkNotifyWaiters()Z+8
j  io.netty.util.concurrent.DefaultPromise.setValue0(Ljava/lang/Object;)Z+27
j  io.netty.util.concurrent.DefaultPromise.setSuccess0(Ljava/lang/Object;)Z+12
j  io.netty.util.concurrent.DefaultPromise.setSuccess(Ljava/lang/Object;)Lio/netty/util/concurrent/Promise;+2
j  io.netty.util.concurrent.MultithreadEventExecutorGroup$1.operationComplete(Lio/netty/util/concurrent/Future;)V+29
j  io.netty.util.concurrent.DefaultPromise.notifyListener0(Lio/netty/util/concurrent/Future;Lio/netty/util/concurrent/GenericFutureListener;)V+2
j  io.netty.util.concurrent.DefaultPromise.notifyListenersNow()V+69
j  io.netty.util.concurrent.DefaultPromise.access$200(Lio/netty/util/concurrent/DefaultPromise;)V+1
j  io.netty.util.concurrent.DefaultPromise$1.run()V+4
j  io.netty.util.concurrent.GlobalEventExecutor$TaskRunner.run()V+13
j  io.netty.util.internal.ThreadExecutorMap$2.run()V+11
j  io.netty.util.concurrent.FastThreadLocalRunnable.run()V+4
J 4282 c1 java.lang.Thread.run()V java.base@11.0.2 (17 bytes) @ 0x000000000a9ae7a4 [0x000000000a9ae660+0x0000000000000144]
v  ~StubRoutines::call_stub

siginfo: EXCEPTION_ACCESS_VIOLATION (0xc0000005), writing address 0x0000000000000008


Register to memory mapping:

RIP=0x00007fffe115c1df jvm.dll
RAX=0x0 is NULL
RBX=0x000000000162ee40 is pointing into the stack for thread: 0x0000000001646510
RCX=0x0 is NULL
RDX=0x000000003ec1d854 points into unknown readable memory: 01 00 00 00
RSP=0x0000000034b9ec70 is pointing into the stack for thread: 0x000000003c9378a0
RBP=0x0 is NULL
RSI=0x0000000000000002 is an unknown value
RDI=0x000000003c9378a0 is a thread
R8 =0x0 is NULL
R9 =0x000000060478bba0 is an oop: io.netty.util.concurrent.DefaultPromise 
{0x000000060478bba0} - klass: 'io/netty/util/concurrent/DefaultPromise'
R10=0x00007fffdd11f94b java.dll
R11=0x000000001155ade8 is at entry_point+40 in (nmethod*)0x000000001155ac10
R12=0x0000000000000001 is an unknown value
R13=0x0000000034b9edb0 is pointing into the stack for thread: 0x000000003c9378a0
R14=0x000000003ec1d780 points into unknown readable memory: 79 00 00 00 00 00 00 00
R15=0x000000003c9378a0 is a thread


Registers:
RAX=0x0000000000000000, RBX=0x000000000162ee40, RCX=0x0000000000000000, RDX=0x000000003ec1d854
RSP=0x0000000034b9ec70, RBP=0x0000000000000000, RSI=0x0000000000000002, RDI=0x000000003c9378a0
R8 =0x0000000000000000, R9 =0x000000060478bba0, R10=0x00007fffdd11f94b, R11=0x000000001155ade8
R12=0x0000000000000001, R13=0x0000000034b9edb0, R14=0x000000003ec1d780, R15=0x000000003c9378a0
RIP=0x00007fffe115c1df, EFLAGS=0x0000000000010287

Top of Stack: (sp=0x0000000034b9ec70)
0x0000000034b9ec70:   0000000000000000 0000000000000000
0x0000000034b9ec80:   0000000000000000 0000000000000000
0x0000000034b9ec90:   00000000c08f2a75 000000003c9378a0
0x0000000034b9eca0:   0000000034b9edb0 0000000000000000
0x0000000034b9ecb0:   000000003c9378a0 0000000034b9ed50
0x0000000034b9ecc0:   000000060478bba0 00007fffe12469ca
0x0000000034b9ecd0:   000000003aefa098 0000000035f58e70
0x0000000034b9ece0:   000000003c9378a0 0000000034b9edb0
0x0000000034b9ecf0:   000000003c9378a0 00007fffe0f6653a
0x0000000034b9ed00:   000000003aefa098 000000003c9378a0
0x0000000034b9ed10:   0000000034b9edb8 000000060478bba0
0x0000000034b9ed20:   0000000034b9ee20 000000001155aea3
0x0000000034b9ed30:   000000002f700b58 0000000034b9ed90
0x0000000034b9ed40:   00000006047953a8 0000000000000000
0x0000000034b9ed50:   000000060478bba0 00007fffe0ec83bd
0x0000000034b9ed60:   0000000034b9f600 0000000034b9edb8 

Instructions: (pc=0x00007fffe115c1df)
0x00007fffe115c1bf:   b8 fa 06 00 00 48 89 6c 24 20 49 8b cf e8 ff 02
0x00007fffe115c1cf:   cc ff 48 83 c4 40 41 5f 41 5e 5d c3 48 8b 43 08
0x00007fffe115c1df:   48 89 41 08 48 89 08 49 8b 86 c8 00 00 00 48 3b
0x00007fffe115c1ef:   c3 75 07 49 89 8e c8 00 00 00 48 89 2b 48 89 6b 


Stack slot to memory mapping:
stack at sp + 0 slots: 0x0 is NULL
stack at sp + 1 slots: 0x0 is NULL
stack at sp + 2 slots: 0x0 is NULL
stack at sp + 3 slots: 0x0 is NULL
stack at sp + 4 slots: 3230607989 is a compressed pointer to object: java.lang.Object 
{0x00000006047953a8} - klass: 'java/lang/Object'
stack at sp + 5 slots: 0x000000003c9378a0 is a thread
stack at sp + 6 slots: 0x0000000034b9edb0 is pointing into the stack for thread: 0x000000003c9378a0
stack at sp + 7 slots: 0x0 is NULL


---------------  P R O C E S S  ---------------

Threads class SMR info:
_java_thread_list=0x000000003aa18890, length=25, elements={
0x0000000001646510, 0x00000000300011b0, 0x000000003002e7a0, 0x000000003003b030,
0x000000003003bb00, 0x000000003003e5e0, 0x00000000300484d0, 0x00000000300d74e0,
0x00000000302349f0, 0x000000003023c2f0, 0x0000000033cd8ac0, 0x0000000033ca4fa0,
0x0000000035c78970, 0x0000000036296010, 0x0000000033bee970, 0x0000000033bef7e0,
0x000000003c93a3f0, 0x0000000035f55870, 0x0000000035f54a00, 0x000000003c93e280,
0x000000003c937d70, 0x000000003c93d410, 0x000000003c93c0d0, 0x0000000033bee4a0,
0x000000003c9378a0
}

Java Threads: ( => current thread )
  0x0000000001646510 JavaThread "main" [_thread_blocked, id=8368, stack(0x0000000001530000,0x0000000001630000)]
  0x00000000300011b0 JavaThread "Reference Handler" daemon [_thread_blocked, id=9348, stack(0x0000000030400000,0x0000000030500000)]
  0x000000003002e7a0 JavaThread "Finalizer" daemon [_thread_blocked, id=9352, stack(0x0000000030500000,0x0000000030600000)]
  0x000000003003b030 JavaThread "Signal Dispatcher" daemon [_thread_blocked, id=9380, stack(0x0000000030700000,0x0000000030800000)]
  0x000000003003bb00 JavaThread "Attach Listener" daemon [_thread_blocked, id=9384, stack(0x0000000030800000,0x0000000030900000)]
  0x000000003003e5e0 JavaThread "C2 CompilerThread0" daemon [_thread_blocked, id=9388, stack(0x0000000030900000,0x0000000030a00000)]
  0x00000000300484d0 JavaThread "C1 CompilerThread0" daemon [_thread_blocked, id=9392, stack(0x0000000030a00000,0x0000000030b00000)]
  0x00000000300d74e0 JavaThread "Sweeper thread" daemon [_thread_blocked, id=9400, stack(0x0000000030b00000,0x0000000030c00000)]
  0x00000000302349f0 JavaThread "Common-Cleaner" daemon [_thread_blocked, id=9748, stack(0x0000000030c00000,0x0000000030d00000)]
  0x000000003023c2f0 JavaThread "Service Thread" daemon [_thread_blocked, id=9884, stack(0x0000000030d00000,0x0000000030e00000)]
  0x0000000033cd8ac0 JavaThread "ForkJoinPool.commonPool-worker-19" daemon [_thread_blocked, id=9656, stack(0x0000000035440000,0x0000000035540000)]
  0x0000000033ca4fa0 JavaThread "neo4j.Scheduler-1" daemon [_thread_blocked, id=8612, stack(0x00000000366c0000,0x00000000367c0000)]
  0x0000000035c78970 JavaThread "Cleaner-0" daemon [_thread_blocked, id=10416, stack(0x0000000036510000,0x0000000036610000)]
  0x0000000036296010 JavaThread "FileSystemWatchService" daemon [_thread_in_native, id=10488, stack(0x0000000039f70000,0x000000003a070000)]
  0x0000000033bee970 JavaThread "neo4j.VmPauseMonitor-1" daemon [_thread_blocked, id=10548, stack(0x000000003b940000,0x000000003ba40000)]
  0x0000000033bef7e0 JavaThread "MuninnPageCache[1]-EvictionTask" daemon [_thread_blocked, id=11228, stack(0x000000003d9f0000,0x000000003daf0000)]
  0x000000003c93a3f0 JavaThread "neo4j.CheckPoint-6" daemon [_thread_blocked, id=2272, stack(0x0000000000990000,0x0000000000a90000)]
  0x0000000035f55870 JavaThread "neo4j.TransactionTimeoutMonitor-32" daemon [_thread_blocked, id=14132, stack(0x0000000000890000,0x0000000000990000)]
  0x0000000035f54a00 JavaThread "neo4j.CheckPoint-7" daemon [_thread_blocked, id=15184, stack(0x000000003def0000,0x000000003dff0000)]
  0x000000003c93e280 JavaThread "neo4j.StorageMaintenance-38" daemon [_thread_blocked, id=17020, stack(0x0000000000790000,0x0000000000890000)]
  0x000000003c937d70 JavaThread "neo4j.TransactionTimeoutMonitor-36" daemon [_thread_blocked, id=8728, stack(0x000000003b840000,0x000000003b940000)]
  0x000000003c93d410 JavaThread "neo4j.ServerTransactionTimeout-11" daemon [_thread_blocked, id=5584, stack(0x0000000041810000,0x0000000041910000)]
  0x000000003c93c0d0 JavaThread "neo4j.IndexSampling-27" daemon [_thread_blocked, id=12308, stack(0x0000000041a10000,0x0000000041b10000)]
  0x0000000033bee4a0 JavaThread "DestroyJavaVM" [_thread_blocked, id=11392, stack(0x0000000001530000,0x0000000001630000)]
=>0x000000003c9378a0 JavaThread "globalEventExecutor-1-2" [_thread_in_vm, id=13728, stack(0x0000000034aa0000,0x0000000034ba0000)]

Other Threads:
  0x000000002fffbe50 VMThread "VM Thread" [stack: 0x0000000030300000,0x0000000030400000] [id=9284]
  0x000000003023cbd0 WatcherThread [stack: 0x0000000030e00000,0x0000000030f00000] [id=9888]
  0x000000000165ef00 GCTaskThread "GC Thread#0" [stack: 0x0000000018b50000,0x0000000018c50000] [id=8820]
  0x0000000031f26f90 GCTaskThread "GC Thread#1" [stack: 0x00000000328d0000,0x00000000329d0000] [id=7620]
  0x00000000319cf600 GCTaskThread "GC Thread#2" [stack: 0x00000000329d0000,0x0000000032ad0000] [id=9228]
  0x00000000319cf940 GCTaskThread "GC Thread#3" [stack: 0x0000000032ad0000,0x0000000032bd0000] [id=9276]
  0x00000000319cfc80 GCTaskThread "GC Thread#4" [stack: 0x0000000032bd0000,0x0000000032cd0000] [id=9252]
  0x0000000031962b20 GCTaskThread "GC Thread#5" [stack: 0x0000000032cd0000,0x0000000032dd0000] [id=9272]
  0x0000000031962e60 GCTaskThread "GC Thread#6" [stack: 0x0000000032dd0000,0x0000000032ed0000] [id=9012]
  0x00000000319631a0 GCTaskThread "GC Thread#7" [stack: 0x0000000032ed0000,0x0000000032fd0000] [id=9044]
  0x0000000031bdfc40 GCTaskThread "GC Thread#8" [stack: 0x0000000032fd0000,0x00000000330d0000] [id=8340]
  0x0000000031bdff80 GCTaskThread "GC Thread#9" [stack: 0x00000000330d0000,0x00000000331d0000] [id=8848]
  0x00000000016dcae0 ConcurrentGCThread "G1 Main Marker" [stack: 0x000000002c650000,0x000000002c750000] [id=8836]
  0x00000000016de5a0 ConcurrentGCThread "G1 Conc#0" [stack: 0x000000002c750000,0x000000002c850000] [id=8840]
  0x000000003249f9b0 ConcurrentGCThread "G1 Conc#1" [stack: 0x0000000034fa0000,0x00000000350a0000] [id=6164]
  0x0000000032492df0 ConcurrentGCThread "G1 Conc#2" [stack: 0x00000000350a0000,0x00000000351a0000] [id=1940]
  0x000000002f465f10 ConcurrentGCThread "G1 Refine#0" [stack: 0x000000002f500000,0x000000002f600000] [id=8952]
  0x000000003c9269b0 ConcurrentGCThread "G1 Refine#1" [stack: 0x0000000001430000,0x0000000001530000] [id=10368]
  0x000000003c927730 ConcurrentGCThread "G1 Refine#2" [stack: 0x0000000039db0000,0x0000000039eb0000] [id=16484]
  0x000000003c9273d0 ConcurrentGCThread "G1 Refine#3" [stack: 0x000000003ba40000,0x000000003bb40000] [id=1368]
  0x000000003c924b50 ConcurrentGCThread "G1 Refine#4" [stack: 0x000000003cf20000,0x000000003d020000] [id=13364]
  0x000000003c927a90 ConcurrentGCThread "G1 Refine#5" [stack: 0x000000003d2f0000,0x000000003d3f0000] [id=6724]
  0x000000002f466660 ConcurrentGCThread "G1 Young RemSet Sampling" [stack: 0x000000002f600000,0x000000002f700000] [id=9048]

Threads with active compile tasks:

VM state:not at safepoint (normal execution)

VM Mutex/Monitor currently owned by a thread: None

Heap address: 0x0000000603000000, size: 8144 MB, Compressed Oops mode: Zero based, Oop shift amount: 3
Narrow klass base: 0x0000000800000000, Narrow klass shift: 0
Compressed class space size: 1073741824 Address: 0x0000000800000000

Heap:
 garbage-first heap   total 522240K, used 214958K [0x0000000603000000, 0x0000000800000000)
  region size 2048K, 94 young (192512K), 6 survivors (12288K)
 Metaspace       used 73686K, capacity 76298K, committed 76416K, reserved 1114112K
  class space    used 9615K, capacity 10776K, committed 10880K, reserved 1048576K
Heap Regions: E=young(eden), S=young(survivor), O=old, HS=humongous(starts), HC=humongous(continues), CS=collection set, F=free, A=archive, TAMS=top-at-mark-start (previous, next)
|   0|0x0000000603000000, 0x0000000603200000, 0x0000000603200000|100%| O|  |TAMS 0x0000000603200000, 0x0000000603000000| Untracked 
|   1|0x0000000603200000, 0x0000000603400000, 0x0000000603400000|100%| O|  |TAMS 0x0000000603400000, 0x0000000603200000| Untracked 
|   2|0x0000000603400000, 0x0000000603600000, 0x0000000603600000|100%| O|  |TAMS 0x0000000603600000, 0x0000000603400000| Untracked 
|   3|0x0000000603600000, 0x0000000603800000, 0x0000000603800000|100%| O|  |TAMS 0x0000000603800000, 0x0000000603600000| Untracked 
|   4|0x0000000603800000, 0x0000000603a00000, 0x0000000603a00000|100%| O|  |TAMS 0x0000000603a00000, 0x0000000603800000| Untracked 
|   5|0x0000000603a00000, 0x0000000603c00000, 0x0000000603c00000|100%| O|  |TAMS 0x0000000603c00000, 0x0000000603a00000| Untracked 
|   6|0x0000000603c00000, 0x0000000603e00000, 0x0000000603e00000|100%| O|  |TAMS 0x0000000603cdca00, 0x0000000603c00000| Untracked 
|   7|0x0000000603e00000, 0x0000000604000000, 0x0000000604000000|100%| O|  |TAMS 0x0000000603e00000, 0x0000000603e00000| Untracked 
|   8|0x0000000604000000, 0x0000000604200000, 0x0000000604200000|100%| O|  |TAMS 0x0000000604000000, 0x0000000604000000| Untracked 
|   9|0x0000000604200000, 0x0000000604400000, 0x0000000604400000|100%| O|  |TAMS 0x0000000604200000, 0x0000000604200000| Untracked 
|  10|0x0000000604400000, 0x0000000604600000, 0x0000000604600000|100%| O|  |TAMS 0x0000000604400000, 0x0000000604400000| Untracked 
|  11|0x0000000604600000, 0x00000006047f8600, 0x0000000604800000| 98%| O|  |TAMS 0x0000000604600000, 0x0000000604600000| Untracked 
|  12|0x0000000604800000, 0x0000000604800000, 0x0000000604a00000|  0%| F|  |TAMS 0x0000000604800000, 0x0000000604800000| Untracked 
|  13|0x0000000604a00000, 0x0000000604a00000, 0x0000000604c00000|  0%| F|  |TAMS 0x0000000604a00000, 0x0000000604a00000| Untracked 
|  14|0x0000000604c00000, 0x0000000604c00000, 0x0000000604e00000|  0%| F|  |TAMS 0x0000000604c00000, 0x0000000604c00000| Untracked 
|  15|0x0000000604e00000, 0x0000000604e00000, 0x0000000605000000|  0%| F|  |TAMS 0x0000000604e00000, 0x0000000604e00000| Untracked 
|  16|0x0000000605000000, 0x0000000605000000, 0x0000000605200000|  0%| F|  |TAMS 0x0000000605000000, 0x0000000605000000| Untracked 
|  17|0x0000000605200000, 0x0000000605200000, 0x0000000605400000|  0%| F|  |TAMS 0x0000000605200000, 0x0000000605200000| Untracked 
|  18|0x0000000605400000, 0x0000000605400000, 0x0000000605600000|  0%| F|  |TAMS 0x0000000605400000, 0x0000000605400000| Untracked 
|  19|0x0000000605600000, 0x0000000605600000, 0x0000000605800000|  0%| F|  |TAMS 0x0000000605600000, 0x0000000605600000| Untracked 
|  20|0x0000000605800000, 0x0000000605800000, 0x0000000605a00000|  0%| F|  |TAMS 0x0000000605800000, 0x0000000605800000| Untracked 
|  21|0x0000000605a00000, 0x0000000605a00000, 0x0000000605c00000|  0%| F|  |TAMS 0x0000000605a00000, 0x0000000605a00000| Untracked 
|  22|0x0000000605c00000, 0x0000000605c00000, 0x0000000605e00000|  0%| F|  |TAMS 0x0000000605c00000, 0x0000000605c00000| Untracked 
|  23|0x0000000605e00000, 0x0000000605e00000, 0x0000000606000000|  0%| F|  |TAMS 0x0000000605e00000, 0x0000000605e00000| Untracked 
|  24|0x0000000606000000, 0x0000000606000000, 0x0000000606200000|  0%| F|  |TAMS 0x0000000606000000, 0x0000000606000000| Untracked 
|  25|0x0000000606200000, 0x0000000606200000, 0x0000000606400000|  0%| F|  |TAMS 0x0000000606200000, 0x0000000606200000| Untracked 
|  26|0x0000000606400000, 0x0000000606400000, 0x0000000606600000|  0%| F|  |TAMS 0x0000000606400000, 0x0000000606400000| Untracked 
|  27|0x0000000606600000, 0x0000000606600000, 0x0000000606800000|  0%| F|  |TAMS 0x0000000606600000, 0x0000000606600000| Untracked 
|  28|0x0000000606800000, 0x0000000606800000, 0x0000000606a00000|  0%| F|  |TAMS 0x0000000606800000, 0x0000000606800000| Untracked 
|  29|0x0000000606a00000, 0x0000000606a00000, 0x0000000606c00000|  0%| F|  |TAMS 0x0000000606a00000, 0x0000000606a00000| Untracked 
|  30|0x0000000606c00000, 0x0000000606c00000, 0x0000000606e00000|  0%| F|  |TAMS 0x0000000606c00000, 0x0000000606c00000| Untracked 
|  31|0x0000000606e00000, 0x0000000606e00000, 0x0000000607000000|  0%| F|  |TAMS 0x0000000606e00000, 0x0000000606e00000| Untracked 
|  32|0x0000000607000000, 0x0000000607000000, 0x0000000607200000|  0%| F|  |TAMS 0x0000000607000000, 0x0000000607000000| Untracked 
|  33|0x0000000607200000, 0x0000000607200000, 0x0000000607400000|  0%| F|  |TAMS 0x0000000607200000, 0x0000000607200000| Untracked 
|  34|0x0000000607400000, 0x0000000607400000, 0x0000000607600000|  0%| F|  |TAMS 0x0000000607400000, 0x0000000607400000| Untracked 
|  35|0x0000000607600000, 0x0000000607600000, 0x0000000607800000|  0%| F|  |TAMS 0x0000000607600000, 0x0000000607600000| Untracked 
|  36|0x0000000607800000, 0x0000000607800000, 0x0000000607a00000|  0%| F|  |TAMS 0x0000000607800000, 0x0000000607800000| Untracked 
|  37|0x0000000607a00000, 0x0000000607a00000, 0x0000000607c00000|  0%| F|  |TAMS 0x0000000607a00000, 0x0000000607a00000| Untracked 
|  38|0x0000000607c00000, 0x0000000607c00000, 0x0000000607e00000|  0%| F|  |TAMS 0x0000000607c00000, 0x0000000607c00000| Untracked 
|  39|0x0000000607e00000, 0x0000000607e00000, 0x0000000608000000|  0%| F|  |TAMS 0x0000000607e00000, 0x0000000607e00000| Untracked 
|  40|0x0000000608000000, 0x0000000608000000, 0x0000000608200000|  0%| F|  |TAMS 0x0000000608000000, 0x0000000608000000| Untracked 
|  41|0x0000000608200000, 0x0000000608200000, 0x0000000608400000|  0%| F|  |TAMS 0x0000000608200000, 0x0000000608200000| Untracked 
|  42|0x0000000608400000, 0x0000000608400000, 0x0000000608600000|  0%| F|  |TAMS 0x0000000608400000, 0x0000000608400000| Untracked 
|  43|0x0000000608600000, 0x0000000608600000, 0x0000000608800000|  0%| F|  |TAMS 0x0000000608600000, 0x0000000608600000| Untracked 
|  44|0x0000000608800000, 0x0000000608800000, 0x0000000608a00000|  0%| F|  |TAMS 0x0000000608800000, 0x0000000608800000| Untracked 
|  45|0x0000000608a00000, 0x0000000608a00000, 0x0000000608c00000|  0%| F|  |TAMS 0x0000000608a00000, 0x0000000608a00000| Untracked 
|  46|0x0000000608c00000, 0x0000000608c00000, 0x0000000608e00000|  0%| F|  |TAMS 0x0000000608c00000, 0x0000000608c00000| Untracked 
|  47|0x0000000608e00000, 0x0000000608e00000, 0x0000000609000000|  0%| F|  |TAMS 0x0000000608e00000, 0x0000000608e00000| Untracked 
|  48|0x0000000609000000, 0x0000000609000000, 0x0000000609200000|  0%| F|  |TAMS 0x0000000609000000, 0x0000000609000000| Untracked 
|  49|0x0000000609200000, 0x0000000609200000, 0x0000000609400000|  0%| F|  |TAMS 0x0000000609200000, 0x0000000609200000| Untracked 
|  50|0x0000000609400000, 0x0000000609400000, 0x0000000609600000|  0%| F|  |TAMS 0x0000000609400000, 0x0000000609400000| Untracked 
|  51|0x0000000609600000, 0x0000000609600000, 0x0000000609800000|  0%| F|  |TAMS 0x0000000609600000, 0x0000000609600000| Untracked 
|  52|0x0000000609800000, 0x0000000609800000, 0x0000000609a00000|  0%| F|  |TAMS 0x0000000609800000, 0x0000000609800000| Untracked 
|  53|0x0000000609a00000, 0x0000000609a00000, 0x0000000609c00000|  0%| F|  |TAMS 0x0000000609a00000, 0x0000000609a00000| Untracked 
|  54|0x0000000609c00000, 0x0000000609c00000, 0x0000000609e00000|  0%| F|  |TAMS 0x0000000609c00000, 0x0000000609c00000| Untracked 
|  55|0x0000000609e00000, 0x0000000609e00000, 0x000000060a000000|  0%| F|  |TAMS 0x0000000609e00000, 0x0000000609e00000| Untracked 
|  56|0x000000060a000000, 0x000000060a000000, 0x000000060a200000|  0%| F|  |TAMS 0x000000060a000000, 0x000000060a000000| Untracked 
|  57|0x000000060a200000, 0x000000060a200000, 0x000000060a400000|  0%| F|  |TAMS 0x000000060a200000, 0x000000060a200000| Untracked 
|  58|0x000000060a400000, 0x000000060a400000, 0x000000060a600000|  0%| F|  |TAMS 0x000000060a400000, 0x000000060a400000| Untracked 
|  59|0x000000060a600000, 0x000000060a600000, 0x000000060a800000|  0%| F|  |TAMS 0x000000060a600000, 0x000000060a600000| Untracked 
|  60|0x000000060a800000, 0x000000060a800000, 0x000000060aa00000|  0%| F|  |TAMS 0x000000060a800000, 0x000000060a800000| Untracked 
|  61|0x000000060aa00000, 0x000000060aa00000, 0x000000060ac00000|  0%| F|  |TAMS 0x000000060aa00000, 0x000000060aa00000| Untracked 
|  62|0x000000060ac00000, 0x000000060ac00000, 0x000000060ae00000|  0%| F|  |TAMS 0x000000060ac00000, 0x000000060ac00000| Untracked 
|  63|0x000000060ae00000, 0x000000060ae00000, 0x000000060b000000|  0%| F|  |TAMS 0x000000060ae00000, 0x000000060ae00000| Untracked 
|  64|0x000000060b000000, 0x000000060b000000, 0x000000060b200000|  0%| F|  |TAMS 0x000000060b000000, 0x000000060b000000| Untracked 
|  65|0x000000060b200000, 0x000000060b200000, 0x000000060b400000|  0%| F|  |TAMS 0x000000060b200000, 0x000000060b200000| Untracked 
|  66|0x000000060b400000, 0x000000060b400000, 0x000000060b600000|  0%| F|  |TAMS 0x000000060b400000, 0x000000060b400000| Untracked 
|  67|0x000000060b600000, 0x000000060b600000, 0x000000060b800000|  0%| F|  |TAMS 0x000000060b600000, 0x000000060b600000| Untracked 
|  68|0x000000060b800000, 0x000000060b800000, 0x000000060ba00000|  0%| F|  |TAMS 0x000000060b800000, 0x000000060b800000| Untracked 
|  69|0x000000060ba00000, 0x000000060ba00000, 0x000000060bc00000|  0%| F|  |TAMS 0x000000060ba00000, 0x000000060ba00000| Untracked 
|  70|0x000000060bc00000, 0x000000060bc00000, 0x000000060be00000|  0%| F|  |TAMS 0x000000060bc00000, 0x000000060bc00000| Untracked 
|  71|0x000000060be00000, 0x000000060be00000, 0x000000060c000000|  0%| F|  |TAMS 0x000000060be00000, 0x000000060be00000| Untracked 
|  72|0x000000060c000000, 0x000000060c000000, 0x000000060c200000|  0%| F|  |TAMS 0x000000060c000000, 0x000000060c000000| Untracked 
|  73|0x000000060c200000, 0x000000060c200000, 0x000000060c400000|  0%| F|  |TAMS 0x000000060c200000, 0x000000060c200000| Untracked 
|  74|0x000000060c400000, 0x000000060c400000, 0x000000060c600000|  0%| F|  |TAMS 0x000000060c400000, 0x000000060c400000| Untracked 
|  75|0x000000060c600000, 0x000000060c600000, 0x000000060c800000|  0%| F|  |TAMS 0x000000060c600000, 0x000000060c600000| Untracked 
|  76|0x000000060c800000, 0x000000060c800000, 0x000000060ca00000|  0%| F|  |TAMS 0x000000060c800000, 0x000000060c800000| Untracked 
|  77|0x000000060ca00000, 0x000000060ca00000, 0x000000060cc00000|  0%| F|  |TAMS 0x000000060ca00000, 0x000000060ca00000| Untracked 
|  78|0x000000060cc00000, 0x000000060cc00000, 0x000000060ce00000|  0%| F|  |TAMS 0x000000060cc00000, 0x000000060cc00000| Untracked 
|  79|0x000000060ce00000, 0x000000060ce00000, 0x000000060d000000|  0%| F|  |TAMS 0x000000060ce00000, 0x000000060ce00000| Untracked 
|  80|0x000000060d000000, 0x000000060d000000, 0x000000060d200000|  0%| F|  |TAMS 0x000000060d000000, 0x000000060d000000| Untracked 
|  81|0x000000060d200000, 0x000000060d200000, 0x000000060d400000|  0%| F|  |TAMS 0x000000060d200000, 0x000000060d200000| Untracked 
|  82|0x000000060d400000, 0x000000060d400000, 0x000000060d600000|  0%| F|  |TAMS 0x000000060d400000, 0x000000060d400000| Untracked 
|  83|0x000000060d600000, 0x000000060d600000, 0x000000060d800000|  0%| F|  |TAMS 0x000000060d600000, 0x000000060d600000| Untracked 
|  84|0x000000060d800000, 0x000000060d800000, 0x000000060da00000|  0%| F|  |TAMS 0x000000060d800000, 0x000000060d800000| Untracked 
|  85|0x000000060da00000, 0x000000060da00000, 0x000000060dc00000|  0%| F|  |TAMS 0x000000060da00000, 0x000000060da00000| Untracked 
|  86|0x000000060dc00000, 0x000000060dc00000, 0x000000060de00000|  0%| F|  |TAMS 0x000000060dc00000, 0x000000060dc00000| Untracked 
|  87|0x000000060de00000, 0x000000060de00000, 0x000000060e000000|  0%| F|  |TAMS 0x000000060de00000, 0x000000060de00000| Untracked 
|  88|0x000000060e000000, 0x000000060e000000, 0x000000060e200000|  0%| F|  |TAMS 0x000000060e000000, 0x000000060e000000| Untracked 
|  89|0x000000060e200000, 0x000000060e200000, 0x000000060e400000|  0%| F|  |TAMS 0x000000060e200000, 0x000000060e200000| Untracked 
|  90|0x000000060e400000, 0x000000060e400000, 0x000000060e600000|  0%| F|  |TAMS 0x000000060e400000, 0x000000060e400000| Untracked 
|  91|0x000000060e600000, 0x000000060e600000, 0x000000060e800000|  0%| F|  |TAMS 0x000000060e600000, 0x000000060e600000| Untracked 
|  92|0x000000060e800000, 0x000000060e800000, 0x000000060ea00000|  0%| F|  |TAMS 0x000000060e800000, 0x000000060e800000| Untracked 
|  93|0x000000060ea00000, 0x000000060ea00000, 0x000000060ec00000|  0%| F|  |TAMS 0x000000060ea00000, 0x000000060ea00000| Untracked 
|  94|0x000000060ec00000, 0x000000060ec00000, 0x000000060ee00000|  0%| F|  |TAMS 0x000000060ec00000, 0x000000060ec00000| Untracked 
|  95|0x000000060ee00000, 0x000000060ee00000, 0x000000060f000000|  0%| F|  |TAMS 0x000000060ee00000, 0x000000060ee00000| Untracked 
|  96|0x000000060f000000, 0x000000060f000000, 0x000000060f200000|  0%| F|  |TAMS 0x000000060f000000, 0x000000060f000000| Untracked 
|  97|0x000000060f200000, 0x000000060f200000, 0x000000060f400000|  0%| F|  |TAMS 0x000000060f200000, 0x000000060f200000| Untracked 
|  98|0x000000060f400000, 0x000000060f400000, 0x000000060f600000|  0%| F|  |TAMS 0x000000060f400000, 0x000000060f400000| Untracked 
|  99|0x000000060f600000, 0x000000060f600000, 0x000000060f800000|  0%| F|  |TAMS 0x000000060f600000, 0x000000060f600000| Untracked 
| 100|0x000000060f800000, 0x000000060f800000, 0x000000060fa00000|  0%| F|  |TAMS 0x000000060f800000, 0x000000060f800000| Untracked 
| 101|0x000000060fa00000, 0x000000060fa00000, 0x000000060fc00000|  0%| F|  |TAMS 0x000000060fa00000, 0x000000060fa00000| Untracked 
| 102|0x000000060fc00000, 0x000000060fc00000, 0x000000060fe00000|  0%| F|  |TAMS 0x000000060fc00000, 0x000000060fc00000| Untracked 
| 103|0x000000060fe00000, 0x000000060fe00000, 0x0000000610000000|  0%| F|  |TAMS 0x000000060fe00000, 0x000000060fe00000| Untracked 
| 104|0x0000000610000000, 0x00000006101f3530, 0x0000000610200000| 97%| S|CS|TAMS 0x0000000610000000, 0x0000000610000000| Complete 
| 105|0x0000000610200000, 0x0000000610400000, 0x0000000610400000|100%| S|CS|TAMS 0x0000000610200000, 0x0000000610200000| Complete 
| 106|0x0000000610400000, 0x0000000610600000, 0x0000000610600000|100%| S|CS|TAMS 0x0000000610400000, 0x0000000610400000| Complete 
| 107|0x0000000610600000, 0x0000000610800000, 0x0000000610800000|100%| S|CS|TAMS 0x0000000610600000, 0x0000000610600000| Complete 
| 108|0x0000000610800000, 0x0000000610a00000, 0x0000000610a00000|100%| S|CS|TAMS 0x0000000610800000, 0x0000000610800000| Complete 
| 109|0x0000000610a00000, 0x0000000610c00000, 0x0000000610c00000|100%| S|CS|TAMS 0x0000000610a00000, 0x0000000610a00000| Complete 
| 110|0x0000000610c00000, 0x0000000610c00000, 0x0000000610e00000|  0%| F|  |TAMS 0x0000000610c00000, 0x0000000610c00000| Untracked 
| 111|0x0000000610e00000, 0x0000000610e00000, 0x0000000611000000|  0%| F|  |TAMS 0x0000000610e00000, 0x0000000610e00000| Untracked 
| 112|0x0000000611000000, 0x0000000611000000, 0x0000000611200000|  0%| F|  |TAMS 0x0000000611000000, 0x0000000611000000| Untracked 
| 113|0x0000000611200000, 0x0000000611200000, 0x0000000611400000|  0%| F|  |TAMS 0x0000000611200000, 0x0000000611200000| Untracked 
| 114|0x0000000611400000, 0x0000000611400000, 0x0000000611600000|  0%| F|  |TAMS 0x0000000611400000, 0x0000000611400000| Untracked 
| 115|0x0000000611600000, 0x0000000611600000, 0x0000000611800000|  0%| F|  |TAMS 0x0000000611600000, 0x0000000611600000| Untracked 
| 116|0x0000000611800000, 0x0000000611800000, 0x0000000611a00000|  0%| F|  |TAMS 0x0000000611800000, 0x0000000611800000| Untracked 
| 117|0x0000000611a00000, 0x0000000611a00000, 0x0000000611c00000|  0%| F|  |TAMS 0x0000000611a00000, 0x0000000611a00000| Untracked 
| 118|0x0000000611c00000, 0x0000000611c00000, 0x0000000611e00000|  0%| F|  |TAMS 0x0000000611c00000, 0x0000000611c00000| Untracked 
| 119|0x0000000611e00000, 0x0000000611e00000, 0x0000000612000000|  0%| F|  |TAMS 0x0000000611e00000, 0x0000000611e00000| Untracked 
| 120|0x0000000612000000, 0x0000000612000000, 0x0000000612200000|  0%| F|  |TAMS 0x0000000612000000, 0x0000000612000000| Untracked 
| 121|0x0000000612200000, 0x0000000612200000, 0x0000000612400000|  0%| F|  |TAMS 0x0000000612200000, 0x0000000612200000| Untracked 
| 122|0x0000000612400000, 0x0000000612400000, 0x0000000612600000|  0%| F|  |TAMS 0x0000000612400000, 0x0000000612400000| Untracked 
| 123|0x0000000612600000, 0x0000000612600000, 0x0000000612800000|  0%| F|  |TAMS 0x0000000612600000, 0x0000000612600000| Untracked 
| 124|0x0000000612800000, 0x0000000612800000, 0x0000000612a00000|  0%| F|  |TAMS 0x0000000612800000, 0x0000000612800000| Untracked 
| 125|0x0000000612a00000, 0x0000000612a00000, 0x0000000612c00000|  0%| F|  |TAMS 0x0000000612a00000, 0x0000000612a00000| Untracked 
| 126|0x0000000612c00000, 0x0000000612c00000, 0x0000000612e00000|  0%| F|  |TAMS 0x0000000612c00000, 0x0000000612c00000| Untracked 
| 127|0x0000000612e00000, 0x0000000612e00000, 0x0000000613000000|  0%| F|  |TAMS 0x0000000612e00000, 0x0000000612e00000| Untracked 
| 128|0x0000000613000000, 0x0000000613000000, 0x0000000613200000|  0%| F|  |TAMS 0x0000000613000000, 0x0000000613000000| Untracked 
| 129|0x0000000613200000, 0x0000000613200000, 0x0000000613400000|  0%| F|  |TAMS 0x0000000613200000, 0x0000000613200000| Untracked 
| 130|0x0000000613400000, 0x0000000613400000, 0x0000000613600000|  0%| F|  |TAMS 0x0000000613400000, 0x0000000613400000| Untracked 
| 131|0x0000000613600000, 0x0000000613600000, 0x0000000613800000|  0%| F|  |TAMS 0x0000000613600000, 0x0000000613600000| Untracked 
| 132|0x0000000613800000, 0x0000000613800000, 0x0000000613a00000|  0%| F|  |TAMS 0x0000000613800000, 0x0000000613800000| Untracked 
| 133|0x0000000613a00000, 0x0000000613a00000, 0x0000000613c00000|  0%| F|  |TAMS 0x0000000613a00000, 0x0000000613a00000| Untracked 
| 134|0x0000000613c00000, 0x0000000613c00000, 0x0000000613e00000|  0%| F|  |TAMS 0x0000000613c00000, 0x0000000613c00000| Untracked 
| 135|0x0000000613e00000, 0x0000000613e00000, 0x0000000614000000|  0%| F|  |TAMS 0x0000000613e00000, 0x0000000613e00000| Untracked 
| 136|0x0000000614000000, 0x0000000614000000, 0x0000000614200000|  0%| F|  |TAMS 0x0000000614000000, 0x0000000614000000| Untracked 
| 137|0x0000000614200000, 0x0000000614200000, 0x0000000614400000|  0%| F|  |TAMS 0x0000000614200000, 0x0000000614200000| Untracked 
| 138|0x0000000614400000, 0x0000000614400000, 0x0000000614600000|  0%| F|  |TAMS 0x0000000614400000, 0x0000000614400000| Untracked 
| 139|0x0000000614600000, 0x0000000614600000, 0x0000000614800000|  0%| F|  |TAMS 0x0000000614600000, 0x0000000614600000| Untracked 
| 140|0x0000000614800000, 0x0000000614800000, 0x0000000614a00000|  0%| F|  |TAMS 0x0000000614800000, 0x0000000614800000| Untracked 
| 141|0x0000000614a00000, 0x0000000614a00000, 0x0000000614c00000|  0%| F|  |TAMS 0x0000000614a00000, 0x0000000614a00000| Untracked 
| 142|0x0000000614c00000, 0x0000000614c00000, 0x0000000614e00000|  0%| F|  |TAMS 0x0000000614c00000, 0x0000000614c00000| Untracked 
| 143|0x0000000614e00000, 0x0000000614e00000, 0x0000000615000000|  0%| F|  |TAMS 0x0000000614e00000, 0x0000000614e00000| Untracked 
| 144|0x0000000615000000, 0x0000000615000000, 0x0000000615200000|  0%| F|  |TAMS 0x0000000615000000, 0x0000000615000000| Untracked 
| 145|0x0000000615200000, 0x0000000615200000, 0x0000000615400000|  0%| F|  |TAMS 0x0000000615200000, 0x0000000615200000| Untracked 
| 146|0x0000000615400000, 0x0000000615400000, 0x0000000615600000|  0%| F|  |TAMS 0x0000000615400000, 0x0000000615400000| Untracked 
| 147|0x0000000615600000, 0x0000000615600000, 0x0000000615800000|  0%| F|  |TAMS 0x0000000615600000, 0x0000000615600000| Untracked 
| 148|0x0000000615800000, 0x0000000615800000, 0x0000000615a00000|  0%| F|  |TAMS 0x0000000615800000, 0x0000000615800000| Untracked 
| 149|0x0000000615a00000, 0x0000000615a00000, 0x0000000615c00000|  0%| F|  |TAMS 0x0000000615a00000, 0x0000000615a00000| Untracked 
| 150|0x0000000615c00000, 0x0000000615c00000, 0x0000000615e00000|  0%| F|  |TAMS 0x0000000615c00000, 0x0000000615c00000| Untracked 
| 151|0x0000000615e00000, 0x0000000615e00000, 0x0000000616000000|  0%| F|  |TAMS 0x0000000615e00000, 0x0000000615e00000| Untracked 
| 152|0x0000000616000000, 0x0000000616000000, 0x0000000616200000|  0%| F|  |TAMS 0x0000000616000000, 0x0000000616000000| Untracked 
| 153|0x0000000616200000, 0x0000000616200000, 0x0000000616400000|  0%| F|  |TAMS 0x0000000616200000, 0x0000000616200000| Untracked 
| 154|0x0000000616400000, 0x0000000616400000, 0x0000000616600000|  0%| F|  |TAMS 0x0000000616400000, 0x0000000616400000| Untracked 
| 155|0x0000000616600000, 0x0000000616600000, 0x0000000616800000|  0%| F|  |TAMS 0x0000000616600000, 0x0000000616600000| Untracked 
| 156|0x0000000616800000, 0x0000000616800000, 0x0000000616a00000|  0%| F|  |TAMS 0x0000000616800000, 0x0000000616800000| Untracked 
| 157|0x0000000616a00000, 0x0000000616a00000, 0x0000000616c00000|  0%| F|  |TAMS 0x0000000616a00000, 0x0000000616a00000| Untracked 
| 158|0x0000000616c00000, 0x0000000616c00000, 0x0000000616e00000|  0%| F|  |TAMS 0x0000000616c00000, 0x0000000616c00000| Untracked 
| 159|0x0000000616e00000, 0x0000000616e00000, 0x0000000617000000|  0%| F|  |TAMS 0x0000000616e00000, 0x0000000616e00000| Untracked 
| 160|0x0000000617000000, 0x0000000617000000, 0x0000000617200000|  0%| F|  |TAMS 0x0000000617000000, 0x0000000617000000| Untracked 
| 161|0x0000000617200000, 0x0000000617200000, 0x0000000617400000|  0%| F|  |TAMS 0x0000000617200000, 0x0000000617200000| Untracked 
| 162|0x0000000617400000, 0x0000000617400000, 0x0000000617600000|  0%| F|  |TAMS 0x0000000617400000, 0x0000000617400000| Untracked 
| 163|0x0000000617600000, 0x0000000617600000, 0x0000000617800000|  0%| F|  |TAMS 0x0000000617600000, 0x0000000617600000| Untracked 
| 164|0x0000000617800000, 0x0000000617800000, 0x0000000617a00000|  0%| F|  |TAMS 0x0000000617800000, 0x0000000617800000| Untracked 
| 165|0x0000000617a00000, 0x0000000617a00000, 0x0000000617c00000|  0%| F|  |TAMS 0x0000000617a00000, 0x0000000617a00000| Untracked 
| 166|0x0000000617c00000, 0x0000000617c00000, 0x0000000617e00000|  0%| F|  |TAMS 0x0000000617c00000, 0x0000000617c00000| Untracked 
| 167|0x0000000617e00000, 0x0000000618000000, 0x0000000618000000|100%| E|  |TAMS 0x0000000617e00000, 0x0000000617e00000| Complete 
| 168|0x0000000618000000, 0x0000000618200000, 0x0000000618200000|100%| E|CS|TAMS 0x0000000618000000, 0x0000000618000000| Complete 
| 169|0x0000000618200000, 0x0000000618400000, 0x0000000618400000|100%| E|CS|TAMS 0x0000000618200000, 0x0000000618200000| Complete 
| 170|0x0000000618400000, 0x0000000618600000, 0x0000000618600000|100%| E|CS|TAMS 0x0000000618400000, 0x0000000618400000| Complete 
| 171|0x0000000618600000, 0x0000000618800000, 0x0000000618800000|100%| E|CS|TAMS 0x0000000618600000, 0x0000000618600000| Complete 
| 172|0x0000000618800000, 0x0000000618a00000, 0x0000000618a00000|100%| E|CS|TAMS 0x0000000618800000, 0x0000000618800000| Complete 
| 173|0x0000000618a00000, 0x0000000618c00000, 0x0000000618c00000|100%| E|CS|TAMS 0x0000000618a00000, 0x0000000618a00000| Complete 
| 174|0x0000000618c00000, 0x0000000618e00000, 0x0000000618e00000|100%| E|CS|TAMS 0x0000000618c00000, 0x0000000618c00000| Complete 
| 175|0x0000000618e00000, 0x0000000619000000, 0x0000000619000000|100%| E|CS|TAMS 0x0000000618e00000, 0x0000000618e00000| Complete 
| 176|0x0000000619000000, 0x0000000619200000, 0x0000000619200000|100%| E|CS|TAMS 0x0000000619000000, 0x0000000619000000| Complete 
| 177|0x0000000619200000, 0x0000000619400000, 0x0000000619400000|100%| E|CS|TAMS 0x0000000619200000, 0x0000000619200000| Complete 
| 178|0x0000000619400000, 0x0000000619600000, 0x0000000619600000|100%| E|CS|TAMS 0x0000000619400000, 0x0000000619400000| Complete 
| 179|0x0000000619600000, 0x0000000619800000, 0x0000000619800000|100%| E|CS|TAMS 0x0000000619600000, 0x0000000619600000| Complete 
| 180|0x0000000619800000, 0x0000000619a00000, 0x0000000619a00000|100%| E|CS|TAMS 0x0000000619800000, 0x0000000619800000| Complete 
| 181|0x0000000619a00000, 0x0000000619c00000, 0x0000000619c00000|100%| E|CS|TAMS 0x0000000619a00000, 0x0000000619a00000| Complete 
| 182|0x0000000619c00000, 0x0000000619e00000, 0x0000000619e00000|100%| E|CS|TAMS 0x0000000619c00000, 0x0000000619c00000| Complete 
| 183|0x0000000619e00000, 0x000000061a000000, 0x000000061a000000|100%| E|CS|TAMS 0x0000000619e00000, 0x0000000619e00000| Complete 
| 184|0x000000061a000000, 0x000000061a200000, 0x000000061a200000|100%| E|CS|TAMS 0x000000061a000000, 0x000000061a000000| Complete 
| 185|0x000000061a200000, 0x000000061a400000, 0x000000061a400000|100%| E|CS|TAMS 0x000000061a200000, 0x000000061a200000| Complete 
| 186|0x000000061a400000, 0x000000061a600000, 0x000000061a600000|100%| E|CS|TAMS 0x000000061a400000, 0x000000061a400000| Complete 
| 187|0x000000061a600000, 0x000000061a800000, 0x000000061a800000|100%| E|CS|TAMS 0x000000061a600000, 0x000000061a600000| Complete 
| 188|0x000000061a800000, 0x000000061aa00000, 0x000000061aa00000|100%| E|CS|TAMS 0x000000061a800000, 0x000000061a800000| Complete 
| 189|0x000000061aa00000, 0x000000061ac00000, 0x000000061ac00000|100%| E|CS|TAMS 0x000000061aa00000, 0x000000061aa00000| Complete 
| 190|0x000000061ac00000, 0x000000061ae00000, 0x000000061ae00000|100%| E|CS|TAMS 0x000000061ac00000, 0x000000061ac00000| Complete 
| 191|0x000000061ae00000, 0x000000061b000000, 0x000000061b000000|100%| E|CS|TAMS 0x000000061ae00000, 0x000000061ae00000| Complete 
| 192|0x000000061b000000, 0x000000061b200000, 0x000000061b200000|100%| E|CS|TAMS 0x000000061b000000, 0x000000061b000000| Complete 
| 193|0x000000061b200000, 0x000000061b400000, 0x000000061b400000|100%| E|CS|TAMS 0x000000061b200000, 0x000000061b200000| Complete 
| 194|0x000000061b400000, 0x000000061b600000, 0x000000061b600000|100%| E|CS|TAMS 0x000000061b400000, 0x000000061b400000| Complete 
| 195|0x000000061b600000, 0x000000061b800000, 0x000000061b800000|100%| E|CS|TAMS 0x000000061b600000, 0x000000061b600000| Complete 
| 196|0x000000061b800000, 0x000000061ba00000, 0x000000061ba00000|100%| E|CS|TAMS 0x000000061b800000, 0x000000061b800000| Complete 
| 197|0x000000061ba00000, 0x000000061bc00000, 0x000000061bc00000|100%| E|CS|TAMS 0x000000061ba00000, 0x000000061ba00000| Complete 
| 198|0x000000061bc00000, 0x000000061be00000, 0x000000061be00000|100%| E|CS|TAMS 0x000000061bc00000, 0x000000061bc00000| Complete 
| 199|0x000000061be00000, 0x000000061c000000, 0x000000061c000000|100%| E|CS|TAMS 0x000000061be00000, 0x000000061be00000| Complete 
| 200|0x000000061c000000, 0x000000061c200000, 0x000000061c200000|100%| E|CS|TAMS 0x000000061c000000, 0x000000061c000000| Complete 
| 201|0x000000061c200000, 0x000000061c400000, 0x000000061c400000|100%| E|CS|TAMS 0x000000061c200000, 0x000000061c200000| Complete 
| 202|0x000000061c400000, 0x000000061c600000, 0x000000061c600000|100%| E|CS|TAMS 0x000000061c400000, 0x000000061c400000| Complete 
| 203|0x000000061c600000, 0x000000061c800000, 0x000000061c800000|100%| E|CS|TAMS 0x000000061c600000, 0x000000061c600000| Complete 
| 204|0x000000061c800000, 0x000000061ca00000, 0x000000061ca00000|100%| E|CS|TAMS 0x000000061c800000, 0x000000061c800000| Complete 
| 205|0x000000061ca00000, 0x000000061cc00000, 0x000000061cc00000|100%| E|CS|TAMS 0x000000061ca00000, 0x000000061ca00000| Complete 
| 206|0x000000061cc00000, 0x000000061ce00000, 0x000000061ce00000|100%| E|CS|TAMS 0x000000061cc00000, 0x000000061cc00000| Complete 
| 207|0x000000061ce00000, 0x000000061d000000, 0x000000061d000000|100%| E|CS|TAMS 0x000000061ce00000, 0x000000061ce00000| Complete 
| 208|0x000000061d000000, 0x000000061d200000, 0x000000061d200000|100%| E|CS|TAMS 0x000000061d000000, 0x000000061d000000| Complete 
| 209|0x000000061d200000, 0x000000061d400000, 0x000000061d400000|100%| E|CS|TAMS 0x000000061d200000, 0x000000061d200000| Complete 
| 210|0x000000061d400000, 0x000000061d600000, 0x000000061d600000|100%| E|CS|TAMS 0x000000061d400000, 0x000000061d400000| Complete 
| 211|0x000000061d600000, 0x000000061d800000, 0x000000061d800000|100%| E|CS|TAMS 0x000000061d600000, 0x000000061d600000| Complete 
| 212|0x000000061d800000, 0x000000061da00000, 0x000000061da00000|100%| E|CS|TAMS 0x000000061d800000, 0x000000061d800000| Complete 
| 213|0x000000061da00000, 0x000000061dc00000, 0x000000061dc00000|100%| E|CS|TAMS 0x000000061da00000, 0x000000061da00000| Complete 
| 214|0x000000061dc00000, 0x000000061de00000, 0x000000061de00000|100%| E|CS|TAMS 0x000000061dc00000, 0x000000061dc00000| Complete 
| 215|0x000000061de00000, 0x000000061e000000, 0x000000061e000000|100%| E|CS|TAMS 0x000000061de00000, 0x000000061de00000| Complete 
| 216|0x000000061e000000, 0x000000061e200000, 0x000000061e200000|100%| E|CS|TAMS 0x000000061e000000, 0x000000061e000000| Complete 
| 217|0x000000061e200000, 0x000000061e400000, 0x000000061e400000|100%| E|CS|TAMS 0x000000061e200000, 0x000000061e200000| Complete 
| 218|0x000000061e400000, 0x000000061e600000, 0x000000061e600000|100%| E|CS|TAMS 0x000000061e400000, 0x000000061e400000| Complete 
| 219|0x000000061e600000, 0x000000061e800000, 0x000000061e800000|100%| E|CS|TAMS 0x000000061e600000, 0x000000061e600000| Complete 
| 220|0x000000061e800000, 0x000000061ea00000, 0x000000061ea00000|100%| E|CS|TAMS 0x000000061e800000, 0x000000061e800000| Complete 
| 221|0x000000061ea00000, 0x000000061ec00000, 0x000000061ec00000|100%| E|CS|TAMS 0x000000061ea00000, 0x000000061ea00000| Complete 
| 222|0x000000061ec00000, 0x000000061ee00000, 0x000000061ee00000|100%| E|CS|TAMS 0x000000061ec00000, 0x000000061ec00000| Complete 
| 223|0x000000061ee00000, 0x000000061f000000, 0x000000061f000000|100%| E|CS|TAMS 0x000000061ee00000, 0x000000061ee00000| Complete 
| 224|0x000000061f000000, 0x000000061f200000, 0x000000061f200000|100%| E|CS|TAMS 0x000000061f000000, 0x000000061f000000| Complete 
| 225|0x000000061f200000, 0x000000061f400000, 0x000000061f400000|100%| E|CS|TAMS 0x000000061f200000, 0x000000061f200000| Complete 
| 226|0x000000061f400000, 0x000000061f600000, 0x000000061f600000|100%| E|CS|TAMS 0x000000061f400000, 0x000000061f400000| Complete 
| 227|0x000000061f600000, 0x000000061f800000, 0x000000061f800000|100%| E|CS|TAMS 0x000000061f600000, 0x000000061f600000| Complete 
| 228|0x000000061f800000, 0x000000061fa00000, 0x000000061fa00000|100%| E|CS|TAMS 0x000000061f800000, 0x000000061f800000| Complete 
| 229|0x000000061fa00000, 0x000000061fc00000, 0x000000061fc00000|100%| E|CS|TAMS 0x000000061fa00000, 0x000000061fa00000| Complete 
| 230|0x000000061fc00000, 0x000000061fe00000, 0x000000061fe00000|100%| E|CS|TAMS 0x000000061fc00000, 0x000000061fc00000| Complete 
| 231|0x000000061fe00000, 0x0000000620000000, 0x0000000620000000|100%| E|CS|TAMS 0x000000061fe00000, 0x000000061fe00000| Complete 
| 232|0x0000000620000000, 0x0000000620200000, 0x0000000620200000|100%| E|CS|TAMS 0x0000000620000000, 0x0000000620000000| Complete 
| 233|0x0000000620200000, 0x0000000620400000, 0x0000000620400000|100%| E|CS|TAMS 0x0000000620200000, 0x0000000620200000| Complete 
| 234|0x0000000620400000, 0x0000000620600000, 0x0000000620600000|100%| E|CS|TAMS 0x0000000620400000, 0x0000000620400000| Complete 
| 235|0x0000000620600000, 0x0000000620800000, 0x0000000620800000|100%| E|CS|TAMS 0x0000000620600000, 0x0000000620600000| Complete 
| 236|0x0000000620800000, 0x0000000620a00000, 0x0000000620a00000|100%| E|CS|TAMS 0x0000000620800000, 0x0000000620800000| Complete 
| 237|0x0000000620a00000, 0x0000000620c00000, 0x0000000620c00000|100%| E|CS|TAMS 0x0000000620a00000, 0x0000000620a00000| Complete 
| 238|0x0000000620c00000, 0x0000000620e00000, 0x0000000620e00000|100%| E|CS|TAMS 0x0000000620c00000, 0x0000000620c00000| Complete 
| 239|0x0000000620e00000, 0x0000000621000000, 0x0000000621000000|100%| E|CS|TAMS 0x0000000620e00000, 0x0000000620e00000| Complete 
| 240|0x0000000621000000, 0x0000000621200000, 0x0000000621200000|100%| E|CS|TAMS 0x0000000621000000, 0x0000000621000000| Complete 
| 241|0x0000000621200000, 0x0000000621400000, 0x0000000621400000|100%| E|CS|TAMS 0x0000000621200000, 0x0000000621200000| Complete 
| 242|0x0000000621400000, 0x0000000621600000, 0x0000000621600000|100%| E|CS|TAMS 0x0000000621400000, 0x0000000621400000| Complete 
| 243|0x0000000621600000, 0x0000000621800000, 0x0000000621800000|100%| E|CS|TAMS 0x0000000621600000, 0x0000000621600000| Complete 
| 244|0x0000000621800000, 0x0000000621a00000, 0x0000000621a00000|100%| E|CS|TAMS 0x0000000621800000, 0x0000000621800000| Complete 
| 245|0x0000000621a00000, 0x0000000621c00000, 0x0000000621c00000|100%| E|CS|TAMS 0x0000000621a00000, 0x0000000621a00000| Complete 
| 246|0x0000000621c00000, 0x0000000621e00000, 0x0000000621e00000|100%| E|CS|TAMS 0x0000000621c00000, 0x0000000621c00000| Complete 
| 247|0x0000000621e00000, 0x0000000622000000, 0x0000000622000000|100%| E|CS|TAMS 0x0000000621e00000, 0x0000000621e00000| Complete 
| 248|0x0000000622000000, 0x0000000622200000, 0x0000000622200000|100%| E|CS|TAMS 0x0000000622000000, 0x0000000622000000| Complete 
| 249|0x0000000622200000, 0x0000000622400000, 0x0000000622400000|100%| E|CS|TAMS 0x0000000622200000, 0x0000000622200000| Complete 
| 250|0x0000000622400000, 0x0000000622600000, 0x0000000622600000|100%| E|CS|TAMS 0x0000000622400000, 0x0000000622400000| Complete 
| 251|0x0000000622600000, 0x0000000622800000, 0x0000000622800000|100%| E|CS|TAMS 0x0000000622600000, 0x0000000622600000| Complete 
| 252|0x0000000622800000, 0x0000000622a00000, 0x0000000622a00000|100%| E|CS|TAMS 0x0000000622800000, 0x0000000622800000| Complete 
| 253|0x0000000622a00000, 0x0000000622c00000, 0x0000000622c00000|100%| E|CS|TAMS 0x0000000622a00000, 0x0000000622a00000| Complete 
| 254|0x0000000622c00000, 0x0000000622e00000, 0x0000000622e00000|100%| E|CS|TAMS 0x0000000622c00000, 0x0000000622c00000| Complete 

Card table byte_map: [0x000000001a6e0000,0x000000001b6d0000] _byte_map_base: 0x00000000176c8000

Marking Bits (Prev, Next): (CMBitMap*) 0x00000000016cc460, (CMBitMap*) 0x00000000016cc428
 Prev Bits: [0x0000000024600000, 0x000000002c540000)
 Next Bits: [0x000000001c6c0000, 0x0000000024600000)

Polling page: 0x0000000000660000

Metaspace:

Usage:
  Non-class:     63.99 MB capacity,    62.57 MB ( 98%) used,     1.11 MB (  2%) free+waste,   309.88 KB ( <1%) overhead. 
      Class:     10.52 MB capacity,     9.39 MB ( 89%) used,  1000.47 KB (  9%) free+waste,   160.06 KB (  1%) overhead. 
       Both:     74.51 MB capacity,    71.96 MB ( 97%) used,     2.09 MB (  3%) free+waste,   469.94 KB ( <1%) overhead. 

Virtual space:
  Non-class space:       64.00 MB reserved,      64.00 MB (100%) committed 
      Class space:        1.00 GB reserved,      10.63 MB (  1%) committed 
             Both:        1.06 GB reserved,      74.63 MB (  7%) committed 

Chunk freelists:
   Non-Class:  1.75 KB
       Class:  0 bytes
        Both:  1.75 KB

CodeHeap 'non-profiled nmethods': size=120000Kb used=6153Kb max_used=6153Kb free=113846Kb
 bounds [0x0000000011440000, 0x0000000011a50000, 0x0000000018970000]
CodeHeap 'profiled nmethods': size=120000Kb used=15380Kb max_used=15380Kb free=104619Kb
 bounds [0x0000000009f10000, 0x000000000ae20000, 0x0000000011440000]
CodeHeap 'non-nmethods': size=5760Kb used=1406Kb max_used=1444Kb free=4353Kb
 bounds [0x0000000009970000, 0x0000000009be0000, 0x0000000009f10000]
 total_blobs=8879 nmethods=6081 adapters=765
 compilation: enabled
              stopped_count=0, restarted_count=0
 full_count=0

Compilation events (10 events):
Event: 796662.461 Thread 0x000000003003e5e0 6098       4       java.util.HashSet::isEmpty (8 bytes)
Event: 796662.471 Thread 0x000000003003e5e0 nmethod 6098 0x0000000011a41f10 code [0x0000000011a420a0, 0x0000000011a42118]
Event: 796663.460 Thread 0x00000000300484d0 6099       3       java.util.Arrays::fill (21 bytes)
Event: 796663.460 Thread 0x00000000300484d0 nmethod 6099 0x000000000ae13e10 code [0x000000000ae13fe0, 0x000000000ae14378]
Event: 796663.917 Thread 0x00000000300484d0 6100       3       java.util.concurrent.locks.ReentrantLock$Sync::tryRelease (45 bytes)
Event: 796663.918 Thread 0x00000000300484d0 nmethod 6100 0x000000000ae14510 code [0x000000000ae146e0, 0x000000000ae14a50]
Event: 796663.933 Thread 0x00000000300484d0 6101       1       java.util.concurrent.SynchronousQueue::isEmpty (2 bytes)
Event: 796663.933 Thread 0x00000000300484d0 nmethod 6101 0x0000000011a42210 code [0x0000000011a423c0, 0x0000000011a424d8]
Event: 796664.313 Thread 0x00000000300484d0 6102       3       java.util.IdentityHashMap::unmaskNull (13 bytes)
Event: 796664.313 Thread 0x00000000300484d0 nmethod 6102 0x000000000ae14c90 code [0x000000000ae14e40, 0x000000000ae14fd8]

GC Heap History (10 events):
Event: 525197.874 GC heap before
{Heap before GC invocations=19 (full 0):
 garbage-first heap   total 522240K, used 333405K [0x0000000603000000, 0x0000000800000000)
  region size 2048K, 153 young (313344K), 8 survivors (16384K)
 Metaspace       used 73086K, capacity 75597K, committed 75776K, reserved 1114112K
  class space    used 9527K, capacity 10629K, committed 10752K, reserved 1048576K
}
Event: 525197.883 GC heap after
{Heap after GC invocations=20 (full 0):
 garbage-first heap   total 522240K, used 36665K [0x0000000603000000, 0x0000000800000000)
  region size 2048K, 8 young (16384K), 8 survivors (16384K)
 Metaspace       used 73086K, capacity 75597K, committed 75776K, reserved 1114112K
  class space    used 9527K, capacity 10629K, committed 10752K, reserved 1048576K
}
Event: 704186.094 GC heap before
{Heap before GC invocations=20 (full 0):
 garbage-first heap   total 522240K, used 333625K [0x0000000603000000, 0x0000000800000000)
  region size 2048K, 153 young (313344K), 8 survivors (16384K)
 Metaspace       used 73087K, capacity 75597K, committed 75776K, reserved 1114112K
  class space    used 9527K, capacity 10629K, committed 10752K, reserved 1048576K
}
Event: 704186.104 GC heap after
{Heap after GC invocations=21 (full 0):
 garbage-first heap   total 522240K, used 36452K [0x0000000603000000, 0x0000000800000000)
  region size 2048K, 8 young (16384K), 8 survivors (16384K)
 Metaspace       used 73087K, capacity 75597K, committed 75776K, reserved 1114112K
  class space    used 9527K, capacity 10629K, committed 10752K, reserved 1048576K
}
Event: 704186.844 GC heap before
{Heap before GC invocations=21 (full 0):
 garbage-first heap   total 522240K, used 333412K [0x0000000603000000, 0x0000000800000000)
  region size 2048K, 153 young (313344K), 8 survivors (16384K)
 Metaspace       used 73087K, capacity 75597K, committed 75776K, reserved 1114112K
  class space    used 9527K, capacity 10629K, committed 10752K, reserved 1048576K
}
Event: 704186.855 GC heap after
{Heap after GC invocations=22 (full 0):
 garbage-first heap   total 522240K, used 36447K [0x0000000603000000, 0x0000000800000000)
  region size 2048K, 8 young (16384K), 8 survivors (16384K)
 Metaspace       used 73087K, capacity 75597K, committed 75776K, reserved 1114112K
  class space    used 9527K, capacity 10629K, committed 10752K, reserved 1048576K
}
Event: 718034.477 GC heap before
{Heap before GC invocations=22 (full 0):
 garbage-first heap   total 522240K, used 333407K [0x0000000603000000, 0x0000000800000000)
  region size 2048K, 153 young (313344K), 8 survivors (16384K)
 Metaspace       used 73090K, capacity 75597K, committed 75776K, reserved 1114112K
  class space    used 9527K, capacity 10629K, committed 10752K, reserved 1048576K
}
Event: 718034.603 GC heap after
{Heap after GC invocations=23 (full 0):
 garbage-first heap   total 522240K, used 36270K [0x0000000603000000, 0x0000000800000000)
  region size 2048K, 8 young (16384K), 8 survivors (16384K)
 Metaspace       used 73090K, capacity 75597K, committed 75776K, reserved 1114112K
  class space    used 9527K, capacity 10629K, committed 10752K, reserved 1048576K
}
Event: 784133.919 GC heap before
{Heap before GC invocations=23 (full 0):
 garbage-first heap   total 522240K, used 333230K [0x0000000603000000, 0x0000000800000000)
  region size 2048K, 153 young (313344K), 8 survivors (16384K)
 Metaspace       used 73098K, capacity 75603K, committed 75776K, reserved 1114112K
  class space    used 9527K, capacity 10630K, committed 10752K, reserved 1048576K
}
Event: 784134.041 GC heap after
{Heap after GC invocations=24 (full 0):
 garbage-first heap   total 522240K, used 36782K [0x0000000603000000, 0x0000000800000000)
  region size 2048K, 6 young (12288K), 6 survivors (12288K)
 Metaspace       used 73098K, capacity 75603K, committed 75776K, reserved 1114112K
  class space    used 9527K, capacity 10630K, committed 10752K, reserved 1048576K
}

Deoptimization events (10 events):
Event: 796658.953 Thread 0x0000000001646510 Uncommon trap: reason=class_check action=maybe_recompile pc=0x0000000011942b44 method=java.util.stream.ReferencePipeline.forEachWithCancel(Ljava/util/Spliterator;Ljava/util/stream/Sink;)Z @ 1 c2
Event: 796658.954 Thread 0x0000000001646510 Uncommon trap: reason=class_check action=maybe_recompile pc=0x0000000011847988 method=org.neo4j.index.internal.gbptree.TreeNodeFixedSize.valueAt(Lorg/neo4j/io/pagecache/PageCursor;Ljava/lang/Object;ILorg/neo4j/io/pagecache/context/CursorContext;)Ljava/lan
Event: 796658.955 Thread 0x0000000001646510 Uncommon trap: reason=class_check action=maybe_recompile pc=0x0000000011847988 method=org.neo4j.index.internal.gbptree.TreeNodeFixedSize.valueAt(Lorg/neo4j/io/pagecache/PageCursor;Ljava/lang/Object;ILorg/neo4j/io/pagecache/context/CursorContext;)Ljava/lan
Event: 796658.960 Thread 0x0000000001646510 Uncommon trap: reason=unstable_if action=reinterpret pc=0x0000000011865364 method=org.neo4j.index.internal.gbptree.InternalTreeLogic.insertInLeaf(Lorg/neo4j/io/pagecache/PageCursor;Lorg/neo4j/index/internal/gbptree/StructurePropagation;Ljava/lang/Object;L
Event: 796658.963 Thread 0x0000000001646510 Uncommon trap: reason=class_check action=maybe_recompile pc=0x00000000119ab304 method=org.eclipse.collections.impl.map.mutable.primitive.LongObjectHashMap.forEachKeyValue(Lorg/eclipse/collections/api/block/procedure/primitive/LongObjectProcedure;)V @ 50 c
Event: 796659.255 Thread 0x0000000001646510 Uncommon trap: reason=unstable_if action=reinterpret pc=0x000000001190ff98 method=java.lang.ref.SoftReference.get()Ljava/lang/Object; @ 6 c2
Event: 796659.258 Thread 0x0000000001646510 Uncommon trap: reason=class_check action=maybe_recompile pc=0x00000000119749d0 method=java.util.stream.ReferencePipeline$7$1.begin(J)V @ 7 c2
Event: 796659.379 Thread 0x0000000033bee970 Uncommon trap: reason=unstable_if action=reinterpret pc=0x00000000119ea8b8 method=org.neo4j.monitoring.VmPauseMonitor.monitor()V @ 17 c2
Event: 796663.450 Thread 0x0000000035f55d40 Uncommon trap: reason=class_check action=maybe_recompile pc=0x0000000011716aac method=java.util.Collections$SetFromMap.remove(Ljava/lang/Object;)Z @ 5 c2
Event: 796663.450 Thread 0x0000000035f55d40 Uncommon trap: reason=class_check action=maybe_recompile pc=0x0000000011716aac method=java.util.Collections$SetFromMap.remove(Ljava/lang/Object;)Z @ 5 c2

Classes redefined (0 events):
No events

Internal exceptions (10 events):
Event: 796658.489 Thread 0x0000000036296010 Exception <a 'sun/nio/fs/WindowsException'{0x000000061a903d40}> (0x000000061a903d40) thrown at [t:/workspace/open/src/hotspot/share/prims/jni.cpp, line 615]
Event: 796658.491 Thread 0x0000000036296010 Exception <a 'sun/nio/fs/WindowsException'{0x000000061a903db0}> (0x000000061a903db0) thrown at [t:/workspace/open/src/hotspot/share/prims/jni.cpp, line 615]
Event: 796658.606 Thread 0x0000000001646510 Exception <a 'java/lang/NoSuchMethodError'{0x000000061a634850}: java.lang.invoke.DirectMethodHandle$Holder.invokeVirtual(Ljava/lang/Object;Ljava/lang/Object;J)V> (0x000000061a634850) thrown at [t:/workspace/open/src/hotspot/share/interpreter/linkResolver.
Event: 796658.607 Thread 0x0000000001646510 Exception <a 'java/lang/NoSuchMethodError'{0x000000061a63a910}: java.lang.invoke.DirectMethodHandle$Holder.invokeStatic(Ljava/lang/Object;Ljava/lang/Object;Ljava/lang/Object;ILjava/lang/Object;)V> (0x000000061a63a910) thrown at [t:/workspace/open/src/hots
Event: 796658.947 Thread 0x0000000036296010 Exception <a 'sun/nio/fs/WindowsException'{0x000000061a903e20}> (0x000000061a903e20) thrown at [t:/workspace/open/src/hotspot/share/prims/jni.cpp, line 615]
Event: 796658.948 Thread 0x0000000036296010 Exception <a 'sun/nio/fs/WindowsException'{0x000000061a903e90}> (0x000000061a903e90) thrown at [t:/workspace/open/src/hotspot/share/prims/jni.cpp, line 615]
Event: 796658.948 Thread 0x0000000036296010 Exception <a 'sun/nio/fs/WindowsException'{0x000000061a903f00}> (0x000000061a903f00) thrown at [t:/workspace/open/src/hotspot/share/prims/jni.cpp, line 615]
Event: 796658.948 Thread 0x0000000036296010 Exception <a 'sun/nio/fs/WindowsException'{0x000000061a903f70}> (0x000000061a903f70) thrown at [t:/workspace/open/src/hotspot/share/prims/jni.cpp, line 615]
Event: 796658.948 Thread 0x0000000036296010 Exception <a 'sun/nio/fs/WindowsException'{0x000000061a903fe0}> (0x000000061a903fe0) thrown at [t:/workspace/open/src/hotspot/share/prims/jni.cpp, line 615]
Event: 796659.255 Thread 0x0000000001646510 Implicit null exception at 0x000000001190f9d0 to 0x000000001190ff7e

Events (10 events):
Event: 796664.314 Thread 0x000000003c93e750 Thread exited: 0x000000003c93e750
Event: 796664.314 Thread 0x000000003c9390b0 Thread exited: 0x000000003c9390b0
Event: 796664.314 Thread 0x0000000033bf1e60 Thread exited: 0x0000000033bf1e60
Event: 796664.314 Thread 0x0000000035f57080 Thread exited: 0x0000000035f57080
Event: 796664.314 Thread 0x0000000033bf1990 Thread exited: 0x0000000033bf1990
Event: 796664.314 Thread 0x0000000035f57550 Thread exited: 0x0000000035f57550
Event: 796664.314 Thread 0x0000000035f56bb0 Thread exited: 0x0000000035f56bb0
Event: 796664.314 Thread 0x0000000033bef310 Thread exited: 0x0000000033bef310
Event: 796664.314 Thread 0x0000000033beee40 Thread exited: 0x0000000033beee40
Event: 796664.314 Thread 0x000000003c93cf40 Thread exited: 0x000000003c93cf40


Dynamic libraries:
0x00007ff6f49e0000 - 0x00007ff6f4a00000 	C:\Program Files\neo4j-community-4.3.6\bin\tools\prunsrv-amd64.exe
0x00007ff80cc10000 - 0x00007ff80ce05000 	C:\WINDOWS\SYSTEM32\ntdll.dll
0x00007ff80c7b0000 - 0x00007ff80c86e000 	C:\WINDOWS\System32\KERNEL32.DLL
0x00007ff80a680000 - 0x00007ff80a948000 	C:\WINDOWS\System32\KERNELBASE.dll
0x00007ff80c420000 - 0x00007ff80c4ce000 	C:\WINDOWS\System32\ADVAPI32.dll
0x00007ff80b5a0000 - 0x00007ff80b63e000 	C:\WINDOWS\System32\msvcrt.dll
0x00007ff80af30000 - 0x00007ff80afcc000 	C:\WINDOWS\System32\sechost.dll
0x00007ff80be60000 - 0x00007ff80bf85000 	C:\WINDOWS\System32\RPCRT4.dll
0x00007ff80b6b0000 - 0x00007ff80bdf4000 	C:\WINDOWS\System32\SHELL32.dll
0x00007ff80aa10000 - 0x00007ff80aaad000 	C:\WINDOWS\System32\msvcp_win.dll
0x00007ff80a580000 - 0x00007ff80a680000 	C:\WINDOWS\System32\ucrtbase.dll
0x00007ff80afe0000 - 0x00007ff80b181000 	C:\WINDOWS\System32\USER32.dll
0x00007ff80abc0000 - 0x00007ff80abe2000 	C:\WINDOWS\System32\win32u.dll
0x00007ff80b1a0000 - 0x00007ff80b1cb000 	C:\WINDOWS\System32\GDI32.dll
0x00007ff80aab0000 - 0x00007ff80abbd000 	C:\WINDOWS\System32\gdi32full.dll
0x00007ff80b380000 - 0x00007ff80b42d000 	C:\WINDOWS\System32\shcore.dll
0x00007ff80c870000 - 0x00007ff80cbc5000 	C:\WINDOWS\System32\combase.dll
0x00007fffe0b40000 - 0x00007fffe1663000 	C:\Program Files\Java\jdk-11.0.2\bin\server\jvm.dll
0x00007ff80c410000 - 0x00007ff80c418000 	C:\WINDOWS\System32\PSAPI.DLL
0x00007ffff37a0000 - 0x00007ffff37c7000 	C:\WINDOWS\SYSTEM32\WINMM.dll
0x00007fffe17d0000 - 0x00007fffe17d9000 	C:\WINDOWS\SYSTEM32\WSOCK32.dll
0x00007ff809090000 - 0x00007ff80909a000 	C:\WINDOWS\SYSTEM32\VERSION.dll
0x00007ff80b640000 - 0x00007ff80b6ab000 	C:\WINDOWS\System32\WS2_32.dll
0x00007fffe45a0000 - 0x00007fffe45bb000 	C:\WINDOWS\SYSTEM32\VCRUNTIME140.dll
0x00007fffddd30000 - 0x00007fffddd41000 	C:\Program Files\Java\jdk-11.0.2\bin\verify.dll
0x00007ff808770000 - 0x00007ff808954000 	C:\WINDOWS\SYSTEM32\DBGHELP.DLL
0x00007fffe2ba0000 - 0x00007fffe2bcc000 	C:\WINDOWS\SYSTEM32\dbgcore.DLL
0x00007ff80a950000 - 0x00007ff80a9d2000 	C:\WINDOWS\System32\bcryptPrimitives.dll
0x00007fffdd110000 - 0x00007fffdd138000 	C:\Program Files\Java\jdk-11.0.2\bin\java.dll
0x00007fffdc450000 - 0x00007fffdc466000 	C:\Program Files\Java\jdk-11.0.2\bin\zip.dll
0x00007fffe1670000 - 0x00007fffe167a000 	C:\Program Files\Java\jdk-11.0.2\bin\jimage.dll
0x00007ff808d10000 - 0x00007ff808d22000 	C:\WINDOWS\SYSTEM32\kernel.appcore.dll
0x00007ff807fd0000 - 0x00007ff808765000 	C:\WINDOWS\SYSTEM32\windows.storage.dll
0x00007ff809d70000 - 0x00007ff809d9e000 	C:\WINDOWS\SYSTEM32\Wldp.dll
0x00007ff80b540000 - 0x00007ff80b595000 	C:\WINDOWS\System32\shlwapi.dll
0x00007ff80a260000 - 0x00007ff80a27f000 	C:\WINDOWS\SYSTEM32\profapi.dll
0x00007fffda1e0000 - 0x00007fffda1f9000 	C:\Program Files\Java\jdk-11.0.2\bin\net.dll
0x00007ff801f50000 - 0x00007ff80205c000 	C:\WINDOWS\SYSTEM32\WINHTTP.dll
0x00007fffef440000 - 0x00007fffef62b000 	C:\WINDOWS\SYSTEM32\urlmon.dll
0x00007fffef410000 - 0x00007fffef438000 	C:\WINDOWS\SYSTEM32\srvcli.dll
0x00007fffeed10000 - 0x00007fffeefc0000 	C:\WINDOWS\SYSTEM32\iertutil.dll
0x00007ff8098d0000 - 0x00007ff8098dc000 	C:\WINDOWS\SYSTEM32\netutils.dll
0x00007ff809ad0000 - 0x00007ff809b3a000 	C:\WINDOWS\system32\mswsock.dll
0x00007fffd9b00000 - 0x00007fffd9b13000 	C:\Program Files\Java\jdk-11.0.2\bin\nio.dll
0x00007fffd7f30000 - 0x00007fffd7f39000 	C:\Program Files\Java\jdk-11.0.2\bin\management.dll
0x00007fffd6770000 - 0x00007fffd677c000 	C:\Program Files\Java\jdk-11.0.2\bin\management_ext.dll
0x00007fffd6160000 - 0x00007fffd6177000 	C:\WINDOWS\system32\napinsp.dll
0x00007fffd6140000 - 0x00007fffd615b000 	C:\WINDOWS\system32\pnrpnsp.dll
0x00007ff803f80000 - 0x00007ff803f95000 	C:\WINDOWS\system32\wshbth.dll
0x00007ff804900000 - 0x00007ff80491d000 	C:\WINDOWS\system32\NLAapi.dll
0x00007ff809770000 - 0x00007ff8097ab000 	C:\WINDOWS\SYSTEM32\IPHLPAPI.DLL
0x00007ff8097b0000 - 0x00007ff80987b000 	C:\WINDOWS\SYSTEM32\DNSAPI.dll
0x00007ff80afd0000 - 0x00007ff80afd8000 	C:\WINDOWS\System32\NSI.dll
0x00007fffd6120000 - 0x00007fffd6132000 	C:\WINDOWS\System32\winrnr.dll
0x00007fffffa00000 - 0x00007fffffa0a000 	C:\Windows\System32\rasadhlp.dll
0x00007ffffbcf0000 - 0x00007ffffbd6f000 	C:\WINDOWS\System32\fwpuclnt.dll
0x00007ff80a9e0000 - 0x00007ff80aa07000 	C:\WINDOWS\System32\bcrypt.dll
0x00007ff809cc0000 - 0x00007ff809cd8000 	C:\WINDOWS\SYSTEM32\CRYPTSP.dll
0x00007ff8093e0000 - 0x00007ff809414000 	C:\WINDOWS\system32\rsaenh.dll
0x00007ff809ce0000 - 0x00007ff809cec000 	C:\WINDOWS\SYSTEM32\CRYPTBASE.dll
0x00007ff801730000 - 0x00007ff801747000 	C:\WINDOWS\SYSTEM32\dhcpcsvc6.DLL
0x00007ff8015e0000 - 0x00007ff8015fd000 	C:\WINDOWS\SYSTEM32\dhcpcsvc.DLL
0x00007fffddce0000 - 0x00007fffddd24000 	C:\Windows\Temp\jna-1029681497\jna13894778674227366748.dll

dbghelp: loaded successfully - version: 4.0.5 - missing functions: none
symbol engine: initialized successfully - sym options: 0x614 - pdb path: .;C:\Program Files\neo4j-community-4.3.6\bin\tools;C:\WINDOWS\SYSTEM32;C:\Program Files\Java\jdk-11.0.2\bin\server;C:\Program Files\Java\jdk-11.0.2\bin;C:\Windows\Temp\jna-1029681497

VM Arguments:
jvm_args: -XX:+UseG1GC -XX:-OmitStackTraceInFastThrow -XX:+AlwaysPreTouch -XX:+UnlockExperimentalVMOptions -XX:+TrustFinalNonStaticFields -XX:+DisableExplicitGC -XX:MaxInlineLevel=15 -XX:-UseBiasedLocking -Djdk.nio.maxCachedBufferSize=262144 -Dio.netty.tryReflectionSetAccessible=true -Djdk.tls.ephemeralDHKeySize=2048 -Djdk.tls.rejectClientInitiatedRenegotiation=true -XX:FlightRecorderOptions=stackdepth=256 -XX:+UnlockDiagnosticVMOptions -XX:+DebugNonSafepoints -Dlog4j2.disable.jmx=true -Dfile.encoding=UTF-8 exit abort 
java_command: <unknown>
java_class_path (initial): ;;C:\Program Files\neo4j-community-4.3.6\lib\annotations-4.3.6.jar;C:\Program Files\neo4j-community-4.3.6\lib\bcpkix-jdk15on-1.68.jar;C:\Program Files\neo4j-community-4.3.6\lib\bcprov-jdk15on-1.68.jar;C:\Program Files\neo4j-community-4.3.6\lib\caffeine-3.0.0.jar;C:\Program Files\neo4j-community-4.3.6\lib\commons-beanutils-1.9.4.jar;C:\Program Files\neo4j-community-4.3.6\lib\commons-collections-3.2.2.jar;C:\Program Files\neo4j-community-4.3.6\lib\commons-compress-1.21.jar;C:\Program Files\neo4j-community-4.3.6\lib\commons-exec-1.3.jar;C:\Program Files\neo4j-community-4.3.6\lib\commons-io-2.9.0.jar;C:\Program Files\neo4j-community-4.3.6\lib\commons-lang3-3.11.jar;C:\Program Files\neo4j-community-4.3.6\lib\commons-logging-1.2.jar;C:\Program Files\neo4j-community-4.3.6\lib\commons-text-1.9.jar;C:\Program Files\neo4j-community-4.3.6\lib\cypher-ast-factory-4.3.6.jar;C:\Program Files\neo4j-community-4.3.6\lib\eclipse-collections-10.4.0.jar;C:\Program Files\neo4j-community-4.3.6\lib\eclipse-collections-api-10.4.0.jar;C:\Program Files\neo4j-community-4.3.6\lib\FastInfoset-1.2.16.jar;C:\Program Files\neo4j-community-4.3.6\lib\hk2-api-2.6.1.jar;C:\Program Files\neo4j-community-4.3.6\lib\hk2-locator-2.6.1.jar;C:\Program Files\neo4j-community-4.3.6\lib\hk2-utils-2.6.1.jar;C:\Program Files\neo4j-community-4.3.6\lib\istack-commons-runtime-3.0.8.jar;C:\Program Files\neo4j-community-4.3.6\lib\jackson-annotations-2.12.1.jar;C:\Program Files\neo4j-community-4.3.6\lib\jackson-core-2.12.1.jar;C:\Program Files\neo4j-community-4.3.6\lib\jackson-databind-2.12.1.jar;C:\Program Files\neo4j-community-4.3.6\lib\jackson-jaxrs-base-2.12.1.jar;C:\Program Files\neo4j-community-4.3.6\lib\jackson-jaxrs-json-provider-2.12.1.jar;C:\Program Files\neo4j-community-4.3.6\lib\jackson-module-jaxb-annotations-2.12.1.jar;C:\Program Files\neo4j-community-4.3.6\lib\jakarta.activation-api-1.2.1.jar;C:\Program Files\neo4j-community-4.3.6\lib\jakarta.annotation-api-1.3.5.jar;C:\Program
Launcher Type: generic

[Global flags]
     bool AlwaysPreTouch                           = true                                      {product} {command line}
     intx CICompilerCount                          = 4                                         {product} {ergonomic}
     uint ConcGCThreads                            = 3                                         {product} {ergonomic}
     bool DebugNonSafepoints                       = true                                   {diagnostic} {command line}
     bool DisableExplicitGC                        = true                                      {product} {command line}
    ccstr FlightRecorderOptions                    = stackdepth=256                            {product} {command line}
     uint G1ConcRefinementThreads                  = 10                                        {product} {ergonomic}
   size_t G1HeapRegionSize                         = 2097152                                   {product} {ergonomic}
    uintx GCDrainStackTargetSize                   = 64                                        {product} {ergonomic}
   size_t InitialHeapSize                          = 534773760                                 {product} {ergonomic}
   size_t MarkStackSize                            = 4194304                                   {product} {ergonomic}
   size_t MaxHeapSize                              = 8539602944                                {product} {ergonomic}
     intx MaxInlineLevel                           = 15                                        {product} {command line}
   size_t MaxNewSize                               = 5123342336                                {product} {ergonomic}
   size_t MinHeapDeltaBytes                        = 2097152                                   {product} {ergonomic}
    uintx NonNMethodCodeHeapSize                   = 5835340                                {pd product} {ergonomic}
    uintx NonProfiledCodeHeapSize                  = 122911450                              {pd product} {ergonomic}
     bool OmitStackTraceInFastThrow                = false                                     {product} {command line}
    uintx ProfiledCodeHeapSize                     = 122911450                              {pd product} {ergonomic}
    uintx ReservedCodeCacheSize                    = 251658240                              {pd product} {ergonomic}
     bool SegmentedCodeCache                       = true                                      {product} {ergonomic}
     bool TrustFinalNonStaticFields                = true                                 {experimental} {command line}
     bool UnlockDiagnosticVMOptions                = true                                   {diagnostic} {command line}
     bool UnlockExperimentalVMOptions              = true                                 {experimental} {command line}
     bool UseBiasedLocking                         = false                                     {product} {command line}
     bool UseCompressedClassPointers               = true                                 {lp64_product} {ergonomic}
     bool UseCompressedOops                        = true                                 {lp64_product} {ergonomic}
     bool UseG1GC                                  = true                                      {product} {command line}
     bool UseLargePagesIndividualAllocation        = false                                  {pd product} {ergonomic}

Logging:
Log output configuration:
 #0: stdout all=warning uptime,level,tags
 #1: stderr all=off uptime,level,tags

Environment Variables:
JAVA_HOME=C:\Program Files\Java\jdk-11.0.2\
PATH=C:\Program Files\Java\jdk-11.0.2\bin;C:\Program Files (x86)\VMware\VMware Workstation\bin\;C:\Program Files\Common Files\Oracle\Java\javapath;C:\Program Files (x86)\Common Files\Oracle\Java\javapath;C:\WINDOWS\system32;C:\WINDOWS;C:\WINDOWS\System32\Wbem;C:\WINDOWS\System32\WindowsPowerShell\v1.0\;C:\WINDOWS\System32\OpenSSH\;C:\Program Files\dotnet\;C:\Program Files (x86)\dotnet\;C:\Program Files\PowerShell\7\;C:\Users\Trainees\AppData\Local\Programs\Neo4j Desktop;C:\Program Files\Git\cmd;C:\Program Files\Java\jdk-11.0.2\bin;C:\Program Files\doxygen\bin;C:\WINDOWS\system32\config\systemprofile\AppData\Local\Microsoft\WindowsApps
USERNAME=DESKTOP-TG4VNEH$
OS=Windows_NT
PROCESSOR_IDENTIFIER=Intel64 Family 6 Model 158 Stepping 13, GenuineIntel



---------------  S Y S T E M  ---------------

OS: Windows 10 , 64 bit Build 19041 (10.0.19041.1466)

CPU:total 12 (initial active 12) (6 cores per cpu, 2 threads per core) family 6 model 158 stepping 13, cmov, cx8, fxsr, mmx, sse, sse2, sse3, ssse3, sse4.1, sse4.2, popcnt, avx, avx2, aes, clmul, erms, 3dnowpref, lzcnt, ht, tsc, tscinvbit, bmi1, bmi2, adx, fma

Memory: 4k page, system-wide physical 32575M (28206M free)
TotalPageFile size 73716M (AvailPageFile size 66922M)
current process WorkingSet (physical memory assigned to process): 214M, peak: 790M
current process commit charge ("private bytes"): 788M, peak: 833M

vm_info: OpenJDK 64-Bit Server VM (11.0.2+9) for windows-amd64 JRE (11.0.2+9), built on Jan 18 2019 05:23:22 by "mach5one" with MS VC++ 15.5 (VS2017)

END.
