#
# A fatal error has been detected by the Java Runtime Environment:
#
#  EXCEPTION_ACCESS_VIOLATION (0xc0000005) at pc=0x00007ff81a8f3650, pid=6024, tid=9104
#
# JRE version: OpenJDK Runtime Environment (11.0.2+9) (build 11.0.2+9)
# Java VM: OpenJDK 64-Bit Server VM (11.0.2+9, mixed mode, tiered, compressed oops, g1 gc, windows-amd64)
# Problematic frame:
# V  [jvm.dll+0x2e3650]
#
# No core dump will be written. Minidumps are not enabled by default on client versions of Windows
#
# If you would like to submit a bug report, please visit:
#   http://bugreport.java.com/bugreport/crash.jsp
#

---------------  S U M M A R Y ------------

Command Line: -XX:+UseG1GC -XX:-OmitStackTraceInFastThrow -XX:+AlwaysPreTouch -XX:+UnlockExperimentalVMOptions -XX:+TrustFinalNonStaticFields -XX:+DisableExplicitGC -XX:MaxInlineLevel=15 -XX:-UseBiasedLocking -Djdk.nio.maxCachedBufferSize=262144 -Dio.netty.tryReflectionSetAccessible=true -Djdk.tls.ephemeralDHKeySize=2048 -Djdk.tls.rejectClientInitiatedRenegotiation=true -XX:FlightRecorderOptions=stackdepth=256 -XX:+UnlockDiagnosticVMOptions -XX:+DebugNonSafepoints -Dlog4j2.disable.jmx=true -Dfile.encoding=UTF-8 exit abort 

Host: Intel(R) Core(TM) i7-9850H CPU @ 2.60GHz, 12 cores, 31G,  Windows 10 , 64 bit Build 19041 (10.0.19041.1566)
Time: Mon Mar 21 12:55:43 2022 Romance Standard Time elapsed time: 303992 seconds (3d 12h 26m 32s)

---------------  T H R E A D  ---------------

Current thread (0x000000003226a780):  GCTaskThread "GC Thread#1" [stack: 0x0000000032e00000,0x0000000032f00000] [id=9104]

Stack: [0x0000000032e00000,0x0000000032f00000],  sp=0x0000000032efe0c0,  free space=1016k
Native frames: (J=compiled Java code, j=interpreted, Vv=VM code, C=native code)
V  [jvm.dll+0x2e3650]
V  [jvm.dll+0x735148]
V  [jvm.dll+0x69adbd]
V  [jvm.dll+0x735a2c]
V  [jvm.dll+0x69be34]
V  [jvm.dll+0x7a4000]
V  [jvm.dll+0x633942]
C  [ucrtbase.dll+0x21bb2]
C  [KERNEL32.DLL+0x17034]
C  [ntdll.dll+0x52651]


siginfo: EXCEPTION_ACCESS_VIOLATION (0xc0000005), reading address 0x0000000001b4ebb8


Register to memory mapping:

RIP=0x00007ff81a8f3650 jvm.dll
RAX=0x0000000001b4eb50 is pointing into the stack for thread: 0x0000000001b687c0
RBX=0x0000000032efe120 points into unknown readable memory: c0 ee 13 42 00 00 00 00
RCX=0x000000000000000e is an unknown value
RDX=0x0000000011e5de10 is at entry_point+-432 in (nmethod*)0x0000000011e5de10
RSP=0x0000000032efe0c0 points into unknown readable memory: 50 eb b4 01 00 00 00 00
RBP=0x0000000001b4ebc0 is pointing into the stack for thread: 0x0000000001b687c0
RSI=0x0000000032efe180 points into unknown readable memory: 78 ed e2 3c 00 00 00 00
RDI=0x0000000032efe150 points into unknown readable memory: 50 eb b4 01 00 00 00 00
R8 =0x0000000032efe180 points into unknown readable memory: 78 ed e2 3c 00 00 00 00
R9 =0x0000000018f80000 points into unknown readable memory: 00 01 02 03 04 05 06 00
R10=0x0000000011960000 points into unknown readable memory: 07 00 00 00 00 00 00 00
R11=0x0000000000000246 is an unknown value
R12=0x000000000000002f is an unknown value
R13=0x0000000000000001 is an unknown value
R14=0x0000000001b687c0 is a thread
R15=0x000000003092f7a8 points into unknown readable memory: 50 f3 ed 1a f8 7f 00 00


Registers:
RAX=0x0000000001b4eb50, RBX=0x0000000032efe120, RCX=0x000000000000000e, RDX=0x0000000011e5de10
RSP=0x0000000032efe0c0, RBP=0x0000000001b4ebc0, RSI=0x0000000032efe180, RDI=0x0000000032efe150
R8 =0x0000000032efe180, R9 =0x0000000018f80000, R10=0x0000000011960000, R11=0x0000000000000246
R12=0x000000000000002f, R13=0x0000000000000001, R14=0x0000000001b687c0, R15=0x000000003092f7a8
RIP=0x00007ff81a8f3650, EFLAGS=0x0000000000010202

Top of Stack: (sp=0x0000000032efe0c0)
0x0000000032efe0c0:   0000000001b4eb50 00007ff81a8f182f
0x0000000032efe0d0:   0000000011e5de10 0000000000000000
0x0000000032efe0e0:   000000003092f7a8 0000000000000000
0x0000000032efe0f0:   00007ff81b01aba8 00007ff81ad45148
0x0000000032efe100:   0000000000000002 0000000001b687c0
0x0000000032efe110:   000000003092f7a8 0000000000000000
0x0000000032efe120:   000000004213eec0 0000000009e90a90
0x0000000032efe130:   0000000009e90910 0000000000000000
0x0000000032efe140:   000000004213f0a0 000000004213eec0
0x0000000032efe150:   0000000001b4eb50 0000000011e5e00b
0x0000000032efe160:   0000000011e5de10 0000000000000000
0x0000000032efe170:   0000000000000000 0000000001b4eb50
0x0000000032efe180:   000000003ce2ed78 000000003ce2ed7c
0x0000000032efe190:   000000003ce2ed70 000000003ce2ed74
0x0000000032efe1a0:   000000003ce2ed68 000000003ce2ed6c
0x0000000032efe1b0:   000000003ce2ed60 000000003ce2ed64 

Instructions: (pc=0x00007ff81a8f3650)
0x00007ff81a8f3630:   d2 0f 84 8c 00 00 00 41 80 b8 20 12 00 00 00 48
0x00007ff81a8f3640:   63 4a 1c 48 8b 47 28 48 8d 2c c8 4c 89 7c 24 50
0x00007ff81a8f3650:   4c 8b 7d f8 74 2d 0f b6 42 58 41 88 80 10 12 00
0x00007ff81a8f3660:   00 48 8b 47 10 48 83 78 50 00 74 0b 48 8b d6 48 


Stack slot to memory mapping:
stack at sp + 0 slots: 0x0000000001b4eb50 is pointing into the stack for thread: 0x0000000001b687c0
stack at sp + 1 slots: 0x00007ff81a8f182f jvm.dll
stack at sp + 2 slots: 0x0000000011e5de10 is at entry_point+-432 in (nmethod*)0x0000000011e5de10
stack at sp + 3 slots: 0x0 is NULL
stack at sp + 4 slots: 0x000000003092f7a8 points into unknown readable memory: 50 f3 ed 1a f8 7f 00 00
stack at sp + 5 slots: 0x0 is NULL
stack at sp + 6 slots: 0x00007ff81b01aba8 jvm.dll
stack at sp + 7 slots: 0x00007ff81ad45148 jvm.dll


---------------  P R O C E S S  ---------------

Threads class SMR info:
_java_thread_list=0x00000000379e9e60, length=47, elements={
0x0000000001b687c0, 0x00000000305309d0, 0x000000003055e140, 0x00000000305ba130,
0x00000000305bac00, 0x00000000305bd790, 0x0000000030573c20, 0x0000000030575140,
0x00000000307301b0, 0x000000003077da10, 0x0000000033bd6310, 0x0000000035ba1500,
0x0000000035ab1a50, 0x0000000033e459d0, 0x000000003173f860, 0x0000000036f7c9c0,
0x00000000324bcbe0, 0x000000003e36f500, 0x000000003e370840, 0x000000003e370370,
0x000000003e372520, 0x000000003e36d350, 0x000000003e36d820, 0x000000003e36f9d0,
0x000000003e36eb60, 0x000000003e372ec0, 0x000000003e373390, 0x000000003e3711e0,
0x000000003e3729f0, 0x000000003e36fea0, 0x000000003e3716b0, 0x000000003e373d30,
0x000000003e372050, 0x000000003e3746d0, 0x000000003e36ce80, 0x000000003e36dcf0,
0x000000003e371b80, 0x000000003e36e1c0, 0x000000003e36f030, 0x00000000366aedc0,
0x00000000366ad5b0, 0x00000000366ae8f0, 0x00000000366b05d0, 0x00000000366af290,
0x00000000366af760, 0x00000000366afc30, 0x00000000366b0100
}

Java Threads: ( => current thread )
  0x0000000001b687c0 JavaThread "main" [_thread_blocked, id=7792, stack(0x0000000001a50000,0x0000000001b50000)]
  0x00000000305309d0 JavaThread "Reference Handler" daemon [_thread_blocked, id=8828, stack(0x0000000030930000,0x0000000030a30000)]
  0x000000003055e140 JavaThread "Finalizer" daemon [_thread_blocked, id=8832, stack(0x0000000030a30000,0x0000000030b30000)]
  0x00000000305ba130 JavaThread "Signal Dispatcher" daemon [_thread_blocked, id=8884, stack(0x0000000030c30000,0x0000000030d30000)]
  0x00000000305bac00 JavaThread "Attach Listener" daemon [_thread_blocked, id=8888, stack(0x0000000030d30000,0x0000000030e30000)]
  0x00000000305bd790 JavaThread "C2 CompilerThread0" daemon [_thread_blocked, id=8892, stack(0x0000000030e30000,0x0000000030f30000)]
  0x0000000030573c20 JavaThread "C1 CompilerThread0" daemon [_thread_blocked, id=8896, stack(0x0000000030f30000,0x0000000031030000)]
  0x0000000030575140 JavaThread "Sweeper thread" daemon [_thread_blocked, id=8900, stack(0x0000000031030000,0x0000000031130000)]
  0x00000000307301b0 JavaThread "Common-Cleaner" daemon [_thread_blocked, id=9192, stack(0x0000000031130000,0x0000000031230000)]
  0x000000003077da10 JavaThread "Service Thread" daemon [_thread_blocked, id=8512, stack(0x0000000031230000,0x0000000031330000)]
  0x0000000033bd6310 JavaThread "ForkJoinPool.commonPool-worker-19" daemon [_thread_blocked, id=10172, stack(0x00000000357d0000,0x00000000358d0000)]
  0x0000000035ba1500 JavaThread "neo4j.Scheduler-1" daemon [_thread_blocked, id=8164, stack(0x0000000036ca0000,0x0000000036da0000)]
  0x0000000035ab1a50 JavaThread "Cleaner-0" daemon [_thread_blocked, id=5720, stack(0x0000000037f70000,0x0000000038070000)]
  0x0000000033e459d0 JavaThread "FileSystemWatchService" daemon [_thread_in_native, id=9392, stack(0x0000000032d00000,0x0000000032e00000)]
  0x000000003173f860 JavaThread "neo4j.VmPauseMonitor-1" daemon [_thread_blocked, id=10016, stack(0x000000003c930000,0x000000003ca30000)]
  0x0000000036f7c9c0 JavaThread "MuninnPageCache[1]-EvictionTask" daemon [_thread_blocked, id=10036, stack(0x000000003cd30000,0x000000003ce30000)]
  0x00000000324bcbe0 JavaThread "neo4j.TransactionTimeoutMonitor-1" daemon [_thread_blocked, id=9236, stack(0x000000003e8a0000,0x000000003e9a0000)]
  0x000000003e36f500 JavaThread "neo4j.CheckPoint-1" daemon [_thread_blocked, id=10204, stack(0x0000000041440000,0x0000000041540000)]
  0x000000003e370840 JavaThread "neo4j.CheckPoint-2" daemon [_thread_blocked, id=5604, stack(0x0000000000cc0000,0x0000000000dc0000)]
  0x000000003e370370 JavaThread "neo4j.TransactionTimeoutMonitor-4" daemon [_thread_blocked, id=8504, stack(0x000000003fb30000,0x000000003fc30000)]
  0x000000003e372520 JavaThread "neo4j.IndexSampling-3" daemon [_thread_blocked, id=6120, stack(0x0000000041940000,0x0000000041a40000)]
  0x000000003e36d350 JavaThread "neo4j.StorageMaintenance-6" daemon [_thread_blocked, id=11672, stack(0x0000000042040000,0x0000000042140000)]
  0x000000003e36d820 JavaThread "neo4j.ServerTransactionTimeout-3" daemon [_thread_blocked, id=6932, stack(0x0000000042140000,0x0000000042240000)]
  0x000000003e36f9d0 JavaThread "neo4j.BoltNetworkIO-2" [_thread_blocked, id=14252, stack(0x0000000000ec0000,0x0000000000fc0000)]
  0x000000003e36eb60 JavaThread "neo4j.BoltNetworkIO-3" [_thread_blocked, id=8456, stack(0x0000000001950000,0x0000000001a50000)]
  0x000000003e372ec0 JavaThread "neo4j.BoltNetworkIO-4" [_thread_blocked, id=4636, stack(0x000000003be10000,0x000000003bf10000)]
  0x000000003e373390 JavaThread "neo4j.BoltNetworkIO-5" [_thread_blocked, id=15376, stack(0x000000003bf10000,0x000000003c010000)]
  0x000000003e3711e0 JavaThread "neo4j.BoltNetworkIO-6" [_thread_blocked, id=13476, stack(0x000000003c430000,0x000000003c530000)]
  0x000000003e3729f0 JavaThread "neo4j.BoltNetworkIO-7" [_thread_blocked, id=10272, stack(0x000000003c530000,0x000000003c630000)]
  0x000000003e36fea0 JavaThread "neo4j.BoltNetworkIO-8" [_thread_blocked, id=2056, stack(0x000000003c630000,0x000000003c730000)]
  0x000000003e3716b0 JavaThread "neo4j.BoltNetworkIO-9" [_thread_blocked, id=16908, stack(0x000000003c730000,0x000000003c830000)]
  0x000000003e373d30 JavaThread "neo4j.BoltNetworkIO-10" [_thread_blocked, id=5480, stack(0x000000003c830000,0x000000003c930000)]
  0x000000003e372050 JavaThread "neo4j.BoltNetworkIO-11" [_thread_blocked, id=3760, stack(0x000000003ca30000,0x000000003cb30000)]
  0x000000003e3746d0 JavaThread "neo4j.BoltNetworkIO-12" [_thread_blocked, id=12952, stack(0x000000003d230000,0x000000003d330000)]
  0x000000003e36ce80 JavaThread "neo4j.BoltNetworkIO-13" [_thread_blocked, id=17624, stack(0x000000003d330000,0x000000003d430000)]
  0x000000003e36dcf0 JavaThread "neo4j.BoltNetworkIO-14" [_thread_blocked, id=8288, stack(0x000000003d430000,0x000000003d530000)]
  0x000000003e371b80 JavaThread "neo4j.BoltNetworkIO-15" [_thread_blocked, id=1724, stack(0x000000003d530000,0x000000003d630000)]
  0x000000003e36e1c0 JavaThread "neo4j.BoltNetworkIO-16" [_thread_blocked, id=16188, stack(0x000000003fa30000,0x000000003fb30000)]
  0x000000003e36f030 JavaThread "neo4j.BoltNetworkIO-17" [_thread_blocked, id=14420, stack(0x000000003fe30000,0x000000003ff30000)]
  0x00000000366aedc0 JavaThread "neo4j.BoltNetworkIO-18" [_thread_blocked, id=12628, stack(0x000000003ff30000,0x0000000040030000)]
  0x00000000366ad5b0 JavaThread "neo4j.BoltNetworkIO-19" [_thread_blocked, id=9628, stack(0x0000000040440000,0x0000000040540000)]
  0x00000000366ae8f0 JavaThread "neo4j.BoltNetworkIO-20" [_thread_blocked, id=14732, stack(0x0000000040540000,0x0000000040640000)]
  0x00000000366b05d0 JavaThread "neo4j.BoltNetworkIO-21" [_thread_blocked, id=7100, stack(0x0000000040640000,0x0000000040740000)]
  0x00000000366af290 JavaThread "neo4j.BoltNetworkIO-22" [_thread_blocked, id=8964, stack(0x0000000040740000,0x0000000040840000)]
  0x00000000366af760 JavaThread "neo4j.BoltNetworkIO-23" [_thread_blocked, id=12888, stack(0x0000000040840000,0x0000000040940000)]
  0x00000000366afc30 JavaThread "neo4j.BoltNetworkIO-24" [_thread_blocked, id=17180, stack(0x0000000040940000,0x0000000040a40000)]
  0x00000000366b0100 JavaThread "DestroyJavaVM" [_thread_blocked, id=10868, stack(0x0000000000dc0000,0x0000000000ec0000)]

Other Threads:
  0x000000003052f7c0 VMThread "VM Thread" [stack: 0x0000000030830000,0x0000000030930000] [id=8796]
  0x000000003077e2f0 WatcherThread [stack: 0x0000000031330000,0x0000000031430000] [id=8448]
  0x0000000001b80b20 GCTaskThread "GC Thread#0" [stack: 0x0000000019070000,0x0000000019170000] [id=2424]
=>0x000000003226a780 GCTaskThread "GC Thread#1" [stack: 0x0000000032e00000,0x0000000032f00000] [id=9104]
  0x0000000032282fc0 GCTaskThread "GC Thread#2" [stack: 0x0000000032f00000,0x0000000033000000] [id=1852]
  0x0000000031d6a020 GCTaskThread "GC Thread#3" [stack: 0x0000000033000000,0x0000000033100000] [id=9016]
  0x0000000031d6a360 GCTaskThread "GC Thread#4" [stack: 0x0000000033100000,0x0000000033200000] [id=8416]
  0x0000000031d6a6a0 GCTaskThread "GC Thread#5" [stack: 0x0000000033200000,0x0000000033300000] [id=8580]
  0x0000000031d6a9e0 GCTaskThread "GC Thread#6" [stack: 0x0000000033300000,0x0000000033400000] [id=8532]
  0x0000000031d6ad20 GCTaskThread "GC Thread#7" [stack: 0x0000000033400000,0x0000000033500000] [id=8492]
  0x0000000031d6b060 GCTaskThread "GC Thread#8" [stack: 0x0000000033500000,0x0000000033600000] [id=8680]
  0x00000000322ba850 GCTaskThread "GC Thread#9" [stack: 0x0000000033600000,0x0000000033700000] [id=8688]
  0x0000000001bfd610 ConcurrentGCThread "G1 Main Marker" [stack: 0x000000002cb90000,0x000000002cc90000] [id=3492]
  0x0000000001bff0d0 ConcurrentGCThread "G1 Conc#0" [stack: 0x000000002cc90000,0x000000002cd90000] [id=8196]
  0x0000000032265b20 ConcurrentGCThread "G1 Conc#1" [stack: 0x00000000355d0000,0x00000000356d0000] [id=10164]
  0x0000000032264e20 ConcurrentGCThread "G1 Conc#2" [stack: 0x00000000356d0000,0x00000000357d0000] [id=10168]
  0x000000002f995b20 ConcurrentGCThread "G1 Refine#0" [stack: 0x000000002fa30000,0x000000002fb30000] [id=8588]
  0x000000002f996270 ConcurrentGCThread "G1 Young RemSet Sampling" [stack: 0x000000002fb30000,0x000000002fc30000] [id=8592]

Threads with active compile tasks:

VM state:at safepoint (normal execution)

VM Mutex/Monitor currently owned by a thread:  ([mutex/lock_event])
[0x0000000001b643b0] Safepoint_lock - owner thread: 0x000000003052f7c0
[0x0000000001b63c60] Threads_lock - owner thread: 0x000000003052f7c0

Heap address: 0x0000000603000000, size: 8144 MB, Compressed Oops mode: Zero based, Oop shift amount: 3
Narrow klass base: 0x0000000800000000, Narrow klass shift: 0
Compressed class space size: 1073741824 Address: 0x0000000800000000

Heap:
 garbage-first heap   total 522240K, used 206647K [0x0000000603000000, 0x0000000800000000)
  region size 2048K, 92 young (188416K), 8 survivors (16384K)
 Metaspace       used 73607K, capacity 76212K, committed 76364K, reserved 1114112K
  class space    used 9612K, capacity 10772K, committed 10828K, reserved 1048576K
Heap Regions: E=young(eden), S=young(survivor), O=old, HS=humongous(starts), HC=humongous(continues), CS=collection set, F=free, A=archive, TAMS=top-at-mark-start (previous, next)
|   0|0x0000000603000000, 0x0000000603200000, 0x0000000603200000|100%| O|  |TAMS 0x0000000603200000, 0x0000000603000000| Untracked 
|   1|0x0000000603200000, 0x0000000603400000, 0x0000000603400000|100%| O|  |TAMS 0x0000000603400000, 0x0000000603200000| Untracked 
|   2|0x0000000603400000, 0x0000000603600000, 0x0000000603600000|100%| O|  |TAMS 0x0000000603600000, 0x0000000603400000| Untracked 
|   3|0x0000000603600000, 0x0000000603800000, 0x0000000603800000|100%| O|  |TAMS 0x0000000603800000, 0x0000000603600000| Untracked 
|   4|0x0000000603800000, 0x0000000603a00000, 0x0000000603a00000|100%| O|  |TAMS 0x0000000603a00000, 0x0000000603800000| Untracked 
|   5|0x0000000603a00000, 0x0000000603c00000, 0x0000000603c00000|100%| O|  |TAMS 0x0000000603c00000, 0x0000000603a00000| Untracked 
|   6|0x0000000603c00000, 0x0000000603e00000, 0x0000000603e00000|100%| O|  |TAMS 0x0000000603ce1a00, 0x0000000603c00000| Untracked 
|   7|0x0000000603e00000, 0x0000000604000000, 0x0000000604000000|100%| O|  |TAMS 0x0000000603e00000, 0x0000000603e00000| Untracked 
|   8|0x0000000604000000, 0x0000000604200000, 0x0000000604200000|100%| O|  |TAMS 0x0000000604000000, 0x0000000604000000| Untracked 
|   9|0x0000000604200000, 0x0000000604400000, 0x0000000604400000|100%| O|  |TAMS 0x0000000604200000, 0x0000000604200000| Untracked 
|  10|0x0000000604400000, 0x0000000604400000, 0x0000000604600000|  0%| F|  |TAMS 0x0000000604400000, 0x0000000604400000| Untracked 
|  11|0x0000000604600000, 0x0000000604600000, 0x0000000604800000|  0%| F|  |TAMS 0x0000000604600000, 0x0000000604600000| Untracked 
|  12|0x0000000604800000, 0x0000000604800000, 0x0000000604a00000|  0%| F|  |TAMS 0x0000000604800000, 0x0000000604800000| Untracked 
|  13|0x0000000604a00000, 0x0000000604a00000, 0x0000000604c00000|  0%| F|  |TAMS 0x0000000604a00000, 0x0000000604a00000| Untracked 
|  14|0x0000000604c00000, 0x0000000604c00000, 0x0000000604e00000|  0%| F|  |TAMS 0x0000000604c00000, 0x0000000604c00000| Untracked 
|  15|0x0000000604e00000, 0x0000000604e00000, 0x0000000605000000|  0%| F|  |TAMS 0x0000000604e00000, 0x0000000604e00000| Untracked 
|  16|0x0000000605000000, 0x0000000605000000, 0x0000000605200000|  0%| F|  |TAMS 0x0000000605000000, 0x0000000605000000| Untracked 
|  17|0x0000000605200000, 0x0000000605200000, 0x0000000605400000|  0%| F|  |TAMS 0x0000000605200000, 0x0000000605200000| Untracked 
|  18|0x0000000605400000, 0x0000000605400000, 0x0000000605600000|  0%| F|  |TAMS 0x0000000605400000, 0x0000000605400000| Untracked 
|  19|0x0000000605600000, 0x0000000605600000, 0x0000000605800000|  0%| F|  |TAMS 0x0000000605600000, 0x0000000605600000| Untracked 
|  20|0x0000000605800000, 0x0000000605800000, 0x0000000605a00000|  0%| F|  |TAMS 0x0000000605800000, 0x0000000605800000| Untracked 
|  21|0x0000000605a00000, 0x0000000605a00000, 0x0000000605c00000|  0%| F|  |TAMS 0x0000000605a00000, 0x0000000605a00000| Untracked 
|  22|0x0000000605c00000, 0x0000000605c00000, 0x0000000605e00000|  0%| F|  |TAMS 0x0000000605c00000, 0x0000000605c00000| Untracked 
|  23|0x0000000605e00000, 0x0000000605e00000, 0x0000000606000000|  0%| F|  |TAMS 0x0000000605e00000, 0x0000000605e00000| Untracked 
|  24|0x0000000606000000, 0x0000000606000000, 0x0000000606200000|  0%| F|  |TAMS 0x0000000606000000, 0x0000000606000000| Untracked 
|  25|0x0000000606200000, 0x0000000606200000, 0x0000000606400000|  0%| F|  |TAMS 0x0000000606200000, 0x0000000606200000| Untracked 
|  26|0x0000000606400000, 0x0000000606400000, 0x0000000606600000|  0%| F|  |TAMS 0x0000000606400000, 0x0000000606400000| Untracked 
|  27|0x0000000606600000, 0x0000000606600000, 0x0000000606800000|  0%| F|  |TAMS 0x0000000606600000, 0x0000000606600000| Untracked 
|  28|0x0000000606800000, 0x0000000606800000, 0x0000000606a00000|  0%| F|  |TAMS 0x0000000606800000, 0x0000000606800000| Untracked 
|  29|0x0000000606a00000, 0x0000000606a00000, 0x0000000606c00000|  0%| F|  |TAMS 0x0000000606a00000, 0x0000000606a00000| Untracked 
|  30|0x0000000606c00000, 0x0000000606c00000, 0x0000000606e00000|  0%| F|  |TAMS 0x0000000606c00000, 0x0000000606c00000| Untracked 
|  31|0x0000000606e00000, 0x0000000606e00000, 0x0000000607000000|  0%| F|  |TAMS 0x0000000606e00000, 0x0000000606e00000| Untracked 
|  32|0x0000000607000000, 0x0000000607000000, 0x0000000607200000|  0%| F|  |TAMS 0x0000000607000000, 0x0000000607000000| Untracked 
|  33|0x0000000607200000, 0x0000000607200000, 0x0000000607400000|  0%| F|  |TAMS 0x0000000607200000, 0x0000000607200000| Untracked 
|  34|0x0000000607400000, 0x0000000607400000, 0x0000000607600000|  0%| F|  |TAMS 0x0000000607400000, 0x0000000607400000| Untracked 
|  35|0x0000000607600000, 0x0000000607600000, 0x0000000607800000|  0%| F|  |TAMS 0x0000000607600000, 0x0000000607600000| Untracked 
|  36|0x0000000607800000, 0x0000000607800000, 0x0000000607a00000|  0%| F|  |TAMS 0x0000000607800000, 0x0000000607800000| Untracked 
|  37|0x0000000607a00000, 0x0000000607a00000, 0x0000000607c00000|  0%| F|  |TAMS 0x0000000607a00000, 0x0000000607a00000| Untracked 
|  38|0x0000000607c00000, 0x0000000607c00000, 0x0000000607e00000|  0%| F|  |TAMS 0x0000000607c00000, 0x0000000607c00000| Untracked 
|  39|0x0000000607e00000, 0x0000000607e00000, 0x0000000608000000|  0%| F|  |TAMS 0x0000000607e00000, 0x0000000607e00000| Untracked 
|  40|0x0000000608000000, 0x0000000608000000, 0x0000000608200000|  0%| F|  |TAMS 0x0000000608000000, 0x0000000608000000| Untracked 
|  41|0x0000000608200000, 0x0000000608200000, 0x0000000608400000|  0%| F|  |TAMS 0x0000000608200000, 0x0000000608200000| Untracked 
|  42|0x0000000608400000, 0x0000000608400000, 0x0000000608600000|  0%| F|  |TAMS 0x0000000608400000, 0x0000000608400000| Untracked 
|  43|0x0000000608600000, 0x0000000608600000, 0x0000000608800000|  0%| F|  |TAMS 0x0000000608600000, 0x0000000608600000| Untracked 
|  44|0x0000000608800000, 0x0000000608800000, 0x0000000608a00000|  0%| F|  |TAMS 0x0000000608800000, 0x0000000608800000| Untracked 
|  45|0x0000000608a00000, 0x0000000608a00000, 0x0000000608c00000|  0%| F|  |TAMS 0x0000000608a00000, 0x0000000608a00000| Untracked 
|  46|0x0000000608c00000, 0x0000000608c00000, 0x0000000608e00000|  0%| F|  |TAMS 0x0000000608c00000, 0x0000000608c00000| Untracked 
|  47|0x0000000608e00000, 0x0000000608e00000, 0x0000000609000000|  0%| F|  |TAMS 0x0000000608e00000, 0x0000000608e00000| Untracked 
|  48|0x0000000609000000, 0x0000000609000000, 0x0000000609200000|  0%| F|  |TAMS 0x0000000609000000, 0x0000000609000000| Untracked 
|  49|0x0000000609200000, 0x0000000609200000, 0x0000000609400000|  0%| F|  |TAMS 0x0000000609200000, 0x0000000609200000| Untracked 
|  50|0x0000000609400000, 0x0000000609400000, 0x0000000609600000|  0%| F|  |TAMS 0x0000000609400000, 0x0000000609400000| Untracked 
|  51|0x0000000609600000, 0x0000000609600000, 0x0000000609800000|  0%| F|  |TAMS 0x0000000609600000, 0x0000000609600000| Untracked 
|  52|0x0000000609800000, 0x0000000609800000, 0x0000000609a00000|  0%| F|  |TAMS 0x0000000609800000, 0x0000000609800000| Untracked 
|  53|0x0000000609a00000, 0x0000000609a00000, 0x0000000609c00000|  0%| F|  |TAMS 0x0000000609a00000, 0x0000000609a00000| Untracked 
|  54|0x0000000609c00000, 0x0000000609c00000, 0x0000000609e00000|  0%| F|  |TAMS 0x0000000609c00000, 0x0000000609c00000| Untracked 
|  55|0x0000000609e00000, 0x0000000609e00000, 0x000000060a000000|  0%| F|  |TAMS 0x0000000609e00000, 0x0000000609e00000| Untracked 
|  56|0x000000060a000000, 0x000000060a000000, 0x000000060a200000|  0%| F|  |TAMS 0x000000060a000000, 0x000000060a000000| Untracked 
|  57|0x000000060a200000, 0x000000060a200000, 0x000000060a400000|  0%| F|  |TAMS 0x000000060a200000, 0x000000060a200000| Untracked 
|  58|0x000000060a400000, 0x000000060a400000, 0x000000060a600000|  0%| F|  |TAMS 0x000000060a400000, 0x000000060a400000| Untracked 
|  59|0x000000060a600000, 0x000000060a600000, 0x000000060a800000|  0%| F|  |TAMS 0x000000060a600000, 0x000000060a600000| Untracked 
|  60|0x000000060a800000, 0x000000060a800000, 0x000000060aa00000|  0%| F|  |TAMS 0x000000060a800000, 0x000000060a800000| Untracked 
|  61|0x000000060aa00000, 0x000000060aa00000, 0x000000060ac00000|  0%| F|  |TAMS 0x000000060aa00000, 0x000000060aa00000| Untracked 
|  62|0x000000060ac00000, 0x000000060ac00000, 0x000000060ae00000|  0%| F|  |TAMS 0x000000060ac00000, 0x000000060ac00000| Untracked 
|  63|0x000000060ae00000, 0x000000060ae00000, 0x000000060b000000|  0%| F|  |TAMS 0x000000060ae00000, 0x000000060ae00000| Untracked 
|  64|0x000000060b000000, 0x000000060b000000, 0x000000060b200000|  0%| F|  |TAMS 0x000000060b000000, 0x000000060b000000| Untracked 
|  65|0x000000060b200000, 0x000000060b200000, 0x000000060b400000|  0%| F|  |TAMS 0x000000060b200000, 0x000000060b200000| Untracked 
|  66|0x000000060b400000, 0x000000060b400000, 0x000000060b600000|  0%| F|  |TAMS 0x000000060b400000, 0x000000060b400000| Untracked 
|  67|0x000000060b600000, 0x000000060b600000, 0x000000060b800000|  0%| F|  |TAMS 0x000000060b600000, 0x000000060b600000| Untracked 
|  68|0x000000060b800000, 0x000000060b800000, 0x000000060ba00000|  0%| F|  |TAMS 0x000000060b800000, 0x000000060b800000| Untracked 
|  69|0x000000060ba00000, 0x000000060ba00000, 0x000000060bc00000|  0%| F|  |TAMS 0x000000060ba00000, 0x000000060ba00000| Untracked 
|  70|0x000000060bc00000, 0x000000060bc00000, 0x000000060be00000|  0%| F|  |TAMS 0x000000060bc00000, 0x000000060bc00000| Untracked 
|  71|0x000000060be00000, 0x000000060be00000, 0x000000060c000000|  0%| F|  |TAMS 0x000000060be00000, 0x000000060be00000| Untracked 
|  72|0x000000060c000000, 0x000000060c000000, 0x000000060c200000|  0%| F|  |TAMS 0x000000060c000000, 0x000000060c000000| Untracked 
|  73|0x000000060c200000, 0x000000060c200000, 0x000000060c400000|  0%| F|  |TAMS 0x000000060c200000, 0x000000060c200000| Untracked 
|  74|0x000000060c400000, 0x000000060c400000, 0x000000060c600000|  0%| F|  |TAMS 0x000000060c400000, 0x000000060c400000| Untracked 
|  75|0x000000060c600000, 0x000000060c600000, 0x000000060c800000|  0%| F|  |TAMS 0x000000060c600000, 0x000000060c600000| Untracked 
|  76|0x000000060c800000, 0x000000060c800000, 0x000000060ca00000|  0%| F|  |TAMS 0x000000060c800000, 0x000000060c800000| Untracked 
|  77|0x000000060ca00000, 0x000000060ca00000, 0x000000060cc00000|  0%| F|  |TAMS 0x000000060ca00000, 0x000000060ca00000| Untracked 
|  78|0x000000060cc00000, 0x000000060cc00000, 0x000000060ce00000|  0%| F|  |TAMS 0x000000060cc00000, 0x000000060cc00000| Untracked 
|  79|0x000000060ce00000, 0x000000060ce00000, 0x000000060d000000|  0%| F|  |TAMS 0x000000060ce00000, 0x000000060ce00000| Untracked 
|  80|0x000000060d000000, 0x000000060d000000, 0x000000060d200000|  0%| F|  |TAMS 0x000000060d000000, 0x000000060d000000| Untracked 
|  81|0x000000060d200000, 0x000000060d200000, 0x000000060d400000|  0%| F|  |TAMS 0x000000060d200000, 0x000000060d200000| Untracked 
|  82|0x000000060d400000, 0x000000060d400000, 0x000000060d600000|  0%| F|  |TAMS 0x000000060d400000, 0x000000060d400000| Untracked 
|  83|0x000000060d600000, 0x000000060d600000, 0x000000060d800000|  0%| F|  |TAMS 0x000000060d600000, 0x000000060d600000| Untracked 
|  84|0x000000060d800000, 0x000000060d800000, 0x000000060da00000|  0%| F|  |TAMS 0x000000060d800000, 0x000000060d800000| Untracked 
|  85|0x000000060da00000, 0x000000060da00000, 0x000000060dc00000|  0%| F|  |TAMS 0x000000060da00000, 0x000000060da00000| Untracked 
|  86|0x000000060dc00000, 0x000000060dc00000, 0x000000060de00000|  0%| F|  |TAMS 0x000000060dc00000, 0x000000060dc00000| Untracked 
|  87|0x000000060de00000, 0x000000060de00000, 0x000000060e000000|  0%| F|  |TAMS 0x000000060de00000, 0x000000060de00000| Untracked 
|  88|0x000000060e000000, 0x000000060e000000, 0x000000060e200000|  0%| F|  |TAMS 0x000000060e000000, 0x000000060e000000| Untracked 
|  89|0x000000060e200000, 0x000000060e200000, 0x000000060e400000|  0%| F|  |TAMS 0x000000060e200000, 0x000000060e200000| Untracked 
|  90|0x000000060e400000, 0x000000060e400000, 0x000000060e600000|  0%| F|  |TAMS 0x000000060e400000, 0x000000060e400000| Untracked 
|  91|0x000000060e600000, 0x000000060e600000, 0x000000060e800000|  0%| F|  |TAMS 0x000000060e600000, 0x000000060e600000| Untracked 
|  92|0x000000060e800000, 0x000000060e800000, 0x000000060ea00000|  0%| F|  |TAMS 0x000000060e800000, 0x000000060e800000| Untracked 
|  93|0x000000060ea00000, 0x000000060ea00000, 0x000000060ec00000|  0%| F|  |TAMS 0x000000060ea00000, 0x000000060ea00000| Untracked 
|  94|0x000000060ec00000, 0x000000060ec00000, 0x000000060ee00000|  0%| F|  |TAMS 0x000000060ec00000, 0x000000060ec00000| Untracked 
|  95|0x000000060ee00000, 0x000000060ee00000, 0x000000060f000000|  0%| F|  |TAMS 0x000000060ee00000, 0x000000060ee00000| Untracked 
|  96|0x000000060f000000, 0x000000060f000000, 0x000000060f200000|  0%| F|  |TAMS 0x000000060f000000, 0x000000060f000000| Untracked 
|  97|0x000000060f200000, 0x000000060f200000, 0x000000060f400000|  0%| F|  |TAMS 0x000000060f200000, 0x000000060f200000| Untracked 
|  98|0x000000060f400000, 0x000000060f400000, 0x000000060f600000|  0%| F|  |TAMS 0x000000060f400000, 0x000000060f400000| Untracked 
|  99|0x000000060f600000, 0x000000060f600000, 0x000000060f800000|  0%| F|  |TAMS 0x000000060f600000, 0x000000060f600000| Untracked 
| 100|0x000000060f800000, 0x000000060f800000, 0x000000060fa00000|  0%| F|  |TAMS 0x000000060f800000, 0x000000060f800000| Untracked 
| 101|0x000000060fa00000, 0x000000060fa00000, 0x000000060fc00000|  0%| F|  |TAMS 0x000000060fa00000, 0x000000060fa00000| Untracked 
| 102|0x000000060fc00000, 0x000000060fdcde50, 0x000000060fe00000| 90%| S|CS|TAMS 0x000000060fc00000, 0x000000060fc00000| Complete 
| 103|0x000000060fe00000, 0x0000000610000000, 0x0000000610000000|100%| S|CS|TAMS 0x000000060fe00000, 0x000000060fe00000| Complete 
| 104|0x0000000610000000, 0x0000000610200000, 0x0000000610200000|100%| S|CS|TAMS 0x0000000610000000, 0x0000000610000000| Complete 
| 105|0x0000000610200000, 0x0000000610400000, 0x0000000610400000|100%| S|CS|TAMS 0x0000000610200000, 0x0000000610200000| Complete 
| 106|0x0000000610400000, 0x0000000610600000, 0x0000000610600000|100%| S|CS|TAMS 0x0000000610400000, 0x0000000610400000| Complete 
| 107|0x0000000610600000, 0x0000000610800000, 0x0000000610800000|100%| S|CS|TAMS 0x0000000610600000, 0x0000000610600000| Complete 
| 108|0x0000000610800000, 0x0000000610a00000, 0x0000000610a00000|100%| S|CS|TAMS 0x0000000610800000, 0x0000000610800000| Complete 
| 109|0x0000000610a00000, 0x0000000610c00000, 0x0000000610c00000|100%| S|CS|TAMS 0x0000000610a00000, 0x0000000610a00000| Complete 
| 110|0x0000000610c00000, 0x0000000610c00000, 0x0000000610e00000|  0%| F|  |TAMS 0x0000000610c00000, 0x0000000610c00000| Untracked 
| 111|0x0000000610e00000, 0x0000000610e00000, 0x0000000611000000|  0%| F|  |TAMS 0x0000000610e00000, 0x0000000610e00000| Untracked 
| 112|0x0000000611000000, 0x0000000611000000, 0x0000000611200000|  0%| F|  |TAMS 0x0000000611000000, 0x0000000611000000| Untracked 
| 113|0x0000000611200000, 0x0000000611200000, 0x0000000611400000|  0%| F|  |TAMS 0x0000000611200000, 0x0000000611200000| Untracked 
| 114|0x0000000611400000, 0x0000000611400000, 0x0000000611600000|  0%| F|  |TAMS 0x0000000611400000, 0x0000000611400000| Untracked 
| 115|0x0000000611600000, 0x0000000611600000, 0x0000000611800000|  0%| F|  |TAMS 0x0000000611600000, 0x0000000611600000| Untracked 
| 116|0x0000000611800000, 0x0000000611800000, 0x0000000611a00000|  0%| F|  |TAMS 0x0000000611800000, 0x0000000611800000| Untracked 
| 117|0x0000000611a00000, 0x0000000611a00000, 0x0000000611c00000|  0%| F|  |TAMS 0x0000000611a00000, 0x0000000611a00000| Untracked 
| 118|0x0000000611c00000, 0x0000000611c00000, 0x0000000611e00000|  0%| F|  |TAMS 0x0000000611c00000, 0x0000000611c00000| Untracked 
| 119|0x0000000611e00000, 0x0000000611e00000, 0x0000000612000000|  0%| F|  |TAMS 0x0000000611e00000, 0x0000000611e00000| Untracked 
| 120|0x0000000612000000, 0x0000000612000000, 0x0000000612200000|  0%| F|  |TAMS 0x0000000612000000, 0x0000000612000000| Untracked 
| 121|0x0000000612200000, 0x0000000612200000, 0x0000000612400000|  0%| F|  |TAMS 0x0000000612200000, 0x0000000612200000| Untracked 
| 122|0x0000000612400000, 0x0000000612400000, 0x0000000612600000|  0%| F|  |TAMS 0x0000000612400000, 0x0000000612400000| Untracked 
| 123|0x0000000612600000, 0x0000000612600000, 0x0000000612800000|  0%| F|  |TAMS 0x0000000612600000, 0x0000000612600000| Untracked 
| 124|0x0000000612800000, 0x0000000612800000, 0x0000000612a00000|  0%| F|  |TAMS 0x0000000612800000, 0x0000000612800000| Untracked 
| 125|0x0000000612a00000, 0x0000000612a00000, 0x0000000612c00000|  0%| F|  |TAMS 0x0000000612a00000, 0x0000000612a00000| Untracked 
| 126|0x0000000612c00000, 0x0000000612c00000, 0x0000000612e00000|  0%| F|  |TAMS 0x0000000612c00000, 0x0000000612c00000| Untracked 
| 127|0x0000000612e00000, 0x0000000612e00000, 0x0000000613000000|  0%| F|  |TAMS 0x0000000612e00000, 0x0000000612e00000| Untracked 
| 128|0x0000000613000000, 0x0000000613000000, 0x0000000613200000|  0%| F|  |TAMS 0x0000000613000000, 0x0000000613000000| Untracked 
| 129|0x0000000613200000, 0x0000000613200000, 0x0000000613400000|  0%| F|  |TAMS 0x0000000613200000, 0x0000000613200000| Untracked 
| 130|0x0000000613400000, 0x0000000613400000, 0x0000000613600000|  0%| F|  |TAMS 0x0000000613400000, 0x0000000613400000| Untracked 
| 131|0x0000000613600000, 0x0000000613600000, 0x0000000613800000|  0%| F|  |TAMS 0x0000000613600000, 0x0000000613600000| Untracked 
| 132|0x0000000613800000, 0x0000000613800000, 0x0000000613a00000|  0%| F|  |TAMS 0x0000000613800000, 0x0000000613800000| Untracked 
| 133|0x0000000613a00000, 0x0000000613a00000, 0x0000000613c00000|  0%| F|  |TAMS 0x0000000613a00000, 0x0000000613a00000| Untracked 
| 134|0x0000000613c00000, 0x0000000613c00000, 0x0000000613e00000|  0%| F|  |TAMS 0x0000000613c00000, 0x0000000613c00000| Untracked 
| 135|0x0000000613e00000, 0x0000000613e00000, 0x0000000614000000|  0%| F|  |TAMS 0x0000000613e00000, 0x0000000613e00000| Untracked 
| 136|0x0000000614000000, 0x0000000614000000, 0x0000000614200000|  0%| F|  |TAMS 0x0000000614000000, 0x0000000614000000| Untracked 
| 137|0x0000000614200000, 0x0000000614200000, 0x0000000614400000|  0%| F|  |TAMS 0x0000000614200000, 0x0000000614200000| Untracked 
| 138|0x0000000614400000, 0x0000000614400000, 0x0000000614600000|  0%| F|  |TAMS 0x0000000614400000, 0x0000000614400000| Untracked 
| 139|0x0000000614600000, 0x0000000614600000, 0x0000000614800000|  0%| F|  |TAMS 0x0000000614600000, 0x0000000614600000| Untracked 
| 140|0x0000000614800000, 0x0000000614800000, 0x0000000614a00000|  0%| F|  |TAMS 0x0000000614800000, 0x0000000614800000| Untracked 
| 141|0x0000000614a00000, 0x0000000614a00000, 0x0000000614c00000|  0%| F|  |TAMS 0x0000000614a00000, 0x0000000614a00000| Untracked 
| 142|0x0000000614c00000, 0x0000000614c00000, 0x0000000614e00000|  0%| F|  |TAMS 0x0000000614c00000, 0x0000000614c00000| Untracked 
| 143|0x0000000614e00000, 0x0000000614e00000, 0x0000000615000000|  0%| F|  |TAMS 0x0000000614e00000, 0x0000000614e00000| Untracked 
| 144|0x0000000615000000, 0x0000000615000000, 0x0000000615200000|  0%| F|  |TAMS 0x0000000615000000, 0x0000000615000000| Untracked 
| 145|0x0000000615200000, 0x0000000615200000, 0x0000000615400000|  0%| F|  |TAMS 0x0000000615200000, 0x0000000615200000| Untracked 
| 146|0x0000000615400000, 0x0000000615400000, 0x0000000615600000|  0%| F|  |TAMS 0x0000000615400000, 0x0000000615400000| Untracked 
| 147|0x0000000615600000, 0x0000000615600000, 0x0000000615800000|  0%| F|  |TAMS 0x0000000615600000, 0x0000000615600000| Untracked 
| 148|0x0000000615800000, 0x0000000615800000, 0x0000000615a00000|  0%| F|  |TAMS 0x0000000615800000, 0x0000000615800000| Untracked 
| 149|0x0000000615a00000, 0x0000000615a00000, 0x0000000615c00000|  0%| F|  |TAMS 0x0000000615a00000, 0x0000000615a00000| Untracked 
| 150|0x0000000615c00000, 0x0000000615c00000, 0x0000000615e00000|  0%| F|  |TAMS 0x0000000615c00000, 0x0000000615c00000| Untracked 
| 151|0x0000000615e00000, 0x0000000615e00000, 0x0000000616000000|  0%| F|  |TAMS 0x0000000615e00000, 0x0000000615e00000| Untracked 
| 152|0x0000000616000000, 0x0000000616000000, 0x0000000616200000|  0%| F|  |TAMS 0x0000000616000000, 0x0000000616000000| Untracked 
| 153|0x0000000616200000, 0x0000000616200000, 0x0000000616400000|  0%| F|  |TAMS 0x0000000616200000, 0x0000000616200000| Untracked 
| 154|0x0000000616400000, 0x0000000616400000, 0x0000000616600000|  0%| F|  |TAMS 0x0000000616400000, 0x0000000616400000| Untracked 
| 155|0x0000000616600000, 0x0000000616600000, 0x0000000616800000|  0%| F|  |TAMS 0x0000000616600000, 0x0000000616600000| Untracked 
| 156|0x0000000616800000, 0x0000000616800000, 0x0000000616a00000|  0%| F|  |TAMS 0x0000000616800000, 0x0000000616800000| Untracked 
| 157|0x0000000616a00000, 0x0000000616a00000, 0x0000000616c00000|  0%| F|  |TAMS 0x0000000616a00000, 0x0000000616a00000| Untracked 
| 158|0x0000000616c00000, 0x0000000616c00000, 0x0000000616e00000|  0%| F|  |TAMS 0x0000000616c00000, 0x0000000616c00000| Untracked 
| 159|0x0000000616e00000, 0x0000000616e00000, 0x0000000617000000|  0%| F|  |TAMS 0x0000000616e00000, 0x0000000616e00000| Untracked 
| 160|0x0000000617000000, 0x0000000617000000, 0x0000000617200000|  0%| F|  |TAMS 0x0000000617000000, 0x0000000617000000| Untracked 
| 161|0x0000000617200000, 0x0000000617200000, 0x0000000617400000|  0%| F|  |TAMS 0x0000000617200000, 0x0000000617200000| Untracked 
| 162|0x0000000617400000, 0x0000000617400000, 0x0000000617600000|  0%| F|  |TAMS 0x0000000617400000, 0x0000000617400000| Untracked 
| 163|0x0000000617600000, 0x0000000617600000, 0x0000000617800000|  0%| F|  |TAMS 0x0000000617600000, 0x0000000617600000| Untracked 
| 164|0x0000000617800000, 0x0000000617800000, 0x0000000617a00000|  0%| F|  |TAMS 0x0000000617800000, 0x0000000617800000| Untracked 
| 165|0x0000000617a00000, 0x0000000617a00000, 0x0000000617c00000|  0%| F|  |TAMS 0x0000000617a00000, 0x0000000617a00000| Untracked 
| 166|0x0000000617c00000, 0x0000000617c00000, 0x0000000617e00000|  0%| F|  |TAMS 0x0000000617c00000, 0x0000000617c00000| Untracked 
| 167|0x0000000617e00000, 0x0000000617e00000, 0x0000000618000000|  0%| F|  |TAMS 0x0000000617e00000, 0x0000000617e00000| Untracked 
| 168|0x0000000618000000, 0x0000000618000000, 0x0000000618200000|  0%| F|  |TAMS 0x0000000618000000, 0x0000000618000000| Untracked 
| 169|0x0000000618200000, 0x0000000618200000, 0x0000000618400000|  0%| F|  |TAMS 0x0000000618200000, 0x0000000618200000| Untracked 
| 170|0x0000000618400000, 0x0000000618400000, 0x0000000618600000|  0%| F|  |TAMS 0x0000000618400000, 0x0000000618400000| Untracked 
| 171|0x0000000618600000, 0x000000061868e170, 0x0000000618800000| 27%| E|  |TAMS 0x0000000618600000, 0x0000000618600000| Complete 
| 172|0x0000000618800000, 0x0000000618a00000, 0x0000000618a00000|100%| E|CS|TAMS 0x0000000618800000, 0x0000000618800000| Complete 
| 173|0x0000000618a00000, 0x0000000618c00000, 0x0000000618c00000|100%| E|CS|TAMS 0x0000000618a00000, 0x0000000618a00000| Complete 
| 174|0x0000000618c00000, 0x0000000618e00000, 0x0000000618e00000|100%| E|CS|TAMS 0x0000000618c00000, 0x0000000618c00000| Complete 
| 175|0x0000000618e00000, 0x0000000619000000, 0x0000000619000000|100%| E|CS|TAMS 0x0000000618e00000, 0x0000000618e00000| Complete 
| 176|0x0000000619000000, 0x0000000619200000, 0x0000000619200000|100%| E|CS|TAMS 0x0000000619000000, 0x0000000619000000| Complete 
| 177|0x0000000619200000, 0x0000000619400000, 0x0000000619400000|100%| E|CS|TAMS 0x0000000619200000, 0x0000000619200000| Complete 
| 178|0x0000000619400000, 0x0000000619600000, 0x0000000619600000|100%| E|CS|TAMS 0x0000000619400000, 0x0000000619400000| Complete 
| 179|0x0000000619600000, 0x0000000619800000, 0x0000000619800000|100%| E|CS|TAMS 0x0000000619600000, 0x0000000619600000| Complete 
| 180|0x0000000619800000, 0x0000000619a00000, 0x0000000619a00000|100%| E|CS|TAMS 0x0000000619800000, 0x0000000619800000| Complete 
| 181|0x0000000619a00000, 0x0000000619c00000, 0x0000000619c00000|100%| E|CS|TAMS 0x0000000619a00000, 0x0000000619a00000| Complete 
| 182|0x0000000619c00000, 0x0000000619e00000, 0x0000000619e00000|100%| E|CS|TAMS 0x0000000619c00000, 0x0000000619c00000| Complete 
| 183|0x0000000619e00000, 0x000000061a000000, 0x000000061a000000|100%| E|CS|TAMS 0x0000000619e00000, 0x0000000619e00000| Complete 
| 184|0x000000061a000000, 0x000000061a200000, 0x000000061a200000|100%| E|CS|TAMS 0x000000061a000000, 0x000000061a000000| Complete 
| 185|0x000000061a200000, 0x000000061a400000, 0x000000061a400000|100%| E|CS|TAMS 0x000000061a200000, 0x000000061a200000| Complete 
| 186|0x000000061a400000, 0x000000061a600000, 0x000000061a600000|100%| E|CS|TAMS 0x000000061a400000, 0x000000061a400000| Complete 
| 187|0x000000061a600000, 0x000000061a800000, 0x000000061a800000|100%| E|CS|TAMS 0x000000061a600000, 0x000000061a600000| Complete 
| 188|0x000000061a800000, 0x000000061aa00000, 0x000000061aa00000|100%| E|CS|TAMS 0x000000061a800000, 0x000000061a800000| Complete 
| 189|0x000000061aa00000, 0x000000061ac00000, 0x000000061ac00000|100%| E|CS|TAMS 0x000000061aa00000, 0x000000061aa00000| Complete 
| 190|0x000000061ac00000, 0x000000061ae00000, 0x000000061ae00000|100%| E|CS|TAMS 0x000000061ac00000, 0x000000061ac00000| Complete 
| 191|0x000000061ae00000, 0x000000061b000000, 0x000000061b000000|100%| E|CS|TAMS 0x000000061ae00000, 0x000000061ae00000| Complete 
| 192|0x000000061b000000, 0x000000061b200000, 0x000000061b200000|100%| E|CS|TAMS 0x000000061b000000, 0x000000061b000000| Complete 
| 193|0x000000061b200000, 0x000000061b400000, 0x000000061b400000|100%| E|CS|TAMS 0x000000061b200000, 0x000000061b200000| Complete 
| 194|0x000000061b400000, 0x000000061b600000, 0x000000061b600000|100%| E|CS|TAMS 0x000000061b400000, 0x000000061b400000| Complete 
| 195|0x000000061b600000, 0x000000061b800000, 0x000000061b800000|100%| E|CS|TAMS 0x000000061b600000, 0x000000061b600000| Complete 
| 196|0x000000061b800000, 0x000000061ba00000, 0x000000061ba00000|100%| E|CS|TAMS 0x000000061b800000, 0x000000061b800000| Complete 
| 197|0x000000061ba00000, 0x000000061bc00000, 0x000000061bc00000|100%| E|CS|TAMS 0x000000061ba00000, 0x000000061ba00000| Complete 
| 198|0x000000061bc00000, 0x000000061be00000, 0x000000061be00000|100%| E|CS|TAMS 0x000000061bc00000, 0x000000061bc00000| Complete 
| 199|0x000000061be00000, 0x000000061c000000, 0x000000061c000000|100%| E|CS|TAMS 0x000000061be00000, 0x000000061be00000| Complete 
| 200|0x000000061c000000, 0x000000061c200000, 0x000000061c200000|100%| E|CS|TAMS 0x000000061c000000, 0x000000061c000000| Complete 
| 201|0x000000061c200000, 0x000000061c400000, 0x000000061c400000|100%| E|CS|TAMS 0x000000061c200000, 0x000000061c200000| Complete 
| 202|0x000000061c400000, 0x000000061c600000, 0x000000061c600000|100%| E|CS|TAMS 0x000000061c400000, 0x000000061c400000| Complete 
| 203|0x000000061c600000, 0x000000061c800000, 0x000000061c800000|100%| E|CS|TAMS 0x000000061c600000, 0x000000061c600000| Complete 
| 204|0x000000061c800000, 0x000000061ca00000, 0x000000061ca00000|100%| E|CS|TAMS 0x000000061c800000, 0x000000061c800000| Complete 
| 205|0x000000061ca00000, 0x000000061cc00000, 0x000000061cc00000|100%| E|CS|TAMS 0x000000061ca00000, 0x000000061ca00000| Complete 
| 206|0x000000061cc00000, 0x000000061ce00000, 0x000000061ce00000|100%| E|CS|TAMS 0x000000061cc00000, 0x000000061cc00000| Complete 
| 207|0x000000061ce00000, 0x000000061d000000, 0x000000061d000000|100%| E|CS|TAMS 0x000000061ce00000, 0x000000061ce00000| Complete 
| 208|0x000000061d000000, 0x000000061d200000, 0x000000061d200000|100%| E|CS|TAMS 0x000000061d000000, 0x000000061d000000| Complete 
| 209|0x000000061d200000, 0x000000061d400000, 0x000000061d400000|100%| E|CS|TAMS 0x000000061d200000, 0x000000061d200000| Complete 
| 210|0x000000061d400000, 0x000000061d600000, 0x000000061d600000|100%| E|CS|TAMS 0x000000061d400000, 0x000000061d400000| Complete 
| 211|0x000000061d600000, 0x000000061d800000, 0x000000061d800000|100%| E|CS|TAMS 0x000000061d600000, 0x000000061d600000| Complete 
| 212|0x000000061d800000, 0x000000061da00000, 0x000000061da00000|100%| E|CS|TAMS 0x000000061d800000, 0x000000061d800000| Complete 
| 213|0x000000061da00000, 0x000000061dc00000, 0x000000061dc00000|100%| E|CS|TAMS 0x000000061da00000, 0x000000061da00000| Complete 
| 214|0x000000061dc00000, 0x000000061de00000, 0x000000061de00000|100%| E|CS|TAMS 0x000000061dc00000, 0x000000061dc00000| Complete 
| 215|0x000000061de00000, 0x000000061e000000, 0x000000061e000000|100%| E|CS|TAMS 0x000000061de00000, 0x000000061de00000| Complete 
| 216|0x000000061e000000, 0x000000061e200000, 0x000000061e200000|100%| E|CS|TAMS 0x000000061e000000, 0x000000061e000000| Complete 
| 217|0x000000061e200000, 0x000000061e400000, 0x000000061e400000|100%| E|CS|TAMS 0x000000061e200000, 0x000000061e200000| Complete 
| 218|0x000000061e400000, 0x000000061e600000, 0x000000061e600000|100%| E|CS|TAMS 0x000000061e400000, 0x000000061e400000| Complete 
| 219|0x000000061e600000, 0x000000061e800000, 0x000000061e800000|100%| E|CS|TAMS 0x000000061e600000, 0x000000061e600000| Complete 
| 220|0x000000061e800000, 0x000000061ea00000, 0x000000061ea00000|100%| E|CS|TAMS 0x000000061e800000, 0x000000061e800000| Complete 
| 221|0x000000061ea00000, 0x000000061ec00000, 0x000000061ec00000|100%| E|CS|TAMS 0x000000061ea00000, 0x000000061ea00000| Complete 
| 222|0x000000061ec00000, 0x000000061ee00000, 0x000000061ee00000|100%| E|CS|TAMS 0x000000061ec00000, 0x000000061ec00000| Complete 
| 223|0x000000061ee00000, 0x000000061f000000, 0x000000061f000000|100%| E|CS|TAMS 0x000000061ee00000, 0x000000061ee00000| Complete 
| 224|0x000000061f000000, 0x000000061f200000, 0x000000061f200000|100%| E|CS|TAMS 0x000000061f000000, 0x000000061f000000| Complete 
| 225|0x000000061f200000, 0x000000061f400000, 0x000000061f400000|100%| E|CS|TAMS 0x000000061f200000, 0x000000061f200000| Complete 
| 226|0x000000061f400000, 0x000000061f600000, 0x000000061f600000|100%| E|CS|TAMS 0x000000061f400000, 0x000000061f400000| Complete 
| 227|0x000000061f600000, 0x000000061f800000, 0x000000061f800000|100%| E|CS|TAMS 0x000000061f600000, 0x000000061f600000| Complete 
| 228|0x000000061f800000, 0x000000061fa00000, 0x000000061fa00000|100%| E|CS|TAMS 0x000000061f800000, 0x000000061f800000| Complete 
| 229|0x000000061fa00000, 0x000000061fc00000, 0x000000061fc00000|100%| E|CS|TAMS 0x000000061fa00000, 0x000000061fa00000| Complete 
| 230|0x000000061fc00000, 0x000000061fe00000, 0x000000061fe00000|100%| E|CS|TAMS 0x000000061fc00000, 0x000000061fc00000| Complete 
| 231|0x000000061fe00000, 0x0000000620000000, 0x0000000620000000|100%| E|CS|TAMS 0x000000061fe00000, 0x000000061fe00000| Complete 
| 232|0x0000000620000000, 0x0000000620200000, 0x0000000620200000|100%| E|CS|TAMS 0x0000000620000000, 0x0000000620000000| Complete 
| 233|0x0000000620200000, 0x0000000620400000, 0x0000000620400000|100%| E|CS|TAMS 0x0000000620200000, 0x0000000620200000| Complete 
| 234|0x0000000620400000, 0x0000000620600000, 0x0000000620600000|100%| E|CS|TAMS 0x0000000620400000, 0x0000000620400000| Complete 
| 235|0x0000000620600000, 0x0000000620800000, 0x0000000620800000|100%| E|CS|TAMS 0x0000000620600000, 0x0000000620600000| Complete 
| 236|0x0000000620800000, 0x0000000620a00000, 0x0000000620a00000|100%| E|CS|TAMS 0x0000000620800000, 0x0000000620800000| Complete 
| 237|0x0000000620a00000, 0x0000000620c00000, 0x0000000620c00000|100%| E|CS|TAMS 0x0000000620a00000, 0x0000000620a00000| Complete 
| 238|0x0000000620c00000, 0x0000000620e00000, 0x0000000620e00000|100%| E|CS|TAMS 0x0000000620c00000, 0x0000000620c00000| Complete 
| 239|0x0000000620e00000, 0x0000000621000000, 0x0000000621000000|100%| E|CS|TAMS 0x0000000620e00000, 0x0000000620e00000| Complete 
| 240|0x0000000621000000, 0x0000000621200000, 0x0000000621200000|100%| E|CS|TAMS 0x0000000621000000, 0x0000000621000000| Complete 
| 241|0x0000000621200000, 0x0000000621400000, 0x0000000621400000|100%| E|CS|TAMS 0x0000000621200000, 0x0000000621200000| Complete 
| 242|0x0000000621400000, 0x0000000621600000, 0x0000000621600000|100%| E|CS|TAMS 0x0000000621400000, 0x0000000621400000| Complete 
| 243|0x0000000621600000, 0x0000000621800000, 0x0000000621800000|100%| E|CS|TAMS 0x0000000621600000, 0x0000000621600000| Complete 
| 244|0x0000000621800000, 0x0000000621a00000, 0x0000000621a00000|100%| E|CS|TAMS 0x0000000621800000, 0x0000000621800000| Complete 
| 245|0x0000000621a00000, 0x0000000621c00000, 0x0000000621c00000|100%| E|CS|TAMS 0x0000000621a00000, 0x0000000621a00000| Complete 
| 246|0x0000000621c00000, 0x0000000621e00000, 0x0000000621e00000|100%| E|CS|TAMS 0x0000000621c00000, 0x0000000621c00000| Complete 
| 247|0x0000000621e00000, 0x0000000622000000, 0x0000000622000000|100%| E|CS|TAMS 0x0000000621e00000, 0x0000000621e00000| Complete 
| 248|0x0000000622000000, 0x0000000622200000, 0x0000000622200000|100%| E|CS|TAMS 0x0000000622000000, 0x0000000622000000| Complete 
| 249|0x0000000622200000, 0x0000000622400000, 0x0000000622400000|100%| E|CS|TAMS 0x0000000622200000, 0x0000000622200000| Complete 
| 250|0x0000000622400000, 0x0000000622600000, 0x0000000622600000|100%| E|CS|TAMS 0x0000000622400000, 0x0000000622400000| Complete 
| 251|0x0000000622600000, 0x0000000622800000, 0x0000000622800000|100%| E|CS|TAMS 0x0000000622600000, 0x0000000622600000| Complete 
| 252|0x0000000622800000, 0x0000000622a00000, 0x0000000622a00000|100%| E|CS|TAMS 0x0000000622800000, 0x0000000622800000| Complete 
| 253|0x0000000622a00000, 0x0000000622c00000, 0x0000000622c00000|100%| E|CS|TAMS 0x0000000622a00000, 0x0000000622a00000| Complete 
| 254|0x0000000622c00000, 0x0000000622e00000, 0x0000000622e00000|100%| E|CS|TAMS 0x0000000622c00000, 0x0000000622c00000| Complete 

Card table byte_map: [0x000000001ac20000,0x000000001bc10000] _byte_map_base: 0x0000000017c08000

Marking Bits (Prev, Next): (CMBitMap*) 0x0000000001becf90, (CMBitMap*) 0x0000000001becf58
 Prev Bits: [0x0000000024b40000, 0x000000002ca80000)
 Next Bits: [0x000000001cc00000, 0x0000000024b40000)

Polling page: 0x0000000001440000

Metaspace:

Usage:
  Non-class:     63.91 MB capacity,    62.50 MB ( 98%) used,     1.11 MB (  2%) free+waste,   309.06 KB ( <1%) overhead. 
      Class:     10.52 MB capacity,     9.39 MB ( 89%) used,  1000.09 KB (  9%) free+waste,   159.81 KB (  1%) overhead. 
       Both:     74.43 MB capacity,    71.88 MB ( 97%) used,     2.09 MB (  3%) free+waste,   468.88 KB ( <1%) overhead. 

Virtual space:
  Non-class space:       64.00 MB reserved,      64.00 MB (100%) committed 
      Class space:        1.00 GB reserved,      10.57 MB (  1%) committed 
             Both:        1.06 GB reserved,      74.57 MB (  7%) committed 

Chunk freelists:
   Non-Class:  4.00 KB
       Class:  0 bytes
        Both:  4.00 KB

CodeHeap 'non-profiled nmethods': size=120000Kb used=5620Kb max_used=5620Kb free=114379Kb
 bounds [0x0000000011960000, 0x0000000011ee0000, 0x0000000018e90000]
CodeHeap 'profiled nmethods': size=120000Kb used=15273Kb max_used=15273Kb free=104726Kb
 bounds [0x000000000a430000, 0x000000000b320000, 0x0000000011960000]
CodeHeap 'non-nmethods': size=5760Kb used=1407Kb max_used=1442Kb free=4353Kb
 bounds [0x0000000009e90000, 0x000000000a100000, 0x000000000a430000]
 total_blobs=8770 nmethods=5994 adapters=764
 compilation: enabled
              stopped_count=0, restarted_count=0
 full_count=0

Compilation events (10 events):
Event: 303989.329 Thread 0x0000000030573c20 6001       3       io.netty.channel.DefaultSelectStrategy::calculateStrategy (15 bytes)
Event: 303989.329 Thread 0x0000000030573c20 nmethod 6001 0x000000000b314c90 code [0x000000000b314e80, 0x000000000b315230]
Event: 303989.329 Thread 0x0000000030573c20 6004       3       io.netty.channel.nio.NioEventLoop::unexpectedSelectorWakeup (68 bytes)
Event: 303989.329 Thread 0x0000000030573c20 nmethod 6004 0x000000000b315490 code [0x000000000b3157e0, 0x000000000b316e70]
Event: 303989.437 Thread 0x0000000030573c20 6006       3       io.netty.util.concurrent.SingleThreadEventExecutor::runAllTasks (106 bytes)
Event: 303989.438 Thread 0x0000000030573c20 nmethod 6006 0x000000000b317890 code [0x000000000b317bc0, 0x000000000b319370]
Event: 303990.553 Thread 0x00000000305bd790 6007       4       java.util.HashSet::isEmpty (8 bytes)
Event: 303990.554 Thread 0x00000000305bd790 nmethod 6007 0x0000000011edce90 code [0x0000000011edd020, 0x0000000011edd098]
Event: 303991.217 Thread 0x0000000030573c20 6008       3       java.util.Arrays::fill (21 bytes)
Event: 303991.218 Thread 0x0000000030573c20 nmethod 6008 0x000000000b319e90 code [0x000000000b31a060, 0x000000000b31a3f8]

GC Heap History (10 events):
Event: 51216.402 GC heap before
{Heap before GC invocations=17 (full 0):
 garbage-first heap   total 522240K, used 333190K [0x0000000603000000, 0x0000000800000000)
  region size 2048K, 153 young (313344K), 8 survivors (16384K)
 Metaspace       used 73016K, capacity 75512K, committed 75724K, reserved 1114112K
  class space    used 9522K, capacity 10624K, committed 10700K, reserved 1048576K
}
Event: 51216.406 GC heap after
{Heap after GC invocations=18 (full 0):
 garbage-first heap   total 522240K, used 36421K [0x0000000603000000, 0x0000000800000000)
  region size 2048K, 8 young (16384K), 8 survivors (16384K)
 Metaspace       used 73016K, capacity 75512K, committed 75724K, reserved 1114112K
  class space    used 9522K, capacity 10624K, committed 10700K, reserved 1048576K
}
Event: 299872.203 GC heap before
{Heap before GC invocations=18 (full 0):
 garbage-first heap   total 522240K, used 333381K [0x0000000603000000, 0x0000000800000000)
  region size 2048K, 153 young (313344K), 8 survivors (16384K)
 Metaspace       used 73016K, capacity 75512K, committed 75724K, reserved 1114112K
  class space    used 9522K, capacity 10624K, committed 10700K, reserved 1048576K
}
Event: 299872.208 GC heap after
{Heap after GC invocations=19 (full 0):
 garbage-first heap   total 522240K, used 36411K [0x0000000603000000, 0x0000000800000000)
  region size 2048K, 8 young (16384K), 8 survivors (16384K)
 Metaspace       used 73016K, capacity 75512K, committed 75724K, reserved 1114112K
  class space    used 9522K, capacity 10624K, committed 10700K, reserved 1048576K
}
Event: 299872.838 GC heap before
{Heap before GC invocations=19 (full 0):
 garbage-first heap   total 522240K, used 333371K [0x0000000603000000, 0x0000000800000000)
  region size 2048K, 153 young (313344K), 8 survivors (16384K)
 Metaspace       used 73018K, capacity 75512K, committed 75724K, reserved 1114112K
  class space    used 9522K, capacity 10624K, committed 10700K, reserved 1048576K
}
Event: 299872.842 GC heap after
{Heap after GC invocations=20 (full 0):
 garbage-first heap   total 522240K, used 36434K [0x0000000603000000, 0x0000000800000000)
  region size 2048K, 8 young (16384K), 8 survivors (16384K)
 Metaspace       used 73018K, capacity 75512K, committed 75724K, reserved 1114112K
  class space    used 9522K, capacity 10624K, committed 10700K, reserved 1048576K
}
Event: 299873.473 GC heap before
{Heap before GC invocations=20 (full 0):
 garbage-first heap   total 522240K, used 333394K [0x0000000603000000, 0x0000000800000000)
  region size 2048K, 153 young (313344K), 8 survivors (16384K)
 Metaspace       used 73018K, capacity 75512K, committed 75724K, reserved 1114112K
  class space    used 9522K, capacity 10624K, committed 10700K, reserved 1048576K
}
Event: 299873.477 GC heap after
{Heap after GC invocations=21 (full 0):
 garbage-first heap   total 522240K, used 36430K [0x0000000603000000, 0x0000000800000000)
  region size 2048K, 8 young (16384K), 8 survivors (16384K)
 Metaspace       used 73018K, capacity 75512K, committed 75724K, reserved 1114112K
  class space    used 9522K, capacity 10624K, committed 10700K, reserved 1048576K
}
Event: 300973.529 GC heap before
{Heap before GC invocations=21 (full 0):
 garbage-first heap   total 522240K, used 333390K [0x0000000603000000, 0x0000000800000000)
  region size 2048K, 153 young (313344K), 8 survivors (16384K)
 Metaspace       used 73020K, capacity 75512K, committed 75724K, reserved 1114112K
  class space    used 9522K, capacity 10624K, committed 10700K, reserved 1048576K
}
Event: 300973.534 GC heap after
{Heap after GC invocations=22 (full 0):
 garbage-first heap   total 522240K, used 36663K [0x0000000603000000, 0x0000000800000000)
  region size 2048K, 8 young (16384K), 8 survivors (16384K)
 Metaspace       used 73020K, capacity 75512K, committed 75724K, reserved 1114112K
  class space    used 9522K, capacity 10624K, committed 10700K, reserved 1048576K
}

Deoptimization events (10 events):
Event: 303986.397 Thread 0x0000000035ba1500 Uncommon trap: reason=unstable_if action=reinterpret pc=0x0000000011e5fd0c method=java.util.concurrent.ConcurrentLinkedQueue.first()Ljava/util/concurrent/ConcurrentLinkedQueue$Node; @ 32 c2
Event: 303986.450 Thread 0x0000000001b687c0 Uncommon trap: reason=class_check action=maybe_recompile pc=0x0000000011df4c74 method=java.util.stream.ReferencePipeline.forEachWithCancel(Ljava/util/Spliterator;Ljava/util/stream/Sink;)Z @ 1 c2
Event: 303986.451 Thread 0x0000000001b687c0 Uncommon trap: reason=class_check action=maybe_recompile pc=0x0000000011d04408 method=org.neo4j.index.internal.gbptree.TreeNodeFixedSize.valueAt(Lorg/neo4j/io/pagecache/PageCursor;Ljava/lang/Object;ILorg/neo4j/io/pagecache/context/CursorContext;)Ljava/lan
Event: 303986.451 Thread 0x0000000001b687c0 Uncommon trap: reason=class_check action=maybe_recompile pc=0x0000000011d04408 method=org.neo4j.index.internal.gbptree.TreeNodeFixedSize.valueAt(Lorg/neo4j/io/pagecache/PageCursor;Ljava/lang/Object;ILorg/neo4j/io/pagecache/context/CursorContext;)Ljava/lan
Event: 303986.452 Thread 0x0000000001b687c0 Uncommon trap: reason=unstable_if action=reinterpret pc=0x0000000011d111c8 method=org.neo4j.index.internal.gbptree.InternalTreeLogic.insertInLeaf(Lorg/neo4j/io/pagecache/PageCursor;Lorg/neo4j/index/internal/gbptree/StructurePropagation;Ljava/lang/Object;L
Event: 303986.454 Thread 0x0000000001b687c0 Uncommon trap: reason=class_check action=maybe_recompile pc=0x0000000011e5cd04 method=org.eclipse.collections.impl.map.mutable.primitive.LongObjectHashMap.forEachKeyValue(Lorg/eclipse/collections/api/block/procedure/primitive/LongObjectProcedure;)V @ 50 c
Event: 303987.364 Thread 0x0000000001b687c0 Uncommon trap: reason=unstable_if action=reinterpret pc=0x0000000011dcbbd0 method=java.lang.ref.SoftReference.get()Ljava/lang/Object; @ 6 c2
Event: 303987.365 Thread 0x0000000001b687c0 Uncommon trap: reason=class_check action=maybe_recompile pc=0x0000000011e201d0 method=java.util.stream.ReferencePipeline$7$1.begin(J)V @ 7 c2
Event: 303991.215 Thread 0x00000000366adf50 Uncommon trap: reason=class_check action=maybe_recompile pc=0x0000000011b8f1b0 method=java.util.Collections$SetFromMap.remove(Ljava/lang/Object;)Z @ 5 c2
Event: 303991.215 Thread 0x00000000366adf50 Uncommon trap: reason=class_check action=maybe_recompile pc=0x0000000011b8f1b0 method=java.util.Collections$SetFromMap.remove(Ljava/lang/Object;)Z @ 5 c2

Classes redefined (0 events):
No events

Internal exceptions (10 events):
Event: 303986.132 Thread 0x0000000033e459d0 Exception <a 'sun/nio/fs/WindowsException'{0x000000061b182780}> (0x000000061b182780) thrown at [t:/workspace/open/src/hotspot/share/prims/jni.cpp, line 615]
Event: 303986.133 Thread 0x0000000033e459d0 Exception <a 'sun/nio/fs/WindowsException'{0x000000061b1827f0}> (0x000000061b1827f0) thrown at [t:/workspace/open/src/hotspot/share/prims/jni.cpp, line 615]
Event: 303986.151 Thread 0x0000000001b687c0 Exception <a 'java/lang/NoSuchMethodError'{0x000000061aea8668}: java.lang.invoke.DirectMethodHandle$Holder.invokeVirtual(Ljava/lang/Object;Ljava/lang/Object;J)V> (0x000000061aea8668) thrown at [t:/workspace/open/src/hotspot/share/interpreter/linkResolver.
Event: 303986.151 Thread 0x0000000001b687c0 Exception <a 'java/lang/NoSuchMethodError'{0x000000061aeae728}: java.lang.invoke.DirectMethodHandle$Holder.invokeStatic(Ljava/lang/Object;Ljava/lang/Object;Ljava/lang/Object;ILjava/lang/Object;)V> (0x000000061aeae728) thrown at [t:/workspace/open/src/hots
Event: 303986.449 Thread 0x0000000033e459d0 Exception <a 'sun/nio/fs/WindowsException'{0x000000061b182860}> (0x000000061b182860) thrown at [t:/workspace/open/src/hotspot/share/prims/jni.cpp, line 615]
Event: 303986.449 Thread 0x0000000033e459d0 Exception <a 'sun/nio/fs/WindowsException'{0x000000061b1828d0}> (0x000000061b1828d0) thrown at [t:/workspace/open/src/hotspot/share/prims/jni.cpp, line 615]
Event: 303986.450 Thread 0x0000000033e459d0 Exception <a 'sun/nio/fs/WindowsException'{0x000000061b182940}> (0x000000061b182940) thrown at [t:/workspace/open/src/hotspot/share/prims/jni.cpp, line 615]
Event: 303986.450 Thread 0x0000000033e459d0 Exception <a 'sun/nio/fs/WindowsException'{0x000000061b1829b0}> (0x000000061b1829b0) thrown at [t:/workspace/open/src/hotspot/share/prims/jni.cpp, line 615]
Event: 303986.450 Thread 0x0000000033e459d0 Exception <a 'sun/nio/fs/WindowsException'{0x000000061b182a20}> (0x000000061b182a20) thrown at [t:/workspace/open/src/hotspot/share/prims/jni.cpp, line 615]
Event: 303987.364 Thread 0x0000000001b687c0 Implicit null exception at 0x0000000011dcb1f2 to 0x0000000011dcbbba

Events (10 events):
Event: 303991.216 loading class io/netty/util/concurrent/DefaultPromise$1
Event: 303991.216 loading class io/netty/util/concurrent/DefaultPromise$1 done
Event: 303991.217 loading class io/netty/util/concurrent/GlobalEventExecutor$2
Event: 303991.217 loading class io/netty/util/concurrent/GlobalEventExecutor$2 done
Event: 303991.217 Thread 0x00000000366b0100 Thread added: 0x00000000366b0100
Event: 303991.217 Thread 0x00000000366adf50 Thread exited: 0x00000000366adf50
Event: 303991.218 Thread 0x00000000366b0100 Thread exited: 0x00000000366b0100
Event: 303992.108 Thread 0x00000000366b0f70 Thread added: 0x00000000366b0f70
Event: 303992.108 Thread 0x00000000366b0f70 Thread exited: 0x00000000366b0f70
Event: 303992.119 Thread 0x00000000366b0100 Thread added: 0x00000000366b0100


Dynamic libraries:
0x00007ff650580000 - 0x00007ff6505a0000 	C:\Program Files\neo4j-community-4.3.6\bin\tools\prunsrv-amd64.exe
0x00007ff83efb0000 - 0x00007ff83f1a5000 	C:\WINDOWS\SYSTEM32\ntdll.dll
0x00007ff83e400000 - 0x00007ff83e4be000 	C:\WINDOWS\System32\KERNEL32.DLL
0x00007ff83ca90000 - 0x00007ff83cd58000 	C:\WINDOWS\System32\KERNELBASE.dll
0x00007ff83eec0000 - 0x00007ff83ef6e000 	C:\WINDOWS\System32\ADVAPI32.dll
0x00007ff83d730000 - 0x00007ff83d7ce000 	C:\WINDOWS\System32\msvcrt.dll
0x00007ff83d690000 - 0x00007ff83d72c000 	C:\WINDOWS\System32\sechost.dll
0x00007ff83e660000 - 0x00007ff83e785000 	C:\WINDOWS\System32\RPCRT4.dll
0x00007ff83da70000 - 0x00007ff83e1b4000 	C:\WINDOWS\System32\SHELL32.dll
0x00007ff83c9f0000 - 0x00007ff83ca8d000 	C:\WINDOWS\System32\msvcp_win.dll
0x00007ff83c810000 - 0x00007ff83c910000 	C:\WINDOWS\System32\ucrtbase.dll
0x00007ff83d470000 - 0x00007ff83d610000 	C:\WINDOWS\System32\USER32.dll
0x00007ff83c910000 - 0x00007ff83c932000 	C:\WINDOWS\System32\win32u.dll
0x00007ff83d440000 - 0x00007ff83d46b000 	C:\WINDOWS\System32\GDI32.dll
0x00007ff83c700000 - 0x00007ff83c80b000 	C:\WINDOWS\System32\gdi32full.dll
0x00007ff83e230000 - 0x00007ff83e2dd000 	C:\WINDOWS\System32\shcore.dll
0x00007ff83d0e0000 - 0x00007ff83d434000 	C:\WINDOWS\System32\combase.dll
0x00007ff81a610000 - 0x00007ff81b133000 	C:\Program Files\Java\jdk-11.0.2\bin\server\jvm.dll
0x00007ff83d9d0000 - 0x00007ff83d9d8000 	C:\WINDOWS\System32\PSAPI.DLL
0x00007ff81b930000 - 0x00007ff81b939000 	C:\WINDOWS\SYSTEM32\WSOCK32.dll
0x00007ff83d960000 - 0x00007ff83d9cb000 	C:\WINDOWS\System32\WS2_32.dll
0x00007ff81f940000 - 0x00007ff81f967000 	C:\WINDOWS\SYSTEM32\WINMM.dll
0x00007ff83b450000 - 0x00007ff83b45a000 	C:\WINDOWS\SYSTEM32\VERSION.dll
0x00007ff81f3b0000 - 0x00007ff81f3cb000 	C:\WINDOWS\SYSTEM32\VCRUNTIME140.dll
0x00007ff815de0000 - 0x00007ff815df1000 	C:\Program Files\Java\jdk-11.0.2\bin\verify.dll
0x00007ff83ab50000 - 0x00007ff83ad34000 	C:\WINDOWS\SYSTEM32\DBGHELP.DLL
0x00007ff82bab0000 - 0x00007ff82badc000 	C:\WINDOWS\SYSTEM32\dbgcore.DLL
0x00007ff83cf80000 - 0x00007ff83d002000 	C:\WINDOWS\System32\bcryptPrimitives.dll
0x00007ff815d50000 - 0x00007ff815d78000 	C:\Program Files\Java\jdk-11.0.2\bin\java.dll
0x00007ff8190f0000 - 0x00007ff819106000 	C:\Program Files\Java\jdk-11.0.2\bin\zip.dll
0x00007ff8190e0000 - 0x00007ff8190ea000 	C:\Program Files\Java\jdk-11.0.2\bin\jimage.dll
0x00007ff83b0d0000 - 0x00007ff83b0e2000 	C:\WINDOWS\SYSTEM32\kernel.appcore.dll
0x00007ff83a2e0000 - 0x00007ff83aa74000 	C:\WINDOWS\SYSTEM32\windows.storage.dll
0x00007ff83c130000 - 0x00007ff83c15c000 	C:\WINDOWS\SYSTEM32\Wldp.dll
0x00007ff83da10000 - 0x00007ff83da65000 	C:\WINDOWS\System32\shlwapi.dll
0x00007ff83c610000 - 0x00007ff83c62f000 	C:\WINDOWS\SYSTEM32\profapi.dll
0x00007ff812ee0000 - 0x00007ff812ef9000 	C:\Program Files\Java\jdk-11.0.2\bin\net.dll
0x00007ff831a10000 - 0x00007ff831b19000 	C:\WINDOWS\SYSTEM32\WINHTTP.dll
0x00007ff828470000 - 0x00007ff82865c000 	C:\WINDOWS\SYSTEM32\urlmon.dll
0x00007ff827ee0000 - 0x00007ff828191000 	C:\WINDOWS\SYSTEM32\iertutil.dll
0x00007ff8281f0000 - 0x00007ff828218000 	C:\WINDOWS\SYSTEM32\srvcli.dll
0x00007ff83bc90000 - 0x00007ff83bc9c000 	C:\WINDOWS\SYSTEM32\netutils.dll
0x00007ff83be90000 - 0x00007ff83befa000 	C:\WINDOWS\system32\mswsock.dll
0x00007ff812e60000 - 0x00007ff812e73000 	C:\Program Files\Java\jdk-11.0.2\bin\nio.dll
0x00007ff811570000 - 0x00007ff811579000 	C:\Program Files\Java\jdk-11.0.2\bin\management.dll
0x00007ff811560000 - 0x00007ff81156c000 	C:\Program Files\Java\jdk-11.0.2\bin\management_ext.dll
0x00007ff811680000 - 0x00007ff811697000 	C:\WINDOWS\system32\napinsp.dll
0x00007ff80fce0000 - 0x00007ff80fcfb000 	C:\WINDOWS\system32\pnrpnsp.dll
0x00007ff8382b0000 - 0x00007ff8382c5000 	C:\WINDOWS\system32\wshbth.dll
0x00007ff834f80000 - 0x00007ff834f9d000 	C:\WINDOWS\system32\NLAapi.dll
0x00007ff83bb30000 - 0x00007ff83bb6b000 	C:\WINDOWS\SYSTEM32\IPHLPAPI.DLL
0x00007ff83bb70000 - 0x00007ff83bc3a000 	C:\WINDOWS\SYSTEM32\DNSAPI.dll
0x00007ff83e650000 - 0x00007ff83e658000 	C:\WINDOWS\System32\NSI.dll
0x00007ff80fcc0000 - 0x00007ff80fcd2000 	C:\WINDOWS\System32\winrnr.dll
0x00007ff8302c0000 - 0x00007ff8302ca000 	C:\Windows\System32\rasadhlp.dll
0x00007ff82ff70000 - 0x00007ff82ffef000 	C:\WINDOWS\System32\fwpuclnt.dll
0x00007ff83c6d0000 - 0x00007ff83c6f7000 	C:\WINDOWS\System32\bcrypt.dll
0x00007ff83c080000 - 0x00007ff83c098000 	C:\WINDOWS\SYSTEM32\CRYPTSP.dll
0x00007ff83b7a0000 - 0x00007ff83b7d4000 	C:\WINDOWS\system32\rsaenh.dll
0x00007ff83c0a0000 - 0x00007ff83c0ac000 	C:\WINDOWS\SYSTEM32\CRYPTBASE.dll
0x00007ff834fa0000 - 0x00007ff834fb7000 	C:\WINDOWS\SYSTEM32\dhcpcsvc6.DLL
0x00007ff834f60000 - 0x00007ff834f7d000 	C:\WINDOWS\SYSTEM32\dhcpcsvc.DLL
0x00007ff829690000 - 0x00007ff8296d4000 	C:\Windows\Temp\jna-1029681497\jna17149553569779520565.dll

dbghelp: loaded successfully - version: 4.0.5 - missing functions: none
symbol engine: initialized successfully - sym options: 0x614 - pdb path: .;C:\Program Files\neo4j-community-4.3.6\bin\tools;C:\WINDOWS\SYSTEM32;C:\Program Files\Java\jdk-11.0.2\bin\server;C:\Program Files\Java\jdk-11.0.2\bin;C:\Windows\Temp\jna-1029681497

VM Arguments:
jvm_args: -XX:+UseG1GC -XX:-OmitStackTraceInFastThrow -XX:+AlwaysPreTouch -XX:+UnlockExperimentalVMOptions -XX:+TrustFinalNonStaticFields -XX:+DisableExplicitGC -XX:MaxInlineLevel=15 -XX:-UseBiasedLocking -Djdk.nio.maxCachedBufferSize=262144 -Dio.netty.tryReflectionSetAccessible=true -Djdk.tls.ephemeralDHKeySize=2048 -Djdk.tls.rejectClientInitiatedRenegotiation=true -XX:FlightRecorderOptions=stackdepth=256 -XX:+UnlockDiagnosticVMOptions -XX:+DebugNonSafepoints -Dlog4j2.disable.jmx=true -Dfile.encoding=UTF-8 exit abort 
java_command: <unknown>
java_class_path (initial): ;;C:\Program Files\neo4j-community-4.3.6\lib\annotations-4.3.6.jar;C:\Program Files\neo4j-community-4.3.6\lib\bcpkix-jdk15on-1.68.jar;C:\Program Files\neo4j-community-4.3.6\lib\bcprov-jdk15on-1.68.jar;C:\Program Files\neo4j-community-4.3.6\lib\caffeine-3.0.0.jar;C:\Program Files\neo4j-community-4.3.6\lib\commons-beanutils-1.9.4.jar;C:\Program Files\neo4j-community-4.3.6\lib\commons-collections-3.2.2.jar;C:\Program Files\neo4j-community-4.3.6\lib\commons-compress-1.21.jar;C:\Program Files\neo4j-community-4.3.6\lib\commons-exec-1.3.jar;C:\Program Files\neo4j-community-4.3.6\lib\commons-io-2.9.0.jar;C:\Program Files\neo4j-community-4.3.6\lib\commons-lang3-3.11.jar;C:\Program Files\neo4j-community-4.3.6\lib\commons-logging-1.2.jar;C:\Program Files\neo4j-community-4.3.6\lib\commons-text-1.9.jar;C:\Program Files\neo4j-community-4.3.6\lib\cypher-ast-factory-4.3.6.jar;C:\Program Files\neo4j-community-4.3.6\lib\eclipse-collections-10.4.0.jar;C:\Program Files\neo4j-community-4.3.6\lib\eclipse-collections-api-10.4.0.jar;C:\Program Files\neo4j-community-4.3.6\lib\FastInfoset-1.2.16.jar;C:\Program Files\neo4j-community-4.3.6\lib\hk2-api-2.6.1.jar;C:\Program Files\neo4j-community-4.3.6\lib\hk2-locator-2.6.1.jar;C:\Program Files\neo4j-community-4.3.6\lib\hk2-utils-2.6.1.jar;C:\Program Files\neo4j-community-4.3.6\lib\istack-commons-runtime-3.0.8.jar;C:\Program Files\neo4j-community-4.3.6\lib\jackson-annotations-2.12.1.jar;C:\Program Files\neo4j-community-4.3.6\lib\jackson-core-2.12.1.jar;C:\Program Files\neo4j-community-4.3.6\lib\jackson-databind-2.12.1.jar;C:\Program Files\neo4j-community-4.3.6\lib\jackson-jaxrs-base-2.12.1.jar;C:\Program Files\neo4j-community-4.3.6\lib\jackson-jaxrs-json-provider-2.12.1.jar;C:\Program Files\neo4j-community-4.3.6\lib\jackson-module-jaxb-annotations-2.12.1.jar;C:\Program Files\neo4j-community-4.3.6\lib\jakarta.activation-api-1.2.1.jar;C:\Program Files\neo4j-community-4.3.6\lib\jakarta.annotation-api-1.3.5.jar;C:\Program
Launcher Type: generic

[Global flags]
     bool AlwaysPreTouch                           = true                                      {product} {command line}
     intx CICompilerCount                          = 4                                         {product} {ergonomic}
     uint ConcGCThreads                            = 3                                         {product} {ergonomic}
     bool DebugNonSafepoints                       = true                                   {diagnostic} {command line}
     bool DisableExplicitGC                        = true                                      {product} {command line}
    ccstr FlightRecorderOptions                    = stackdepth=256                            {product} {command line}
     uint G1ConcRefinementThreads                  = 10                                        {product} {ergonomic}
   size_t G1HeapRegionSize                         = 2097152                                   {product} {ergonomic}
    uintx GCDrainStackTargetSize                   = 64                                        {product} {ergonomic}
   size_t InitialHeapSize                          = 534773760                                 {product} {ergonomic}
   size_t MarkStackSize                            = 4194304                                   {product} {ergonomic}
   size_t MaxHeapSize                              = 8539602944                                {product} {ergonomic}
     intx MaxInlineLevel                           = 15                                        {product} {command line}
   size_t MaxNewSize                               = 5123342336                                {product} {ergonomic}
   size_t MinHeapDeltaBytes                        = 2097152                                   {product} {ergonomic}
    uintx NonNMethodCodeHeapSize                   = 5835340                                {pd product} {ergonomic}
    uintx NonProfiledCodeHeapSize                  = 122911450                              {pd product} {ergonomic}
     bool OmitStackTraceInFastThrow                = false                                     {product} {command line}
    uintx ProfiledCodeHeapSize                     = 122911450                              {pd product} {ergonomic}
    uintx ReservedCodeCacheSize                    = 251658240                              {pd product} {ergonomic}
     bool SegmentedCodeCache                       = true                                      {product} {ergonomic}
     bool TrustFinalNonStaticFields                = true                                 {experimental} {command line}
     bool UnlockDiagnosticVMOptions                = true                                   {diagnostic} {command line}
     bool UnlockExperimentalVMOptions              = true                                 {experimental} {command line}
     bool UseBiasedLocking                         = false                                     {product} {command line}
     bool UseCompressedClassPointers               = true                                 {lp64_product} {ergonomic}
     bool UseCompressedOops                        = true                                 {lp64_product} {ergonomic}
     bool UseG1GC                                  = true                                      {product} {command line}
     bool UseLargePagesIndividualAllocation        = false                                  {pd product} {ergonomic}

Logging:
Log output configuration:
 #0: stdout all=warning uptime,level,tags
 #1: stderr all=off uptime,level,tags

Environment Variables:
JAVA_HOME=C:\Program Files\Java\jdk-11.0.2\
PATH=C:\Program Files\Java\jdk-11.0.2\bin;C:\Program Files (x86)\VMware\VMware Workstation\bin\;C:\Program Files\Common Files\Oracle\Java\javapath;C:\Program Files (x86)\Common Files\Oracle\Java\javapath;C:\WINDOWS\system32;C:\WINDOWS;C:\WINDOWS\System32\Wbem;C:\WINDOWS\System32\WindowsPowerShell\v1.0\;C:\WINDOWS\System32\OpenSSH\;C:\Program Files\dotnet\;C:\Program Files (x86)\dotnet\;C:\Program Files\PowerShell\7\;C:\Users\Trainees\AppData\Local\Programs\Neo4j Desktop;C:\Program Files\Git\cmd;C:\Program Files\Java\jdk-11.0.2\bin;C:\Program Files\doxygen\bin;;C:\Program Files (x86)\Gpg4win\..\GnuPG\bin;C:\WINDOWS\system32\config\systemprofile\AppData\Local\Microsoft\WindowsApps
USERNAME=DESKTOP-TG4VNEH$
OS=Windows_NT
PROCESSOR_IDENTIFIER=Intel64 Family 6 Model 158 Stepping 13, GenuineIntel



---------------  S Y S T E M  ---------------

OS: Windows 10 , 64 bit Build 19041 (10.0.19041.1566)

CPU:total 12 (initial active 12) (6 cores per cpu, 2 threads per core) family 6 model 158 stepping 13, cmov, cx8, fxsr, mmx, sse, sse2, sse3, ssse3, sse4.1, sse4.2, popcnt, avx, avx2, aes, clmul, erms, 3dnowpref, lzcnt, ht, tsc, tscinvbit, bmi1, bmi2, adx, fma

Memory: 4k page, system-wide physical 32575M (27502M free)
TotalPageFile size 37439M (AvailPageFile size 31129M)
current process WorkingSet (physical memory assigned to process): 725M, peak: 789M
current process commit charge ("private bytes"): 790M, peak: 833M

vm_info: OpenJDK 64-Bit Server VM (11.0.2+9) for windows-amd64 JRE (11.0.2+9), built on Jan 18 2019 05:23:22 by "mach5one" with MS VC++ 15.5 (VS2017)

END.
