#
# A fatal error has been detected by the Java Runtime Environment:
#
#  EXCEPTION_ACCESS_VIOLATION (0xc0000005) at pc=0x00007ffb7df63618, pid=6172, tid=2628
#
# JRE version: OpenJDK Runtime Environment (11.0.2+9) (build 11.0.2+9)
# Java VM: OpenJDK 64-Bit Server VM (11.0.2+9, mixed mode, tiered, compressed oops, g1 gc, windows-amd64)
# Problematic frame:
# V  [jvm.dll+0x2e3618]
#
# No core dump will be written. Minidumps are not enabled by default on client versions of Windows
#
# If you would like to submit a bug report, please visit:
#   http://bugreport.java.com/bugreport/crash.jsp
#

---------------  S U M M A R Y ------------

Command Line: -XX:+UseG1GC -XX:-OmitStackTraceInFastThrow -XX:+AlwaysPreTouch -XX:+UnlockExperimentalVMOptions -XX:+TrustFinalNonStaticFields -XX:+DisableExplicitGC -XX:MaxInlineLevel=15 -XX:-UseBiasedLocking -Djdk.nio.maxCachedBufferSize=262144 -Dio.netty.tryReflectionSetAccessible=true -Djdk.tls.ephemeralDHKeySize=2048 -Djdk.tls.rejectClientInitiatedRenegotiation=true -XX:FlightRecorderOptions=stackdepth=256 -XX:+UnlockDiagnosticVMOptions -XX:+DebugNonSafepoints -Dlog4j2.disable.jmx=true -Dfile.encoding=UTF-8 exit abort 

Host: Intel(R) Core(TM) i7-9850H CPU @ 2.60GHz, 12 cores, 31G,  Windows 10 , 64 bit Build 19041 (10.0.19041.1466)
Time: Tue Feb  1 17:22:52 2022 Romance Standard Time elapsed time: 9 seconds (0d 0h 0m 9s)

---------------  T H R E A D  ---------------

Current thread (0x0000000031b9acd0):  GCTaskThread "GC Thread#3" [stack: 0x0000000032c40000,0x0000000032d40000] [id=2628]

Stack: [0x0000000032c40000,0x0000000032d40000],  sp=0x0000000032d3e0e0,  free space=1016k
Native frames: (J=compiled Java code, j=interpreted, Vv=VM code, C=native code)
V  [jvm.dll+0x2e3618]
V  [jvm.dll+0x735148]
V  [jvm.dll+0x69adbd]
V  [jvm.dll+0x735a2c]
V  [jvm.dll+0x69be34]
V  [jvm.dll+0x7a4000]
V  [jvm.dll+0x633942]
C  [ucrtbase.dll+0x21bb2]
C  [KERNEL32.DLL+0x17034]
C  [ntdll.dll+0x52651]


siginfo: EXCEPTION_ACCESS_VIOLATION (0xc0000005), reading address 0x0000000000000000


Register to memory mapping:

RIP=0x00007ffb7df63618 jvm.dll
RAX=0x0 is NULL
RBX=0x0000000032d3e140 points into unknown readable memory: f0 c9 8a 01 00 00 00 00
RCX=0x0 is NULL
RDX=0x0000000000000003 is an unknown value
RSP=0x0000000032d3e0e0 points into unknown readable memory: 40 e1 d3 32 00 00 00 00
RBP=0x00000000018ac9f0 is pointing into the stack for thread: 0x00000000018c5d40
RSI=0x0000000032d3e1a0 points into unknown readable memory: 00 00 00 00 00 00 00 00
RDI=0x0000000032d3e170 points into unknown readable memory: 70 c9 8a 01 00 00 00 00
R8 =0x0 is NULL
R9 =0x0000000000000003 is an unknown value
R10=0x00000000007ba870 points into unknown readable memory: 80 38 8d 01 00 00 00 00
R11=0x0000000000000246 is an unknown value
R12=0x000000000000001d is an unknown value
R13=0x0000000000000001 is an unknown value
R14=0x0 is NULL
R15=0x000000003066f598 points into unknown readable memory: 50 f3 54 7e fb 7f 00 00


Registers:
RAX=0x0000000000000000, RBX=0x0000000032d3e140, RCX=0x0000000000000000, RDX=0x0000000000000003
RSP=0x0000000032d3e0e0, RBP=0x00000000018ac9f0, RSI=0x0000000032d3e1a0, RDI=0x0000000032d3e170
R8 =0x0000000000000000, R9 =0x0000000000000003, R10=0x00000000007ba870, R11=0x0000000000000246
R12=0x000000000000001d, R13=0x0000000000000001, R14=0x0000000000000000, R15=0x000000003066f598
RIP=0x00007ffb7df63618, EFLAGS=0x0000000000010246

Top of Stack: (sp=0x0000000032d3e0e0)
0x0000000032d3e0e0:   0000000032d3e140 00007ffb7df6181f
0x0000000032d3e0f0:   0000000009bf8690 0000000000000000
0x0000000032d3e100:   000000003066f598 0000000000000000
0x0000000032d3e110:   00007ffb7e68aba8 00007ffb7e3b5148
0x0000000032d3e120:   0000000000000001 00000000018c5d40
0x0000000032d3e130:   0000000000000000 0000000000000000
0x0000000032d3e140:   00000000018ac9f0 0000000000000000
0x0000000032d3e150:   0000000000000000 0000000000000000
0x0000000032d3e160:   0000000000000000 0000000000000000
0x0000000032d3e170:   00000000018ac970 0000000009bfee48
0x0000000032d3e180:   0000000009bf8690 0000000000000000
0x0000000032d3e190:   00000000018ac9e0 00000000018ac970
0x0000000032d3e1a0:   0000000000000000 0000000000000000
0x0000000032d3e1b0:   0000000000000000 0000000000000000
0x0000000032d3e1c0:   0000000000000000 0000000000000000
0x0000000032d3e1d0:   0000000000000000 0000000000000000 

Instructions: (pc=0x00007ffb7df63618)
0x00007ffb7df635f8:   4b 08 e8 81 33 f1 ff 48 8b cb 48 89 43 10 e8 25
0x00007ffb7df63608:   f5 ff ff 48 85 c0 0f 85 e3 00 00 00 48 8b 4b 10
0x00007ffb7df63618:   48 8b 01 ff 50 20 33 c9 84 c0 0f 95 c1 e9 da 00
0x00007ffb7df63628:   00 00 48 8b 57 10 48 85 d2 0f 84 8c 00 00 00 41 


Stack slot to memory mapping:
stack at sp + 0 slots: 0x0000000032d3e140 points into unknown readable memory: f0 c9 8a 01 00 00 00 00
stack at sp + 1 slots: 0x00007ffb7df6181f jvm.dll
stack at sp + 2 slots: 0x0000000009bf8690 is at code_begin+-112 in 
[CodeBlob (0x0000000009bf8690)]
Framesize: 0
BufferBlob (0x0000000009bf8690) used for Interpreter
stack at sp + 3 slots: 0x0 is NULL
stack at sp + 4 slots: 0x000000003066f598 points into unknown readable memory: 50 f3 54 7e fb 7f 00 00
stack at sp + 5 slots: 0x0 is NULL
stack at sp + 6 slots: 0x00007ffb7e68aba8 jvm.dll
stack at sp + 7 slots: 0x00007ffb7e3b5148 jvm.dll


---------------  P R O C E S S  ---------------

Threads class SMR info:
_java_thread_list=0x000000003c766ff0, length=29, elements={
0x00000000018c5d40, 0x0000000030270440, 0x000000003029db40, 0x00000000302a7fb0,
0x00000000302a8a80, 0x00000000302a9600, 0x00000000302b24d0, 0x00000000302b39f0,
0x0000000030465df0, 0x00000000304c7e80, 0x0000000033e00f00, 0x00000000343f0060,
0x0000000033bd5a70, 0x0000000031ca6370, 0x00000000321f8b10, 0x00000000321fa320,
0x00000000321f4c80, 0x00000000321fa7f0, 0x00000000321f8fe0, 0x00000000321f6e30,
0x00000000321fb660, 0x00000000321fb190, 0x00000000321f5150, 0x00000000321f5fc0,
0x00000000321f7300, 0x00000000321f94b0, 0x00000000321f8170, 0x00000000321facc0,
0x00000000321f6490
}

Java Threads: ( => current thread )
  0x00000000018c5d40 JavaThread "main" [_thread_in_native, id=7468, stack(0x00000000017b0000,0x00000000018b0000)]
  0x0000000030270440 JavaThread "Reference Handler" daemon [_thread_blocked, id=8684, stack(0x0000000030670000,0x0000000030770000)]
  0x000000003029db40 JavaThread "Finalizer" daemon [_thread_blocked, id=8720, stack(0x0000000030770000,0x0000000030870000)]
  0x00000000302a7fb0 JavaThread "Signal Dispatcher" daemon [_thread_blocked, id=8748, stack(0x0000000030970000,0x0000000030a70000)]
  0x00000000302a8a80 JavaThread "Attach Listener" daemon [_thread_blocked, id=8752, stack(0x0000000030a70000,0x0000000030b70000)]
  0x00000000302a9600 JavaThread "C2 CompilerThread0" daemon [_thread_blocked, id=8756, stack(0x0000000030b70000,0x0000000030c70000)]
  0x00000000302b24d0 JavaThread "C1 CompilerThread0" daemon [_thread_blocked, id=8760, stack(0x0000000030c70000,0x0000000030d70000)]
  0x00000000302b39f0 JavaThread "Sweeper thread" daemon [_thread_blocked, id=8764, stack(0x0000000030d70000,0x0000000030e70000)]
  0x0000000030465df0 JavaThread "Common-Cleaner" daemon [_thread_blocked, id=8940, stack(0x0000000030e70000,0x0000000030f70000)]
  0x00000000304c7e80 JavaThread "Service Thread" daemon [_thread_blocked, id=9024, stack(0x0000000030f70000,0x0000000031070000)]
  0x0000000033e00f00 JavaThread "ForkJoinPool.commonPool-worker-19" daemon [_thread_blocked, id=832, stack(0x0000000035410000,0x0000000035510000)]
  0x00000000343f0060 JavaThread "neo4j.Scheduler-1" daemon [_thread_blocked, id=8092, stack(0x00000000369e0000,0x0000000036ae0000)]
  0x0000000033bd5a70 JavaThread "Cleaner-0" daemon [_thread_blocked, id=7824, stack(0x00000000016b0000,0x00000000017b0000)]
  0x0000000031ca6370 JavaThread "FileSystemWatchService" daemon [_thread_blocked, id=9208, stack(0x0000000035510000,0x0000000035610000)]
  0x00000000321f8b10 JavaThread "neo4j.ServerTransactionTimeout-1" daemon [_thread_blocked, id=9832, stack(0x000000003ad80000,0x000000003ae80000)]
  0x00000000321fa320 JavaThread "neo4j.BoltWorker-1 [bolt]" [_thread_blocked, id=10212, stack(0x000000003b360000,0x000000003b460000)]
  0x00000000321f4c80 JavaThread "neo4j.BoltWorker-2 [bolt]" [_thread_blocked, id=10216, stack(0x000000003b460000,0x000000003b560000)]
  0x00000000321fa7f0 JavaThread "neo4j.BoltWorker-3 [bolt]" [_thread_blocked, id=10220, stack(0x000000003b560000,0x000000003b660000)]
  0x00000000321f8fe0 JavaThread "neo4j.BoltWorker-4 [bolt]" [_thread_blocked, id=10224, stack(0x000000003b660000,0x000000003b760000)]
  0x00000000321f6e30 JavaThread "neo4j.BoltWorker-5 [bolt]" [_thread_blocked, id=10228, stack(0x000000003b760000,0x000000003b860000)]
  0x00000000321fb660 JavaThread "neo4j.VmPauseMonitor-1" daemon [_thread_blocked, id=9388, stack(0x000000003b220000,0x000000003b320000)]
  0x00000000321fb190 JavaThread "neo4j.FileWatcher-1" daemon [_thread_blocked, id=9392, stack(0x000000003ba00000,0x000000003bb00000)]
  0x00000000321f5150 JavaThread "MuninnPageCache[1]-EvictionTask" daemon [_thread_blocked, id=9936, stack(0x000000003b080000,0x000000003b180000)]
  0x00000000321f5fc0 JavaThread "neo4j.StorageMaintenance-1" daemon [_thread_blocked, id=9912, stack(0x000000003b860000,0x000000003b960000)]
  0x00000000321f7300 JavaThread "neo4j.IndexSampling-1" daemon [_thread_blocked, id=10200, stack(0x000000003e780000,0x000000003e880000)]
  0x00000000321f94b0 JavaThread "neo4j.TransactionTimeoutMonitor-1" daemon [_thread_blocked, id=10232, stack(0x000000003e880000,0x000000003e980000)]
  0x00000000321f8170 JavaThread "neo4j.TransactionTimeoutMonitor-2" daemon [_thread_blocked, id=10236, stack(0x000000003ec00000,0x000000003ed00000)]
  0x00000000321facc0 JavaThread "neo4j.DatabaseIdRepository-1" daemon [_thread_blocked, id=9996, stack(0x000000003d0e0000,0x000000003d1e0000)]
  0x00000000321f6490 JavaThread "DestroyJavaVM" [_thread_blocked, id=10068, stack(0x00000000017b0000,0x00000000018b0000)]

Other Threads:
  0x0000000030268ee0 VMThread "VM Thread" [stack: 0x0000000030570000,0x0000000030670000] [id=8612]
  0x00000000304c8760 WatcherThread [stack: 0x0000000031070000,0x0000000031170000] [id=9028]
  0x00000000018de5b0 GCTaskThread "GC Thread#0" [stack: 0x0000000018dd0000,0x0000000018ed0000] [id=8124]
  0x0000000031d24e00 GCTaskThread "GC Thread#1" [stack: 0x0000000032a40000,0x0000000032b40000] [id=7584]
  0x0000000031a27ff0 GCTaskThread "GC Thread#2" [stack: 0x0000000032b40000,0x0000000032c40000] [id=8248]
=>0x0000000031b9acd0 GCTaskThread "GC Thread#3" [stack: 0x0000000032c40000,0x0000000032d40000] [id=2628]
  0x000000003209d260 GCTaskThread "GC Thread#4" [stack: 0x0000000032d40000,0x0000000032e40000] [id=8252]
  0x00000000322adf60 GCTaskThread "GC Thread#5" [stack: 0x0000000032e40000,0x0000000032f40000] [id=7420]
  0x0000000031c0d510 GCTaskThread "GC Thread#6" [stack: 0x0000000032f40000,0x0000000033040000] [id=2640]
  0x0000000031c0dc60 GCTaskThread "GC Thread#7" [stack: 0x0000000033040000,0x0000000033140000] [id=8544]
  0x0000000031c0dfa0 GCTaskThread "GC Thread#8" [stack: 0x0000000033140000,0x0000000033240000] [id=3188]
  0x000000003226c410 GCTaskThread "GC Thread#9" [stack: 0x0000000033240000,0x0000000033340000] [id=6700]
  0x000000000195bd30 ConcurrentGCThread "G1 Main Marker" [stack: 0x000000002c8d0000,0x000000002c9d0000] [id=8136]
  0x000000000195d3a0 ConcurrentGCThread "G1 Conc#0" [stack: 0x000000002c9d0000,0x000000002cad0000] [id=8144]
  0x0000000032001860 ConcurrentGCThread "G1 Conc#1" [stack: 0x0000000034410000,0x0000000034510000] [id=6888]
  0x00000000324eb700 ConcurrentGCThread "G1 Conc#2" [stack: 0x0000000035310000,0x0000000035410000] [id=8324]
  0x000000002f6d4b10 ConcurrentGCThread "G1 Refine#0" [stack: 0x000000002f770000,0x000000002f870000] [id=8444]
  0x000000002f6d5260 ConcurrentGCThread "G1 Young RemSet Sampling" [stack: 0x000000002f870000,0x000000002f970000] [id=8448]

Threads with active compile tasks:

VM state:at safepoint (normal execution)

VM Mutex/Monitor currently owned by a thread:  ([mutex/lock_event])
[0x00000000018c1d20] Safepoint_lock - owner thread: 0x0000000030268ee0
[0x00000000018c2230] Threads_lock - owner thread: 0x0000000030268ee0

Heap address: 0x0000000603000000, size: 8144 MB, Compressed Oops mode: Zero based, Oop shift amount: 3
Narrow klass base: 0x0000000800000000, Narrow klass shift: 0
Compressed class space size: 1073741824 Address: 0x0000000800000000

Heap:
 garbage-first heap   total 522240K, used 63118K [0x0000000603000000, 0x0000000800000000)
  region size 2048K, 26 young (53248K), 9 survivors (18432K)
 Metaspace       used 60306K, capacity 62502K, committed 62796K, reserved 1103872K
  class space    used 7943K, capacity 8959K, committed 9036K, reserved 1048576K
Heap Regions: E=young(eden), S=young(survivor), O=old, HS=humongous(starts), HC=humongous(continues), CS=collection set, F=free, A=archive, TAMS=top-at-mark-start (previous, next)
|   0|0x0000000603000000, 0x0000000603200000, 0x0000000603200000|100%| O|  |TAMS 0x0000000603200000, 0x0000000603000000| Untracked 
|   1|0x0000000603200000, 0x0000000603400000, 0x0000000603400000|100%| O|  |TAMS 0x0000000603400000, 0x0000000603200000| Untracked 
|   2|0x0000000603400000, 0x0000000603600000, 0x0000000603600000|100%| O|  |TAMS 0x0000000603600000, 0x0000000603400000| Untracked 
|   3|0x0000000603600000, 0x0000000603800000, 0x0000000603800000|100%| O|  |TAMS 0x0000000603800000, 0x0000000603600000| Untracked 
|   4|0x0000000603800000, 0x0000000603a00000, 0x0000000603a00000|100%| O|  |TAMS 0x0000000603a00000, 0x0000000603800000| Untracked 
|   5|0x0000000603a00000, 0x0000000603c00000, 0x0000000603c00000|100%| O|  |TAMS 0x0000000603c00000, 0x0000000603a00000| Untracked 
|   6|0x0000000603c00000, 0x0000000603ccda00, 0x0000000603e00000| 40%| O|  |TAMS 0x0000000603ccda00, 0x0000000603c00000| Untracked 
|   7|0x0000000603e00000, 0x0000000603e00000, 0x0000000604000000|  0%| F|  |TAMS 0x0000000603e00000, 0x0000000603e00000| Untracked 
|   8|0x0000000604000000, 0x0000000604000000, 0x0000000604200000|  0%| F|  |TAMS 0x0000000604000000, 0x0000000604000000| Untracked 
|   9|0x0000000604200000, 0x0000000604200000, 0x0000000604400000|  0%| F|  |TAMS 0x0000000604200000, 0x0000000604200000| Untracked 
|  10|0x0000000604400000, 0x0000000604400000, 0x0000000604600000|  0%| F|  |TAMS 0x0000000604400000, 0x0000000604400000| Untracked 
|  11|0x0000000604600000, 0x0000000604600000, 0x0000000604800000|  0%| F|  |TAMS 0x0000000604600000, 0x0000000604600000| Untracked 
|  12|0x0000000604800000, 0x0000000604800000, 0x0000000604a00000|  0%| F|  |TAMS 0x0000000604800000, 0x0000000604800000| Untracked 
|  13|0x0000000604a00000, 0x0000000604a00000, 0x0000000604c00000|  0%| F|  |TAMS 0x0000000604a00000, 0x0000000604a00000| Untracked 
|  14|0x0000000604c00000, 0x0000000604c00000, 0x0000000604e00000|  0%| F|  |TAMS 0x0000000604c00000, 0x0000000604c00000| Untracked 
|  15|0x0000000604e00000, 0x0000000604e00000, 0x0000000605000000|  0%| F|  |TAMS 0x0000000604e00000, 0x0000000604e00000| Untracked 
|  16|0x0000000605000000, 0x0000000605000000, 0x0000000605200000|  0%| F|  |TAMS 0x0000000605000000, 0x0000000605000000| Untracked 
|  17|0x0000000605200000, 0x0000000605200000, 0x0000000605400000|  0%| F|  |TAMS 0x0000000605200000, 0x0000000605200000| Untracked 
|  18|0x0000000605400000, 0x0000000605400000, 0x0000000605600000|  0%| F|  |TAMS 0x0000000605400000, 0x0000000605400000| Untracked 
|  19|0x0000000605600000, 0x0000000605600000, 0x0000000605800000|  0%| F|  |TAMS 0x0000000605600000, 0x0000000605600000| Untracked 
|  20|0x0000000605800000, 0x0000000605800000, 0x0000000605a00000|  0%| F|  |TAMS 0x0000000605800000, 0x0000000605800000| Untracked 
|  21|0x0000000605a00000, 0x0000000605a00000, 0x0000000605c00000|  0%| F|  |TAMS 0x0000000605a00000, 0x0000000605a00000| Untracked 
|  22|0x0000000605c00000, 0x0000000605c00000, 0x0000000605e00000|  0%| F|  |TAMS 0x0000000605c00000, 0x0000000605c00000| Untracked 
|  23|0x0000000605e00000, 0x0000000605e00000, 0x0000000606000000|  0%| F|  |TAMS 0x0000000605e00000, 0x0000000605e00000| Untracked 
|  24|0x0000000606000000, 0x0000000606000000, 0x0000000606200000|  0%| F|  |TAMS 0x0000000606000000, 0x0000000606000000| Untracked 
|  25|0x0000000606200000, 0x0000000606200000, 0x0000000606400000|  0%| F|  |TAMS 0x0000000606200000, 0x0000000606200000| Untracked 
|  26|0x0000000606400000, 0x0000000606400000, 0x0000000606600000|  0%| F|  |TAMS 0x0000000606400000, 0x0000000606400000| Untracked 
|  27|0x0000000606600000, 0x0000000606600000, 0x0000000606800000|  0%| F|  |TAMS 0x0000000606600000, 0x0000000606600000| Untracked 
|  28|0x0000000606800000, 0x0000000606800000, 0x0000000606a00000|  0%| F|  |TAMS 0x0000000606800000, 0x0000000606800000| Untracked 
|  29|0x0000000606a00000, 0x0000000606a00000, 0x0000000606c00000|  0%| F|  |TAMS 0x0000000606a00000, 0x0000000606a00000| Untracked 
|  30|0x0000000606c00000, 0x0000000606c00000, 0x0000000606e00000|  0%| F|  |TAMS 0x0000000606c00000, 0x0000000606c00000| Untracked 
|  31|0x0000000606e00000, 0x0000000606e00000, 0x0000000607000000|  0%| F|  |TAMS 0x0000000606e00000, 0x0000000606e00000| Untracked 
|  32|0x0000000607000000, 0x0000000607000000, 0x0000000607200000|  0%| F|  |TAMS 0x0000000607000000, 0x0000000607000000| Untracked 
|  33|0x0000000607200000, 0x0000000607200000, 0x0000000607400000|  0%| F|  |TAMS 0x0000000607200000, 0x0000000607200000| Untracked 
|  34|0x0000000607400000, 0x0000000607400000, 0x0000000607600000|  0%| F|  |TAMS 0x0000000607400000, 0x0000000607400000| Untracked 
|  35|0x0000000607600000, 0x0000000607600000, 0x0000000607800000|  0%| F|  |TAMS 0x0000000607600000, 0x0000000607600000| Untracked 
|  36|0x0000000607800000, 0x0000000607800000, 0x0000000607a00000|  0%| F|  |TAMS 0x0000000607800000, 0x0000000607800000| Untracked 
|  37|0x0000000607a00000, 0x0000000607a00000, 0x0000000607c00000|  0%| F|  |TAMS 0x0000000607a00000, 0x0000000607a00000| Untracked 
|  38|0x0000000607c00000, 0x0000000607c00000, 0x0000000607e00000|  0%| F|  |TAMS 0x0000000607c00000, 0x0000000607c00000| Untracked 
|  39|0x0000000607e00000, 0x0000000607e00000, 0x0000000608000000|  0%| F|  |TAMS 0x0000000607e00000, 0x0000000607e00000| Untracked 
|  40|0x0000000608000000, 0x0000000608000000, 0x0000000608200000|  0%| F|  |TAMS 0x0000000608000000, 0x0000000608000000| Untracked 
|  41|0x0000000608200000, 0x0000000608200000, 0x0000000608400000|  0%| F|  |TAMS 0x0000000608200000, 0x0000000608200000| Untracked 
|  42|0x0000000608400000, 0x0000000608400000, 0x0000000608600000|  0%| F|  |TAMS 0x0000000608400000, 0x0000000608400000| Untracked 
|  43|0x0000000608600000, 0x0000000608600000, 0x0000000608800000|  0%| F|  |TAMS 0x0000000608600000, 0x0000000608600000| Untracked 
|  44|0x0000000608800000, 0x0000000608800000, 0x0000000608a00000|  0%| F|  |TAMS 0x0000000608800000, 0x0000000608800000| Untracked 
|  45|0x0000000608a00000, 0x0000000608a00000, 0x0000000608c00000|  0%| F|  |TAMS 0x0000000608a00000, 0x0000000608a00000| Untracked 
|  46|0x0000000608c00000, 0x0000000608c00000, 0x0000000608e00000|  0%| F|  |TAMS 0x0000000608c00000, 0x0000000608c00000| Untracked 
|  47|0x0000000608e00000, 0x0000000608e00000, 0x0000000609000000|  0%| F|  |TAMS 0x0000000608e00000, 0x0000000608e00000| Untracked 
|  48|0x0000000609000000, 0x0000000609000000, 0x0000000609200000|  0%| F|  |TAMS 0x0000000609000000, 0x0000000609000000| Untracked 
|  49|0x0000000609200000, 0x0000000609200000, 0x0000000609400000|  0%| F|  |TAMS 0x0000000609200000, 0x0000000609200000| Untracked 
|  50|0x0000000609400000, 0x0000000609400000, 0x0000000609600000|  0%| F|  |TAMS 0x0000000609400000, 0x0000000609400000| Untracked 
|  51|0x0000000609600000, 0x0000000609600000, 0x0000000609800000|  0%| F|  |TAMS 0x0000000609600000, 0x0000000609600000| Untracked 
|  52|0x0000000609800000, 0x0000000609800000, 0x0000000609a00000|  0%| F|  |TAMS 0x0000000609800000, 0x0000000609800000| Untracked 
|  53|0x0000000609a00000, 0x0000000609a00000, 0x0000000609c00000|  0%| F|  |TAMS 0x0000000609a00000, 0x0000000609a00000| Untracked 
|  54|0x0000000609c00000, 0x0000000609c00000, 0x0000000609e00000|  0%| F|  |TAMS 0x0000000609c00000, 0x0000000609c00000| Untracked 
|  55|0x0000000609e00000, 0x0000000609e00000, 0x000000060a000000|  0%| F|  |TAMS 0x0000000609e00000, 0x0000000609e00000| Untracked 
|  56|0x000000060a000000, 0x000000060a000000, 0x000000060a200000|  0%| F|  |TAMS 0x000000060a000000, 0x000000060a000000| Untracked 
|  57|0x000000060a200000, 0x000000060a200000, 0x000000060a400000|  0%| F|  |TAMS 0x000000060a200000, 0x000000060a200000| Untracked 
|  58|0x000000060a400000, 0x000000060a400000, 0x000000060a600000|  0%| F|  |TAMS 0x000000060a400000, 0x000000060a400000| Untracked 
|  59|0x000000060a600000, 0x000000060a600000, 0x000000060a800000|  0%| F|  |TAMS 0x000000060a600000, 0x000000060a600000| Untracked 
|  60|0x000000060a800000, 0x000000060a800000, 0x000000060aa00000|  0%| F|  |TAMS 0x000000060a800000, 0x000000060a800000| Untracked 
|  61|0x000000060aa00000, 0x000000060aa00000, 0x000000060ac00000|  0%| F|  |TAMS 0x000000060aa00000, 0x000000060aa00000| Untracked 
|  62|0x000000060ac00000, 0x000000060ac00000, 0x000000060ae00000|  0%| F|  |TAMS 0x000000060ac00000, 0x000000060ac00000| Untracked 
|  63|0x000000060ae00000, 0x000000060ae00000, 0x000000060b000000|  0%| F|  |TAMS 0x000000060ae00000, 0x000000060ae00000| Untracked 
|  64|0x000000060b000000, 0x000000060b000000, 0x000000060b200000|  0%| F|  |TAMS 0x000000060b000000, 0x000000060b000000| Untracked 
|  65|0x000000060b200000, 0x000000060b200000, 0x000000060b400000|  0%| F|  |TAMS 0x000000060b200000, 0x000000060b200000| Untracked 
|  66|0x000000060b400000, 0x000000060b400000, 0x000000060b600000|  0%| F|  |TAMS 0x000000060b400000, 0x000000060b400000| Untracked 
|  67|0x000000060b600000, 0x000000060b600000, 0x000000060b800000|  0%| F|  |TAMS 0x000000060b600000, 0x000000060b600000| Untracked 
|  68|0x000000060b800000, 0x000000060b800000, 0x000000060ba00000|  0%| F|  |TAMS 0x000000060b800000, 0x000000060b800000| Untracked 
|  69|0x000000060ba00000, 0x000000060ba00000, 0x000000060bc00000|  0%| F|  |TAMS 0x000000060ba00000, 0x000000060ba00000| Untracked 
|  70|0x000000060bc00000, 0x000000060bc00000, 0x000000060be00000|  0%| F|  |TAMS 0x000000060bc00000, 0x000000060bc00000| Untracked 
|  71|0x000000060be00000, 0x000000060be00000, 0x000000060c000000|  0%| F|  |TAMS 0x000000060be00000, 0x000000060be00000| Untracked 
|  72|0x000000060c000000, 0x000000060c000000, 0x000000060c200000|  0%| F|  |TAMS 0x000000060c000000, 0x000000060c000000| Untracked 
|  73|0x000000060c200000, 0x000000060c200000, 0x000000060c400000|  0%| F|  |TAMS 0x000000060c200000, 0x000000060c200000| Untracked 
|  74|0x000000060c400000, 0x000000060c400000, 0x000000060c600000|  0%| F|  |TAMS 0x000000060c400000, 0x000000060c400000| Untracked 
|  75|0x000000060c600000, 0x000000060c600000, 0x000000060c800000|  0%| F|  |TAMS 0x000000060c600000, 0x000000060c600000| Untracked 
|  76|0x000000060c800000, 0x000000060c800000, 0x000000060ca00000|  0%| F|  |TAMS 0x000000060c800000, 0x000000060c800000| Untracked 
|  77|0x000000060ca00000, 0x000000060ca00000, 0x000000060cc00000|  0%| F|  |TAMS 0x000000060ca00000, 0x000000060ca00000| Untracked 
|  78|0x000000060cc00000, 0x000000060cc00000, 0x000000060ce00000|  0%| F|  |TAMS 0x000000060cc00000, 0x000000060cc00000| Untracked 
|  79|0x000000060ce00000, 0x000000060ce00000, 0x000000060d000000|  0%| F|  |TAMS 0x000000060ce00000, 0x000000060ce00000| Untracked 
|  80|0x000000060d000000, 0x000000060d000000, 0x000000060d200000|  0%| F|  |TAMS 0x000000060d000000, 0x000000060d000000| Untracked 
|  81|0x000000060d200000, 0x000000060d200000, 0x000000060d400000|  0%| F|  |TAMS 0x000000060d200000, 0x000000060d200000| Untracked 
|  82|0x000000060d400000, 0x000000060d400000, 0x000000060d600000|  0%| F|  |TAMS 0x000000060d400000, 0x000000060d400000| Untracked 
|  83|0x000000060d600000, 0x000000060d600000, 0x000000060d800000|  0%| F|  |TAMS 0x000000060d600000, 0x000000060d600000| Untracked 
|  84|0x000000060d800000, 0x000000060d800000, 0x000000060da00000|  0%| F|  |TAMS 0x000000060d800000, 0x000000060d800000| Untracked 
|  85|0x000000060da00000, 0x000000060da00000, 0x000000060dc00000|  0%| F|  |TAMS 0x000000060da00000, 0x000000060da00000| Untracked 
|  86|0x000000060dc00000, 0x000000060dc00000, 0x000000060de00000|  0%| F|  |TAMS 0x000000060dc00000, 0x000000060dc00000| Untracked 
|  87|0x000000060de00000, 0x000000060de00000, 0x000000060e000000|  0%| F|  |TAMS 0x000000060de00000, 0x000000060de00000| Untracked 
|  88|0x000000060e000000, 0x000000060e000000, 0x000000060e200000|  0%| F|  |TAMS 0x000000060e000000, 0x000000060e000000| Untracked 
|  89|0x000000060e200000, 0x000000060e200000, 0x000000060e400000|  0%| F|  |TAMS 0x000000060e200000, 0x000000060e200000| Untracked 
|  90|0x000000060e400000, 0x000000060e400000, 0x000000060e600000|  0%| F|  |TAMS 0x000000060e400000, 0x000000060e400000| Untracked 
|  91|0x000000060e600000, 0x000000060e600000, 0x000000060e800000|  0%| F|  |TAMS 0x000000060e600000, 0x000000060e600000| Untracked 
|  92|0x000000060e800000, 0x000000060e800000, 0x000000060ea00000|  0%| F|  |TAMS 0x000000060e800000, 0x000000060e800000| Untracked 
|  93|0x000000060ea00000, 0x000000060ea00000, 0x000000060ec00000|  0%| F|  |TAMS 0x000000060ea00000, 0x000000060ea00000| Untracked 
|  94|0x000000060ec00000, 0x000000060ec00000, 0x000000060ee00000|  0%| F|  |TAMS 0x000000060ec00000, 0x000000060ec00000| Untracked 
|  95|0x000000060ee00000, 0x000000060ee00000, 0x000000060f000000|  0%| F|  |TAMS 0x000000060ee00000, 0x000000060ee00000| Untracked 
|  96|0x000000060f000000, 0x000000060f000000, 0x000000060f200000|  0%| F|  |TAMS 0x000000060f000000, 0x000000060f000000| Untracked 
|  97|0x000000060f200000, 0x000000060f200000, 0x000000060f400000|  0%| F|  |TAMS 0x000000060f200000, 0x000000060f200000| Untracked 
|  98|0x000000060f400000, 0x000000060f400000, 0x000000060f600000|  0%| F|  |TAMS 0x000000060f400000, 0x000000060f400000| Untracked 
|  99|0x000000060f600000, 0x000000060f600000, 0x000000060f800000|  0%| F|  |TAMS 0x000000060f600000, 0x000000060f600000| Untracked 
| 100|0x000000060f800000, 0x000000060f800000, 0x000000060fa00000|  0%| F|  |TAMS 0x000000060f800000, 0x000000060f800000| Untracked 
| 101|0x000000060fa00000, 0x000000060fa00000, 0x000000060fc00000|  0%| F|  |TAMS 0x000000060fa00000, 0x000000060fa00000| Untracked 
| 102|0x000000060fc00000, 0x000000060fc00000, 0x000000060fe00000|  0%| F|  |TAMS 0x000000060fc00000, 0x000000060fc00000| Untracked 
| 103|0x000000060fe00000, 0x000000060fe00000, 0x0000000610000000|  0%| F|  |TAMS 0x000000060fe00000, 0x000000060fe00000| Untracked 
| 104|0x0000000610000000, 0x0000000610000000, 0x0000000610200000|  0%| F|  |TAMS 0x0000000610000000, 0x0000000610000000| Untracked 
| 105|0x0000000610200000, 0x0000000610200000, 0x0000000610400000|  0%| F|  |TAMS 0x0000000610200000, 0x0000000610200000| Untracked 
| 106|0x0000000610400000, 0x0000000610400000, 0x0000000610600000|  0%| F|  |TAMS 0x0000000610400000, 0x0000000610400000| Untracked 
| 107|0x0000000610600000, 0x0000000610600000, 0x0000000610800000|  0%| F|  |TAMS 0x0000000610600000, 0x0000000610600000| Untracked 
| 108|0x0000000610800000, 0x0000000610800000, 0x0000000610a00000|  0%| F|  |TAMS 0x0000000610800000, 0x0000000610800000| Untracked 
| 109|0x0000000610a00000, 0x0000000610a00000, 0x0000000610c00000|  0%| F|  |TAMS 0x0000000610a00000, 0x0000000610a00000| Untracked 
| 110|0x0000000610c00000, 0x0000000610c00000, 0x0000000610e00000|  0%| F|  |TAMS 0x0000000610c00000, 0x0000000610c00000| Untracked 
| 111|0x0000000610e00000, 0x0000000610e00000, 0x0000000611000000|  0%| F|  |TAMS 0x0000000610e00000, 0x0000000610e00000| Untracked 
| 112|0x0000000611000000, 0x0000000611000000, 0x0000000611200000|  0%| F|  |TAMS 0x0000000611000000, 0x0000000611000000| Untracked 
| 113|0x0000000611200000, 0x0000000611200000, 0x0000000611400000|  0%| F|  |TAMS 0x0000000611200000, 0x0000000611200000| Untracked 
| 114|0x0000000611400000, 0x0000000611400000, 0x0000000611600000|  0%| F|  |TAMS 0x0000000611400000, 0x0000000611400000| Untracked 
| 115|0x0000000611600000, 0x0000000611600000, 0x0000000611800000|  0%| F|  |TAMS 0x0000000611600000, 0x0000000611600000| Untracked 
| 116|0x0000000611800000, 0x0000000611800000, 0x0000000611a00000|  0%| F|  |TAMS 0x0000000611800000, 0x0000000611800000| Untracked 
| 117|0x0000000611a00000, 0x0000000611a00000, 0x0000000611c00000|  0%| F|  |TAMS 0x0000000611a00000, 0x0000000611a00000| Untracked 
| 118|0x0000000611c00000, 0x0000000611c00000, 0x0000000611e00000|  0%| F|  |TAMS 0x0000000611c00000, 0x0000000611c00000| Untracked 
| 119|0x0000000611e00000, 0x0000000611e00000, 0x0000000612000000|  0%| F|  |TAMS 0x0000000611e00000, 0x0000000611e00000| Untracked 
| 120|0x0000000612000000, 0x0000000612000000, 0x0000000612200000|  0%| F|  |TAMS 0x0000000612000000, 0x0000000612000000| Untracked 
| 121|0x0000000612200000, 0x0000000612200000, 0x0000000612400000|  0%| F|  |TAMS 0x0000000612200000, 0x0000000612200000| Untracked 
| 122|0x0000000612400000, 0x0000000612400000, 0x0000000612600000|  0%| F|  |TAMS 0x0000000612400000, 0x0000000612400000| Untracked 
| 123|0x0000000612600000, 0x0000000612600000, 0x0000000612800000|  0%| F|  |TAMS 0x0000000612600000, 0x0000000612600000| Untracked 
| 124|0x0000000612800000, 0x0000000612800000, 0x0000000612a00000|  0%| F|  |TAMS 0x0000000612800000, 0x0000000612800000| Untracked 
| 125|0x0000000612a00000, 0x0000000612a00000, 0x0000000612c00000|  0%| F|  |TAMS 0x0000000612a00000, 0x0000000612a00000| Untracked 
| 126|0x0000000612c00000, 0x0000000612c00000, 0x0000000612e00000|  0%| F|  |TAMS 0x0000000612c00000, 0x0000000612c00000| Untracked 
| 127|0x0000000612e00000, 0x0000000612e00000, 0x0000000613000000|  0%| F|  |TAMS 0x0000000612e00000, 0x0000000612e00000| Untracked 
| 128|0x0000000613000000, 0x0000000613000000, 0x0000000613200000|  0%| F|  |TAMS 0x0000000613000000, 0x0000000613000000| Untracked 
| 129|0x0000000613200000, 0x0000000613200000, 0x0000000613400000|  0%| F|  |TAMS 0x0000000613200000, 0x0000000613200000| Untracked 
| 130|0x0000000613400000, 0x0000000613400000, 0x0000000613600000|  0%| F|  |TAMS 0x0000000613400000, 0x0000000613400000| Untracked 
| 131|0x0000000613600000, 0x0000000613600000, 0x0000000613800000|  0%| F|  |TAMS 0x0000000613600000, 0x0000000613600000| Untracked 
| 132|0x0000000613800000, 0x0000000613800000, 0x0000000613a00000|  0%| F|  |TAMS 0x0000000613800000, 0x0000000613800000| Untracked 
| 133|0x0000000613a00000, 0x0000000613a00000, 0x0000000613c00000|  0%| F|  |TAMS 0x0000000613a00000, 0x0000000613a00000| Untracked 
| 134|0x0000000613c00000, 0x0000000613c00000, 0x0000000613e00000|  0%| F|  |TAMS 0x0000000613c00000, 0x0000000613c00000| Untracked 
| 135|0x0000000613e00000, 0x0000000613e00000, 0x0000000614000000|  0%| F|  |TAMS 0x0000000613e00000, 0x0000000613e00000| Untracked 
| 136|0x0000000614000000, 0x0000000614000000, 0x0000000614200000|  0%| F|  |TAMS 0x0000000614000000, 0x0000000614000000| Untracked 
| 137|0x0000000614200000, 0x0000000614200000, 0x0000000614400000|  0%| F|  |TAMS 0x0000000614200000, 0x0000000614200000| Untracked 
| 138|0x0000000614400000, 0x0000000614400000, 0x0000000614600000|  0%| F|  |TAMS 0x0000000614400000, 0x0000000614400000| Untracked 
| 139|0x0000000614600000, 0x0000000614600000, 0x0000000614800000|  0%| F|  |TAMS 0x0000000614600000, 0x0000000614600000| Untracked 
| 140|0x0000000614800000, 0x0000000614800000, 0x0000000614a00000|  0%| F|  |TAMS 0x0000000614800000, 0x0000000614800000| Untracked 
| 141|0x0000000614a00000, 0x0000000614a00000, 0x0000000614c00000|  0%| F|  |TAMS 0x0000000614a00000, 0x0000000614a00000| Untracked 
| 142|0x0000000614c00000, 0x0000000614c00000, 0x0000000614e00000|  0%| F|  |TAMS 0x0000000614c00000, 0x0000000614c00000| Untracked 
| 143|0x0000000614e00000, 0x0000000614e00000, 0x0000000615000000|  0%| F|  |TAMS 0x0000000614e00000, 0x0000000614e00000| Untracked 
| 144|0x0000000615000000, 0x0000000615000000, 0x0000000615200000|  0%| F|  |TAMS 0x0000000615000000, 0x0000000615000000| Untracked 
| 145|0x0000000615200000, 0x0000000615200000, 0x0000000615400000|  0%| F|  |TAMS 0x0000000615200000, 0x0000000615200000| Untracked 
| 146|0x0000000615400000, 0x0000000615400000, 0x0000000615600000|  0%| F|  |TAMS 0x0000000615400000, 0x0000000615400000| Untracked 
| 147|0x0000000615600000, 0x0000000615600000, 0x0000000615800000|  0%| F|  |TAMS 0x0000000615600000, 0x0000000615600000| Untracked 
| 148|0x0000000615800000, 0x0000000615800000, 0x0000000615a00000|  0%| F|  |TAMS 0x0000000615800000, 0x0000000615800000| Untracked 
| 149|0x0000000615a00000, 0x0000000615a00000, 0x0000000615c00000|  0%| F|  |TAMS 0x0000000615a00000, 0x0000000615a00000| Untracked 
| 150|0x0000000615c00000, 0x0000000615c00000, 0x0000000615e00000|  0%| F|  |TAMS 0x0000000615c00000, 0x0000000615c00000| Untracked 
| 151|0x0000000615e00000, 0x0000000615e00000, 0x0000000616000000|  0%| F|  |TAMS 0x0000000615e00000, 0x0000000615e00000| Untracked 
| 152|0x0000000616000000, 0x0000000616000000, 0x0000000616200000|  0%| F|  |TAMS 0x0000000616000000, 0x0000000616000000| Untracked 
| 153|0x0000000616200000, 0x0000000616200000, 0x0000000616400000|  0%| F|  |TAMS 0x0000000616200000, 0x0000000616200000| Untracked 
| 154|0x0000000616400000, 0x0000000616400000, 0x0000000616600000|  0%| F|  |TAMS 0x0000000616400000, 0x0000000616400000| Untracked 
| 155|0x0000000616600000, 0x0000000616600000, 0x0000000616800000|  0%| F|  |TAMS 0x0000000616600000, 0x0000000616600000| Untracked 
| 156|0x0000000616800000, 0x0000000616800000, 0x0000000616a00000|  0%| F|  |TAMS 0x0000000616800000, 0x0000000616800000| Untracked 
| 157|0x0000000616a00000, 0x0000000616a00000, 0x0000000616c00000|  0%| F|  |TAMS 0x0000000616a00000, 0x0000000616a00000| Untracked 
| 158|0x0000000616c00000, 0x0000000616c00000, 0x0000000616e00000|  0%| F|  |TAMS 0x0000000616c00000, 0x0000000616c00000| Untracked 
| 159|0x0000000616e00000, 0x0000000616e00000, 0x0000000617000000|  0%| F|  |TAMS 0x0000000616e00000, 0x0000000616e00000| Untracked 
| 160|0x0000000617000000, 0x0000000617000000, 0x0000000617200000|  0%| F|  |TAMS 0x0000000617000000, 0x0000000617000000| Untracked 
| 161|0x0000000617200000, 0x0000000617200000, 0x0000000617400000|  0%| F|  |TAMS 0x0000000617200000, 0x0000000617200000| Untracked 
| 162|0x0000000617400000, 0x0000000617400000, 0x0000000617600000|  0%| F|  |TAMS 0x0000000617400000, 0x0000000617400000| Untracked 
| 163|0x0000000617600000, 0x0000000617600000, 0x0000000617800000|  0%| F|  |TAMS 0x0000000617600000, 0x0000000617600000| Untracked 
| 164|0x0000000617800000, 0x0000000617800000, 0x0000000617a00000|  0%| F|  |TAMS 0x0000000617800000, 0x0000000617800000| Untracked 
| 165|0x0000000617a00000, 0x0000000617a00000, 0x0000000617c00000|  0%| F|  |TAMS 0x0000000617a00000, 0x0000000617a00000| Untracked 
| 166|0x0000000617c00000, 0x0000000617c00000, 0x0000000617e00000|  0%| F|  |TAMS 0x0000000617c00000, 0x0000000617c00000| Untracked 
| 167|0x0000000617e00000, 0x0000000617e00000, 0x0000000618000000|  0%| F|  |TAMS 0x0000000617e00000, 0x0000000617e00000| Untracked 
| 168|0x0000000618000000, 0x0000000618000000, 0x0000000618200000|  0%| F|  |TAMS 0x0000000618000000, 0x0000000618000000| Untracked 
| 169|0x0000000618200000, 0x0000000618200000, 0x0000000618400000|  0%| F|  |TAMS 0x0000000618200000, 0x0000000618200000| Untracked 
| 170|0x0000000618400000, 0x0000000618400000, 0x0000000618600000|  0%| F|  |TAMS 0x0000000618400000, 0x0000000618400000| Untracked 
| 171|0x0000000618600000, 0x0000000618600000, 0x0000000618800000|  0%| F|  |TAMS 0x0000000618600000, 0x0000000618600000| Untracked 
| 172|0x0000000618800000, 0x0000000618800000, 0x0000000618a00000|  0%| F|  |TAMS 0x0000000618800000, 0x0000000618800000| Untracked 
| 173|0x0000000618a00000, 0x0000000618a00000, 0x0000000618c00000|  0%| F|  |TAMS 0x0000000618a00000, 0x0000000618a00000| Untracked 
| 174|0x0000000618c00000, 0x0000000618c00000, 0x0000000618e00000|  0%| F|  |TAMS 0x0000000618c00000, 0x0000000618c00000| Untracked 
| 175|0x0000000618e00000, 0x0000000618e00000, 0x0000000619000000|  0%| F|  |TAMS 0x0000000618e00000, 0x0000000618e00000| Untracked 
| 176|0x0000000619000000, 0x0000000619000000, 0x0000000619200000|  0%| F|  |TAMS 0x0000000619000000, 0x0000000619000000| Untracked 
| 177|0x0000000619200000, 0x0000000619200000, 0x0000000619400000|  0%| F|  |TAMS 0x0000000619200000, 0x0000000619200000| Untracked 
| 178|0x0000000619400000, 0x0000000619400000, 0x0000000619600000|  0%| F|  |TAMS 0x0000000619400000, 0x0000000619400000| Untracked 
| 179|0x0000000619600000, 0x0000000619600000, 0x0000000619800000|  0%| F|  |TAMS 0x0000000619600000, 0x0000000619600000| Untracked 
| 180|0x0000000619800000, 0x0000000619800000, 0x0000000619a00000|  0%| F|  |TAMS 0x0000000619800000, 0x0000000619800000| Untracked 
| 181|0x0000000619a00000, 0x0000000619a00000, 0x0000000619c00000|  0%| F|  |TAMS 0x0000000619a00000, 0x0000000619a00000| Untracked 
| 182|0x0000000619c00000, 0x0000000619c00000, 0x0000000619e00000|  0%| F|  |TAMS 0x0000000619c00000, 0x0000000619c00000| Untracked 
| 183|0x0000000619e00000, 0x0000000619e00000, 0x000000061a000000|  0%| F|  |TAMS 0x0000000619e00000, 0x0000000619e00000| Untracked 
| 184|0x000000061a000000, 0x000000061a000000, 0x000000061a200000|  0%| F|  |TAMS 0x000000061a000000, 0x000000061a000000| Untracked 
| 185|0x000000061a200000, 0x000000061a200000, 0x000000061a400000|  0%| F|  |TAMS 0x000000061a200000, 0x000000061a200000| Untracked 
| 186|0x000000061a400000, 0x000000061a400000, 0x000000061a600000|  0%| F|  |TAMS 0x000000061a400000, 0x000000061a400000| Untracked 
| 187|0x000000061a600000, 0x000000061a600000, 0x000000061a800000|  0%| F|  |TAMS 0x000000061a600000, 0x000000061a600000| Untracked 
| 188|0x000000061a800000, 0x000000061a800000, 0x000000061aa00000|  0%| F|  |TAMS 0x000000061a800000, 0x000000061a800000| Untracked 
| 189|0x000000061aa00000, 0x000000061aa00000, 0x000000061ac00000|  0%| F|  |TAMS 0x000000061aa00000, 0x000000061aa00000| Untracked 
| 190|0x000000061ac00000, 0x000000061ac00000, 0x000000061ae00000|  0%| F|  |TAMS 0x000000061ac00000, 0x000000061ac00000| Untracked 
| 191|0x000000061ae00000, 0x000000061ae00000, 0x000000061b000000|  0%| F|  |TAMS 0x000000061ae00000, 0x000000061ae00000| Untracked 
| 192|0x000000061b000000, 0x000000061b000000, 0x000000061b200000|  0%| F|  |TAMS 0x000000061b000000, 0x000000061b000000| Untracked 
| 193|0x000000061b200000, 0x000000061b200000, 0x000000061b400000|  0%| F|  |TAMS 0x000000061b200000, 0x000000061b200000| Untracked 
| 194|0x000000061b400000, 0x000000061b400000, 0x000000061b600000|  0%| F|  |TAMS 0x000000061b400000, 0x000000061b400000| Untracked 
| 195|0x000000061b600000, 0x000000061b600000, 0x000000061b800000|  0%| F|  |TAMS 0x000000061b600000, 0x000000061b600000| Untracked 
| 196|0x000000061b800000, 0x000000061b800000, 0x000000061ba00000|  0%| F|  |TAMS 0x000000061b800000, 0x000000061b800000| Untracked 
| 197|0x000000061ba00000, 0x000000061ba00000, 0x000000061bc00000|  0%| F|  |TAMS 0x000000061ba00000, 0x000000061ba00000| Untracked 
| 198|0x000000061bc00000, 0x000000061bc00000, 0x000000061be00000|  0%| F|  |TAMS 0x000000061bc00000, 0x000000061bc00000| Untracked 
| 199|0x000000061be00000, 0x000000061be00000, 0x000000061c000000|  0%| F|  |TAMS 0x000000061be00000, 0x000000061be00000| Untracked 
| 200|0x000000061c000000, 0x000000061c000000, 0x000000061c200000|  0%| F|  |TAMS 0x000000061c000000, 0x000000061c000000| Untracked 
| 201|0x000000061c200000, 0x000000061c200000, 0x000000061c400000|  0%| F|  |TAMS 0x000000061c200000, 0x000000061c200000| Untracked 
| 202|0x000000061c400000, 0x000000061c400000, 0x000000061c600000|  0%| F|  |TAMS 0x000000061c400000, 0x000000061c400000| Untracked 
| 203|0x000000061c600000, 0x000000061c600000, 0x000000061c800000|  0%| F|  |TAMS 0x000000061c600000, 0x000000061c600000| Untracked 
| 204|0x000000061c800000, 0x000000061c800000, 0x000000061ca00000|  0%| F|  |TAMS 0x000000061c800000, 0x000000061c800000| Untracked 
| 205|0x000000061ca00000, 0x000000061ca00000, 0x000000061cc00000|  0%| F|  |TAMS 0x000000061ca00000, 0x000000061ca00000| Untracked 
| 206|0x000000061cc00000, 0x000000061cc00000, 0x000000061ce00000|  0%| F|  |TAMS 0x000000061cc00000, 0x000000061cc00000| Untracked 
| 207|0x000000061ce00000, 0x000000061ce00000, 0x000000061d000000|  0%| F|  |TAMS 0x000000061ce00000, 0x000000061ce00000| Untracked 
| 208|0x000000061d000000, 0x000000061d000000, 0x000000061d200000|  0%| F|  |TAMS 0x000000061d000000, 0x000000061d000000| Untracked 
| 209|0x000000061d200000, 0x000000061d200000, 0x000000061d400000|  0%| F|  |TAMS 0x000000061d200000, 0x000000061d200000| Untracked 
| 210|0x000000061d400000, 0x000000061d400000, 0x000000061d600000|  0%| F|  |TAMS 0x000000061d400000, 0x000000061d400000| Untracked 
| 211|0x000000061d600000, 0x000000061d600000, 0x000000061d800000|  0%| F|  |TAMS 0x000000061d600000, 0x000000061d600000| Untracked 
| 212|0x000000061d800000, 0x000000061d800000, 0x000000061da00000|  0%| F|  |TAMS 0x000000061d800000, 0x000000061d800000| Untracked 
| 213|0x000000061da00000, 0x000000061da00000, 0x000000061dc00000|  0%| F|  |TAMS 0x000000061da00000, 0x000000061da00000| Untracked 
| 214|0x000000061dc00000, 0x000000061dc00000, 0x000000061de00000|  0%| F|  |TAMS 0x000000061dc00000, 0x000000061dc00000| Untracked 
| 215|0x000000061de00000, 0x000000061de00000, 0x000000061e000000|  0%| F|  |TAMS 0x000000061de00000, 0x000000061de00000| Untracked 
| 216|0x000000061e000000, 0x000000061e000000, 0x000000061e200000|  0%| F|  |TAMS 0x000000061e000000, 0x000000061e000000| Untracked 
| 217|0x000000061e200000, 0x000000061e200000, 0x000000061e400000|  0%| F|  |TAMS 0x000000061e200000, 0x000000061e200000| Untracked 
| 218|0x000000061e400000, 0x000000061e400000, 0x000000061e600000|  0%| F|  |TAMS 0x000000061e400000, 0x000000061e400000| Untracked 
| 219|0x000000061e600000, 0x000000061e600000, 0x000000061e800000|  0%| F|  |TAMS 0x000000061e600000, 0x000000061e600000| Untracked 
| 220|0x000000061e800000, 0x000000061e800000, 0x000000061ea00000|  0%| F|  |TAMS 0x000000061e800000, 0x000000061e800000| Untracked 
| 221|0x000000061ea00000, 0x000000061ea00000, 0x000000061ec00000|  0%| F|  |TAMS 0x000000061ea00000, 0x000000061ea00000| Untracked 
| 222|0x000000061ec00000, 0x000000061ec00000, 0x000000061ee00000|  0%| F|  |TAMS 0x000000061ec00000, 0x000000061ec00000| Untracked 
| 223|0x000000061ee00000, 0x000000061ee00000, 0x000000061f000000|  0%| F|  |TAMS 0x000000061ee00000, 0x000000061ee00000| Untracked 
| 224|0x000000061f000000, 0x000000061f000000, 0x000000061f200000|  0%| F|  |TAMS 0x000000061f000000, 0x000000061f000000| Untracked 
| 225|0x000000061f200000, 0x000000061f200000, 0x000000061f400000|  0%| F|  |TAMS 0x000000061f200000, 0x000000061f200000| Untracked 
| 226|0x000000061f400000, 0x000000061f400000, 0x000000061f600000|  0%| F|  |TAMS 0x000000061f400000, 0x000000061f400000| Untracked 
| 227|0x000000061f600000, 0x000000061f600000, 0x000000061f800000|  0%| F|  |TAMS 0x000000061f600000, 0x000000061f600000| Untracked 
| 228|0x000000061f800000, 0x000000061f800000, 0x000000061fa00000|  0%| F|  |TAMS 0x000000061f800000, 0x000000061f800000| Untracked 
| 229|0x000000061fa00000, 0x000000061fad5fc0, 0x000000061fc00000| 41%| S|CS|TAMS 0x000000061fa00000, 0x000000061fa00000| Complete 
| 230|0x000000061fc00000, 0x000000061fe00000, 0x000000061fe00000|100%| S|CS|TAMS 0x000000061fc00000, 0x000000061fc00000| Complete 
| 231|0x000000061fe00000, 0x0000000620000000, 0x0000000620000000|100%| S|CS|TAMS 0x000000061fe00000, 0x000000061fe00000| Complete 
| 232|0x0000000620000000, 0x0000000620200000, 0x0000000620200000|100%| S|CS|TAMS 0x0000000620000000, 0x0000000620000000| Complete 
| 233|0x0000000620200000, 0x0000000620400000, 0x0000000620400000|100%| S|CS|TAMS 0x0000000620200000, 0x0000000620200000| Complete 
| 234|0x0000000620400000, 0x0000000620600000, 0x0000000620600000|100%| S|CS|TAMS 0x0000000620400000, 0x0000000620400000| Complete 
| 235|0x0000000620600000, 0x0000000620800000, 0x0000000620800000|100%| S|CS|TAMS 0x0000000620600000, 0x0000000620600000| Complete 
| 236|0x0000000620800000, 0x0000000620a00000, 0x0000000620a00000|100%| S|CS|TAMS 0x0000000620800000, 0x0000000620800000| Complete 
| 237|0x0000000620a00000, 0x0000000620c00000, 0x0000000620c00000|100%| S|CS|TAMS 0x0000000620a00000, 0x0000000620a00000| Complete 
| 238|0x0000000620c00000, 0x0000000620c00800, 0x0000000620e00000|  0%| E|  |TAMS 0x0000000620c00000, 0x0000000620c00000| Complete 
| 239|0x0000000620e00000, 0x0000000621000000, 0x0000000621000000|100%| E|CS|TAMS 0x0000000620e00000, 0x0000000620e00000| Complete 
| 240|0x0000000621000000, 0x0000000621200000, 0x0000000621200000|100%| E|CS|TAMS 0x0000000621000000, 0x0000000621000000| Complete 
| 241|0x0000000621200000, 0x0000000621400000, 0x0000000621400000|100%| E|CS|TAMS 0x0000000621200000, 0x0000000621200000| Complete 
| 242|0x0000000621400000, 0x0000000621600000, 0x0000000621600000|100%| E|CS|TAMS 0x0000000621400000, 0x0000000621400000| Complete 
| 243|0x0000000621600000, 0x0000000621800000, 0x0000000621800000|100%| E|CS|TAMS 0x0000000621600000, 0x0000000621600000| Complete 
| 244|0x0000000621800000, 0x0000000621a00000, 0x0000000621a00000|100%| E|CS|TAMS 0x0000000621800000, 0x0000000621800000| Complete 
| 245|0x0000000621a00000, 0x0000000621c00000, 0x0000000621c00000|100%| E|CS|TAMS 0x0000000621a00000, 0x0000000621a00000| Complete 
| 246|0x0000000621c00000, 0x0000000621e00000, 0x0000000621e00000|100%| E|CS|TAMS 0x0000000621c00000, 0x0000000621c00000| Complete 
| 247|0x0000000621e00000, 0x0000000622000000, 0x0000000622000000|100%| E|CS|TAMS 0x0000000621e00000, 0x0000000621e00000| Complete 
| 248|0x0000000622000000, 0x0000000622200000, 0x0000000622200000|100%| E|CS|TAMS 0x0000000622000000, 0x0000000622000000| Complete 
| 249|0x0000000622200000, 0x0000000622400000, 0x0000000622400000|100%| E|CS|TAMS 0x0000000622200000, 0x0000000622200000| Complete 
| 250|0x0000000622400000, 0x0000000622600000, 0x0000000622600000|100%| E|CS|TAMS 0x0000000622400000, 0x0000000622400000| Complete 
| 251|0x0000000622600000, 0x0000000622800000, 0x0000000622800000|100%| E|CS|TAMS 0x0000000622600000, 0x0000000622600000| Complete 
| 252|0x0000000622800000, 0x0000000622a00000, 0x0000000622a00000|100%| E|CS|TAMS 0x0000000622800000, 0x0000000622800000| Complete 
| 253|0x0000000622a00000, 0x0000000622c00000, 0x0000000622c00000|100%| E|CS|TAMS 0x0000000622a00000, 0x0000000622a00000| Complete 
| 254|0x0000000622c00000, 0x0000000622e00000, 0x0000000622e00000|100%| E|CS|TAMS 0x0000000622c00000, 0x0000000622c00000| Complete 

Card table byte_map: [0x000000001a960000,0x000000001b950000] _byte_map_base: 0x0000000017948000

Marking Bits (Prev, Next): (CMBitMap*) 0x000000000194b6b0, (CMBitMap*) 0x000000000194b678
 Prev Bits: [0x0000000024880000, 0x000000002c7c0000)
 Next Bits: [0x000000001c940000, 0x0000000024880000)

Polling page: 0x0000000000dd0000

Metaspace:

Usage:
  Non-class:     52.29 MB capacity,    51.14 MB ( 98%) used,   920.19 KB (  2%) free+waste,   259.63 KB ( <1%) overhead. 
      Class:      8.75 MB capacity,     7.76 MB ( 89%) used,   877.94 KB ( 10%) free+waste,   137.56 KB (  2%) overhead. 
       Both:     61.04 MB capacity,    58.89 MB ( 96%) used,     1.76 MB (  3%) free+waste,   397.19 KB ( <1%) overhead. 

Virtual space:
  Non-class space:       54.00 MB reserved,      52.50 MB ( 97%) committed 
      Class space:        1.00 GB reserved,       8.82 MB ( <1%) committed 
             Both:        1.05 GB reserved,      61.32 MB (  6%) committed 

Chunk freelists:
   Non-Class:  3.13 KB
       Class:  128 bytes
        Both:  3.25 KB

CodeHeap 'non-profiled nmethods': size=120000Kb used=3937Kb max_used=3937Kb free=116062Kb
 bounds [0x00000000116c0000, 0x0000000011aa0000, 0x0000000018bf0000]
CodeHeap 'profiled nmethods': size=120000Kb used=11075Kb max_used=11075Kb free=108924Kb
 bounds [0x000000000a190000, 0x000000000ac70000, 0x00000000116c0000]
CodeHeap 'non-nmethods': size=5760Kb used=1385Kb max_used=1423Kb free=4374Kb
 bounds [0x0000000009bf0000, 0x0000000009e60000, 0x000000000a190000]
 total_blobs=6463 nmethods=4399 adapters=737
 compilation: enabled
              stopped_count=0, restarted_count=0
 full_count=0

Compilation events (10 events):
Event: 8.922 Thread 0x00000000302a9600 4408       4       java.lang.Thread::interrupted (8 bytes)
Event: 8.922 Thread 0x00000000302a9600 nmethod 4408 0x0000000011a98490 code [0x0000000011a98620, 0x0000000011a986a8]
Event: 8.937 Thread 0x00000000302b24d0 4409       3       java.lang.management.ManagementFactory$PlatformMBeanFinder$$Lambda$173/0x000000080036f040::test (12 bytes)
Event: 8.937 Thread 0x00000000302b24d0 nmethod 4409 0x000000000ac5f110 code [0x000000000ac5f300, 0x000000000ac5f780]
Event: 8.937 Thread 0x00000000302b24d0 4410       3       java.lang.management.ManagementFactory$PlatformMBeanFinder::lambda$findFirst$4 (13 bytes)
Event: 8.938 Thread 0x00000000302b24d0 nmethod 4410 0x000000000ac5f910 code [0x000000000ac5fae0, 0x000000000ac5fdc0]
Event: 9.373 Thread 0x00000000302b24d0 4411       3       java.lang.management.ManagementFactory$$Lambda$174/0x000000080036f440::apply (12 bytes)
Event: 9.373 Thread 0x00000000302b24d0 nmethod 4411 0x000000000ac5ff10 code [0x000000000ac60100, 0x000000000ac60580]
Event: 9.373 Thread 0x00000000302b24d0 4412       3       java.lang.management.ManagementFactory::lambda$getPlatformMXBeans$3 (13 bytes)
Event: 9.373 Thread 0x00000000302b24d0 nmethod 4412 0x000000000ac60710 code [0x000000000ac608e0, 0x000000000ac60bc0]

GC Heap History (10 events):
Event: 1.768 GC heap before
{Heap before GC invocations=2 (full 0):
 garbage-first heap   total 522240K, used 60866K [0x0000000603000000, 0x0000000800000000)
  region size 2048K, 28 young (57344K), 2 survivors (4096K)
 Metaspace       used 10845K, capacity 11026K, committed 11136K, reserved 1058816K
  class space    used 1003K, capacity 1080K, committed 1152K, reserved 1048576K
}
Event: 1.770 GC heap after
{Heap after GC invocations=3 (full 0):
 garbage-first heap   total 522240K, used 12066K [0x0000000603000000, 0x0000000800000000)
  region size 2048K, 3 young (6144K), 3 survivors (6144K)
 Metaspace       used 10845K, capacity 11026K, committed 11136K, reserved 1058816K
  class space    used 1003K, capacity 1080K, committed 1152K, reserved 1048576K
}
Event: 3.091 GC heap before
{Heap before GC invocations=3 (full 0):
 garbage-first heap   total 522240K, used 200482K [0x0000000603000000, 0x0000000800000000)
  region size 2048K, 97 young (198656K), 3 survivors (6144K)
 Metaspace       used 20823K, capacity 21125K, committed 21248K, reserved 1069056K
  class space    used 2336K, capacity 2482K, committed 2560K, reserved 1048576K
}
Event: 3.097 GC heap after
{Heap after GC invocations=4 (full 0):
 garbage-first heap   total 522240K, used 18267K [0x0000000603000000, 0x0000000800000000)
  region size 2048K, 6 young (12288K), 6 survivors (12288K)
 Metaspace       used 20823K, capacity 21125K, committed 21248K, reserved 1069056K
  class space    used 2336K, capacity 2482K, committed 2560K, reserved 1048576K
}
Event: 5.227 GC heap before
{Heap before GC invocations=5 (full 0):
 garbage-first heap   total 522240K, used 96091K [0x0000000603000000, 0x0000000800000000)
  region size 2048K, 45 young (92160K), 6 survivors (12288K)
 Metaspace       used 34979K, capacity 35753K, committed 35840K, reserved 1081344K
  class space    used 4187K, capacity 4547K, committed 4608K, reserved 1048576K
}
Event: 5.242 GC heap after
{Heap after GC invocations=6 (full 0):
 garbage-first heap   total 522240K, used 21436K [0x0000000603000000, 0x0000000800000000)
  region size 2048K, 7 young (14336K), 7 survivors (14336K)
 Metaspace       used 34979K, capacity 35753K, committed 35840K, reserved 1081344K
  class space    used 4187K, capacity 4547K, committed 4608K, reserved 1048576K
}
Event: 7.158 GC heap before
{Heap before GC invocations=7 (full 0):
 garbage-first heap   total 522240K, used 318396K [0x0000000603000000, 0x0000000800000000)
  region size 2048K, 153 young (313344K), 7 survivors (14336K)
 Metaspace       used 53729K, capacity 55548K, committed 55680K, reserved 1097728K
  class space    used 6966K, capacity 7780K, committed 7808K, reserved 1048576K
}
Event: 7.166 GC heap after
{Heap after GC invocations=8 (full 0):
 garbage-first heap   total 522240K, used 34129K [0x0000000603000000, 0x0000000800000000)
  region size 2048K, 13 young (26624K), 13 survivors (26624K)
 Metaspace       used 53729K, capacity 55548K, committed 55680K, reserved 1097728K
  class space    used 6966K, capacity 7780K, committed 7808K, reserved 1048576K
}
Event: 7.566 GC heap before
{Heap before GC invocations=8 (full 0):
 garbage-first heap   total 522240K, used 66897K [0x0000000603000000, 0x0000000800000000)
  region size 2048K, 30 young (61440K), 13 survivors (26624K)
 Metaspace       used 58031K, capacity 60131K, committed 60160K, reserved 1101824K
  class space    used 7594K, capacity 8558K, committed 8576K, reserved 1048576K
}
Event: 7.578 GC heap after
{Heap after GC invocations=9 (full 0):
 garbage-first heap   total 522240K, used 30350K [0x0000000603000000, 0x0000000800000000)
  region size 2048K, 9 young (18432K), 9 survivors (18432K)
 Metaspace       used 58031K, capacity 60131K, committed 60160K, reserved 1101824K
  class space    used 7594K, capacity 8558K, committed 8576K, reserved 1048576K
}

Deoptimization events (10 events):
Event: 7.303 Thread 0x00000000018c5d40 Uncommon trap: reason=unstable_if action=reinterpret pc=0x0000000011924e4c method=java.lang.String.repeat(I)Ljava/lang/String; @ 49 c2
Event: 7.312 Thread 0x00000000018c5d40 Uncommon trap: reason=class_check action=maybe_recompile pc=0x00000000119363f8 method=java.util.regex.Pattern$BmpCharPredicate.lambda$union$2(Ljava/util/regex/Pattern$CharPredicate;I)Z @ 12 c2
Event: 7.501 Thread 0x00000000018c5d40 Uncommon trap: reason=unstable_if action=reinterpret pc=0x0000000011868eb4 method=jdk.internal.misc.Unsafe.copyMemory(Ljava/lang/Object;JLjava/lang/Object;JJ)V @ 16 c2
Event: 7.519 Thread 0x00000000018c5d40 Uncommon trap: reason=unstable_if action=reinterpret pc=0x000000001174844c method=java.util.HashMap.computeIfAbsent(Ljava/lang/Object;Ljava/util/function/Function;)Ljava/lang/Object; @ 44 c2
Event: 8.406 Thread 0x00000000018c5d40 Uncommon trap: reason=class_check action=maybe_recompile pc=0x00000000119363f8 method=java.util.regex.Pattern$BmpCharPredicate.lambda$union$2(Ljava/util/regex/Pattern$CharPredicate;I)Z @ 12 c2
Event: 8.427 Thread 0x00000000018c5d40 Uncommon trap: reason=unstable_if action=reinterpret pc=0x0000000011869464 method=jdk.internal.misc.Unsafe.copyMemory(Ljava/lang/Object;JLjava/lang/Object;JJ)V @ 16 c2
Event: 8.436 Thread 0x00000000018c5d40 Uncommon trap: reason=class_check action=maybe_recompile pc=0x0000000011a64814 method=org.neo4j.index.internal.gbptree.TreeNodeFixedSize.keyAt(Lorg/neo4j/io/pagecache/PageCursor;Ljava/lang/Object;ILorg/neo4j/index/internal/gbptree/TreeNode$Type;Lorg/neo4j
Event: 8.436 Thread 0x00000000018c5d40 Uncommon trap: reason=class_check action=maybe_recompile pc=0x0000000011a64814 method=org.neo4j.index.internal.gbptree.TreeNodeFixedSize.keyAt(Lorg/neo4j/io/pagecache/PageCursor;Ljava/lang/Object;ILorg/neo4j/index/internal/gbptree/TreeNode$Type;Lorg/neo4j
Event: 8.436 Thread 0x00000000018c5d40 Uncommon trap: reason=class_check action=maybe_recompile pc=0x0000000011a64814 method=org.neo4j.index.internal.gbptree.TreeNodeFixedSize.keyAt(Lorg/neo4j/io/pagecache/PageCursor;Ljava/lang/Object;ILorg/neo4j/index/internal/gbptree/TreeNode$Type;Lorg/neo4j
Event: 8.436 Thread 0x00000000018c5d40 Uncommon trap: reason=class_check action=maybe_recompile pc=0x0000000011a64814 method=org.neo4j.index.internal.gbptree.TreeNodeFixedSize.keyAt(Lorg/neo4j/io/pagecache/PageCursor;Ljava/lang/Object;ILorg/neo4j/index/internal/gbptree/TreeNode$Type;Lorg/neo4j

Classes redefined (0 events):
No events

Internal exceptions (10 events):
Event: 7.915 Thread 0x00000000018c5d40 Exception <a 'sun/nio/fs/WindowsException'{0x0000000621a44858}> (0x0000000621a44858) thrown at [t:/workspace/open/src/hotspot/share/prims/jni.cpp, line 615]
Event: 7.915 Thread 0x00000000018c5d40 Exception <a 'sun/nio/fs/WindowsException'{0x0000000621a44b20}> (0x0000000621a44b20) thrown at [t:/workspace/open/src/hotspot/share/prims/jni.cpp, line 615]
Event: 7.915 Thread 0x00000000018c5d40 Exception <a 'sun/nio/fs/WindowsException'{0x0000000621a455b0}> (0x0000000621a455b0) thrown at [t:/workspace/open/src/hotspot/share/prims/jni.cpp, line 615]
Event: 7.915 Thread 0x00000000018c5d40 Exception <a 'sun/nio/fs/WindowsException'{0x0000000621a45878}> (0x0000000621a45878) thrown at [t:/workspace/open/src/hotspot/share/prims/jni.cpp, line 615]
Event: 7.932 Thread 0x00000000018c5d40 Exception <a 'sun/nio/fs/WindowsException'{0x0000000621a68600}> (0x0000000621a68600) thrown at [t:/workspace/open/src/hotspot/share/prims/jni.cpp, line 615]
Event: 7.932 Thread 0x00000000018c5d40 Exception <a 'sun/nio/fs/WindowsException'{0x0000000621a688f8}> (0x0000000621a688f8) thrown at [t:/workspace/open/src/hotspot/share/prims/jni.cpp, line 615]
Event: 7.932 Thread 0x00000000018c5d40 Exception <a 'sun/nio/fs/WindowsException'{0x0000000621a69d30}> (0x0000000621a69d30) thrown at [t:/workspace/open/src/hotspot/share/prims/jni.cpp, line 615]
Event: 8.077 Thread 0x00000000018c5d40 Exception <a 'sun/nio/fs/WindowsException'{0x0000000621afb2a8}> (0x0000000621afb2a8) thrown at [t:/workspace/open/src/hotspot/share/prims/jni.cpp, line 615]
Event: 8.077 Thread 0x00000000018c5d40 Exception <a 'sun/nio/fs/WindowsException'{0x0000000621afb5f0}> (0x0000000621afb5f0) thrown at [t:/workspace/open/src/hotspot/share/prims/jni.cpp, line 615]
Event: 8.403 Thread 0x00000000018c5d40 Exception <a 'sun/nio/fs/WindowsException'{0x00000006215011a8}> (0x00000006215011a8) thrown at [t:/workspace/open/src/hotspot/share/prims/jni.cpp, line 615]

Events (10 events):
Event: 8.487 loading class sun/net/util/IPAddressUtil done
Event: 8.516 loading class org/neo4j/util/concurrent/BinaryLatch$Waiter
Event: 8.516 loading class org/neo4j/util/concurrent/BinaryLatch$Waiter done
Event: 8.516 Executing VM operation: Deoptimize
Event: 8.517 Executing VM operation: Deoptimize done
Event: 8.564 Thread 0x00000000321f5af0 Thread added: 0x00000000321f5af0
Event: 8.564 Thread 0x00000000321f5af0 Thread exited: 0x00000000321f5af0
Event: 8.568 Thread 0x00000000321f6490 Thread added: 0x00000000321f6490
Event: 8.663 Thread 0x000000003245b9a0 Thread exited: 0x000000003245b9a0
Event: 8.663 Thread 0x000000003245cde0 Thread exited: 0x000000003245cde0


Dynamic libraries:
0x00007ff755dd0000 - 0x00007ff755df0000 	C:\Program Files\neo4j-community-4.3.6\bin\tools\prunsrv-amd64.exe
0x00007ffb9adf0000 - 0x00007ffb9afe5000 	C:\WINDOWS\SYSTEM32\ntdll.dll
0x00007ffb9a500000 - 0x00007ffb9a5be000 	C:\WINDOWS\System32\KERNEL32.DLL
0x00007ffb98a80000 - 0x00007ffb98d48000 	C:\WINDOWS\System32\KERNELBASE.dll
0x00007ffb99b40000 - 0x00007ffb99bee000 	C:\WINDOWS\System32\ADVAPI32.dll
0x00007ffb99c80000 - 0x00007ffb99d1e000 	C:\WINDOWS\System32\msvcrt.dll
0x00007ffb99f70000 - 0x00007ffb9a00c000 	C:\WINDOWS\System32\sechost.dll
0x00007ffb98e30000 - 0x00007ffb98f55000 	C:\WINDOWS\System32\RPCRT4.dll
0x00007ffb99390000 - 0x00007ffb99ad4000 	C:\WINDOWS\System32\SHELL32.dll
0x00007ffb98770000 - 0x00007ffb9880d000 	C:\WINDOWS\System32\msvcp_win.dll
0x00007ffb98860000 - 0x00007ffb98960000 	C:\WINDOWS\System32\ucrtbase.dll
0x00007ffb9ab50000 - 0x00007ffb9acf1000 	C:\WINDOWS\System32\USER32.dll
0x00007ffb98d50000 - 0x00007ffb98d72000 	C:\WINDOWS\System32\win32u.dll
0x00007ffb99f40000 - 0x00007ffb99f6b000 	C:\WINDOWS\System32\GDI32.dll
0x00007ffb98660000 - 0x00007ffb9876d000 	C:\WINDOWS\System32\gdi32full.dll
0x00007ffb9a620000 - 0x00007ffb9a6cd000 	C:\WINDOWS\System32\shcore.dll
0x00007ffb9a010000 - 0x00007ffb9a365000 	C:\WINDOWS\System32\combase.dll
0x00007ffb7dc80000 - 0x00007ffb7e7a3000 	C:\Program Files\Java\jdk-11.0.2\bin\server\jvm.dll
0x00007ffb99380000 - 0x00007ffb99388000 	C:\WINDOWS\System32\PSAPI.DLL
0x00007ffb8ac60000 - 0x00007ffb8ac87000 	C:\WINDOWS\SYSTEM32\WINMM.dll
0x00007ffb97270000 - 0x00007ffb9727a000 	C:\WINDOWS\SYSTEM32\VERSION.dll
0x00007ffb86730000 - 0x00007ffb8674b000 	C:\WINDOWS\SYSTEM32\VCRUNTIME140.dll
0x00007ffb828b0000 - 0x00007ffb828b9000 	C:\WINDOWS\SYSTEM32\WSOCK32.dll
0x00007ffb99c10000 - 0x00007ffb99c7b000 	C:\WINDOWS\System32\WS2_32.dll
0x00007ffb861a0000 - 0x00007ffb861b1000 	C:\Program Files\Java\jdk-11.0.2\bin\verify.dll
0x00007ffb961b0000 - 0x00007ffb96394000 	C:\WINDOWS\SYSTEM32\DBGHELP.DLL
0x00007ffb85370000 - 0x00007ffb8539c000 	C:\WINDOWS\SYSTEM32\dbgcore.DLL
0x00007ffb989c0000 - 0x00007ffb98a42000 	C:\WINDOWS\System32\bcryptPrimitives.dll
0x00007ffb86150000 - 0x00007ffb86178000 	C:\Program Files\Java\jdk-11.0.2\bin\java.dll
0x00007ffb86180000 - 0x00007ffb86196000 	C:\Program Files\Java\jdk-11.0.2\bin\zip.dll
0x00007ffb83120000 - 0x00007ffb8312a000 	C:\Program Files\Java\jdk-11.0.2\bin\jimage.dll
0x00007ffb96ef0000 - 0x00007ffb96f02000 	C:\WINDOWS\SYSTEM32\kernel.appcore.dll
0x00007ffb96490000 - 0x00007ffb96c25000 	C:\WINDOWS\SYSTEM32\windows.storage.dll
0x00007ffb97f50000 - 0x00007ffb97f7e000 	C:\WINDOWS\SYSTEM32\Wldp.dll
0x00007ffb99ae0000 - 0x00007ffb99b35000 	C:\WINDOWS\System32\shlwapi.dll
0x00007ffb98440000 - 0x00007ffb9845f000 	C:\WINDOWS\SYSTEM32\profapi.dll
0x00007ffb78a30000 - 0x00007ffb78a49000 	C:\Program Files\Java\jdk-11.0.2\bin\net.dll
0x00007ffb8db00000 - 0x00007ffb8dc0c000 	C:\WINDOWS\SYSTEM32\WINHTTP.dll
0x00007ffb7ef50000 - 0x00007ffb7f13b000 	C:\WINDOWS\SYSTEM32\urlmon.dll
0x00007ffb81e90000 - 0x00007ffb82140000 	C:\WINDOWS\SYSTEM32\iertutil.dll
0x00007ffb95ad0000 - 0x00007ffb95af8000 	C:\WINDOWS\SYSTEM32\srvcli.dll
0x00007ffb97b00000 - 0x00007ffb97b0c000 	C:\WINDOWS\SYSTEM32\netutils.dll
0x00007ffb97cb0000 - 0x00007ffb97d1a000 	C:\WINDOWS\system32\mswsock.dll
0x00007ffb78a10000 - 0x00007ffb78a23000 	C:\Program Files\Java\jdk-11.0.2\bin\nio.dll
0x00007ffb942b0000 - 0x00007ffb942b9000 	C:\Program Files\Java\jdk-11.0.2\bin\management.dll
0x00007ffb935a0000 - 0x00007ffb935ac000 	C:\Program Files\Java\jdk-11.0.2\bin\management_ext.dll
0x00007ffb93580000 - 0x00007ffb93597000 	C:\WINDOWS\system32\napinsp.dll
0x00007ffb93560000 - 0x00007ffb9357b000 	C:\WINDOWS\system32\pnrpnsp.dll
0x00007ffb92180000 - 0x00007ffb92195000 	C:\WINDOWS\system32\wshbth.dll
0x00007ffb93060000 - 0x00007ffb9307d000 	C:\WINDOWS\system32\NLAapi.dll
0x00007ffb97950000 - 0x00007ffb9798b000 	C:\WINDOWS\SYSTEM32\IPHLPAPI.DLL
0x00007ffb97990000 - 0x00007ffb97a5b000 	C:\WINDOWS\SYSTEM32\DNSAPI.dll
0x00007ffb98f90000 - 0x00007ffb98f98000 	C:\WINDOWS\System32\NSI.dll
0x00007ffb93540000 - 0x00007ffb93552000 	C:\WINDOWS\System32\winrnr.dll
0x00007ffb8d160000 - 0x00007ffb8d16a000 	C:\Windows\System32\rasadhlp.dll
0x00007ffb8b6c0000 - 0x00007ffb8b73f000 	C:\WINDOWS\System32\fwpuclnt.dll
0x00007ffb98a50000 - 0x00007ffb98a77000 	C:\WINDOWS\System32\bcrypt.dll
0x00007ffb97ea0000 - 0x00007ffb97eb8000 	C:\WINDOWS\SYSTEM32\CRYPTSP.dll
0x00007ffb975c0000 - 0x00007ffb975f4000 	C:\WINDOWS\system32\rsaenh.dll
0x00007ffb97ec0000 - 0x00007ffb97ecc000 	C:\WINDOWS\SYSTEM32\CRYPTBASE.dll
0x00007ffb90770000 - 0x00007ffb90787000 	C:\WINDOWS\SYSTEM32\dhcpcsvc6.DLL
0x00007ffb90680000 - 0x00007ffb9069d000 	C:\WINDOWS\SYSTEM32\dhcpcsvc.DLL
0x00007ffb7f5a0000 - 0x00007ffb7f5e4000 	C:\Windows\Temp\jna-1029681497\jna16429325257259178974.dll

dbghelp: loaded successfully - version: 4.0.5 - missing functions: none
symbol engine: initialized successfully - sym options: 0x614 - pdb path: .;C:\Program Files\neo4j-community-4.3.6\bin\tools;C:\WINDOWS\SYSTEM32;C:\Program Files\Java\jdk-11.0.2\bin\server;C:\Program Files\Java\jdk-11.0.2\bin;C:\Windows\Temp\jna-1029681497

VM Arguments:
jvm_args: -XX:+UseG1GC -XX:-OmitStackTraceInFastThrow -XX:+AlwaysPreTouch -XX:+UnlockExperimentalVMOptions -XX:+TrustFinalNonStaticFields -XX:+DisableExplicitGC -XX:MaxInlineLevel=15 -XX:-UseBiasedLocking -Djdk.nio.maxCachedBufferSize=262144 -Dio.netty.tryReflectionSetAccessible=true -Djdk.tls.ephemeralDHKeySize=2048 -Djdk.tls.rejectClientInitiatedRenegotiation=true -XX:FlightRecorderOptions=stackdepth=256 -XX:+UnlockDiagnosticVMOptions -XX:+DebugNonSafepoints -Dlog4j2.disable.jmx=true -Dfile.encoding=UTF-8 exit abort 
java_command: <unknown>
java_class_path (initial): ;;C:\Program Files\neo4j-community-4.3.6\lib\annotations-4.3.6.jar;C:\Program Files\neo4j-community-4.3.6\lib\bcpkix-jdk15on-1.68.jar;C:\Program Files\neo4j-community-4.3.6\lib\bcprov-jdk15on-1.68.jar;C:\Program Files\neo4j-community-4.3.6\lib\caffeine-3.0.0.jar;C:\Program Files\neo4j-community-4.3.6\lib\commons-beanutils-1.9.4.jar;C:\Program Files\neo4j-community-4.3.6\lib\commons-collections-3.2.2.jar;C:\Program Files\neo4j-community-4.3.6\lib\commons-compress-1.21.jar;C:\Program Files\neo4j-community-4.3.6\lib\commons-exec-1.3.jar;C:\Program Files\neo4j-community-4.3.6\lib\commons-io-2.9.0.jar;C:\Program Files\neo4j-community-4.3.6\lib\commons-lang3-3.11.jar;C:\Program Files\neo4j-community-4.3.6\lib\commons-logging-1.2.jar;C:\Program Files\neo4j-community-4.3.6\lib\commons-text-1.9.jar;C:\Program Files\neo4j-community-4.3.6\lib\cypher-ast-factory-4.3.6.jar;C:\Program Files\neo4j-community-4.3.6\lib\eclipse-collections-10.4.0.jar;C:\Program Files\neo4j-community-4.3.6\lib\eclipse-collections-api-10.4.0.jar;C:\Program Files\neo4j-community-4.3.6\lib\FastInfoset-1.2.16.jar;C:\Program Files\neo4j-community-4.3.6\lib\hk2-api-2.6.1.jar;C:\Program Files\neo4j-community-4.3.6\lib\hk2-locator-2.6.1.jar;C:\Program Files\neo4j-community-4.3.6\lib\hk2-utils-2.6.1.jar;C:\Program Files\neo4j-community-4.3.6\lib\istack-commons-runtime-3.0.8.jar;C:\Program Files\neo4j-community-4.3.6\lib\jackson-annotations-2.12.1.jar;C:\Program Files\neo4j-community-4.3.6\lib\jackson-core-2.12.1.jar;C:\Program Files\neo4j-community-4.3.6\lib\jackson-databind-2.12.1.jar;C:\Program Files\neo4j-community-4.3.6\lib\jackson-jaxrs-base-2.12.1.jar;C:\Program Files\neo4j-community-4.3.6\lib\jackson-jaxrs-json-provider-2.12.1.jar;C:\Program Files\neo4j-community-4.3.6\lib\jackson-module-jaxb-annotations-2.12.1.jar;C:\Program Files\neo4j-community-4.3.6\lib\jakarta.activation-api-1.2.1.jar;C:\Program Files\neo4j-community-4.3.6\lib\jakarta.annotation-api-1.3.5.jar;C:\Program
Launcher Type: generic

[Global flags]
     bool AlwaysPreTouch                           = true                                      {product} {command line}
     intx CICompilerCount                          = 4                                         {product} {ergonomic}
     uint ConcGCThreads                            = 3                                         {product} {ergonomic}
     bool DebugNonSafepoints                       = true                                   {diagnostic} {command line}
     bool DisableExplicitGC                        = true                                      {product} {command line}
    ccstr FlightRecorderOptions                    = stackdepth=256                            {product} {command line}
     uint G1ConcRefinementThreads                  = 10                                        {product} {ergonomic}
   size_t G1HeapRegionSize                         = 2097152                                   {product} {ergonomic}
    uintx GCDrainStackTargetSize                   = 64                                        {product} {ergonomic}
   size_t InitialHeapSize                          = 534773760                                 {product} {ergonomic}
   size_t MarkStackSize                            = 4194304                                   {product} {ergonomic}
   size_t MaxHeapSize                              = 8539602944                                {product} {ergonomic}
     intx MaxInlineLevel                           = 15                                        {product} {command line}
   size_t MaxNewSize                               = 5123342336                                {product} {ergonomic}
   size_t MinHeapDeltaBytes                        = 2097152                                   {product} {ergonomic}
    uintx NonNMethodCodeHeapSize                   = 5835340                                {pd product} {ergonomic}
    uintx NonProfiledCodeHeapSize                  = 122911450                              {pd product} {ergonomic}
     bool OmitStackTraceInFastThrow                = false                                     {product} {command line}
    uintx ProfiledCodeHeapSize                     = 122911450                              {pd product} {ergonomic}
    uintx ReservedCodeCacheSize                    = 251658240                              {pd product} {ergonomic}
     bool SegmentedCodeCache                       = true                                      {product} {ergonomic}
     bool TrustFinalNonStaticFields                = true                                 {experimental} {command line}
     bool UnlockDiagnosticVMOptions                = true                                   {diagnostic} {command line}
     bool UnlockExperimentalVMOptions              = true                                 {experimental} {command line}
     bool UseBiasedLocking                         = false                                     {product} {command line}
     bool UseCompressedClassPointers               = true                                 {lp64_product} {ergonomic}
     bool UseCompressedOops                        = true                                 {lp64_product} {ergonomic}
     bool UseG1GC                                  = true                                      {product} {command line}
     bool UseLargePagesIndividualAllocation        = false                                  {pd product} {ergonomic}

Logging:
Log output configuration:
 #0: stdout all=warning uptime,level,tags
 #1: stderr all=off uptime,level,tags

Environment Variables:
JAVA_HOME=C:\Program Files\Java\jdk-11.0.2\
PATH=C:\Program Files\Java\jdk-11.0.2\bin;C:\Program Files (x86)\VMware\VMware Workstation\bin\;C:\Program Files\Common Files\Oracle\Java\javapath;C:\Program Files (x86)\Common Files\Oracle\Java\javapath;C:\WINDOWS\system32;C:\WINDOWS;C:\WINDOWS\System32\Wbem;C:\WINDOWS\System32\WindowsPowerShell\v1.0\;C:\WINDOWS\System32\OpenSSH\;C:\Program Files\dotnet\;C:\Program Files (x86)\dotnet\;C:\Program Files\PowerShell\7\;C:\Users\Trainees\AppData\Local\Programs\Neo4j Desktop;C:\Program Files\Git\cmd;C:\Program Files\Java\jdk-11.0.2\bin;C:\Program Files\doxygen\bin;C:\WINDOWS\system32\config\systemprofile\AppData\Local\Microsoft\WindowsApps
USERNAME=DESKTOP-TG4VNEH$
OS=Windows_NT
PROCESSOR_IDENTIFIER=Intel64 Family 6 Model 158 Stepping 13, GenuineIntel



---------------  S Y S T E M  ---------------

OS: Windows 10 , 64 bit Build 19041 (10.0.19041.1466)

CPU:total 12 (initial active 12) (6 cores per cpu, 2 threads per core) family 6 model 158 stepping 13, cmov, cx8, fxsr, mmx, sse, sse2, sse3, ssse3, sse4.1, sse4.2, popcnt, avx, avx2, aes, clmul, erms, 3dnowpref, lzcnt, ht, tsc, tscinvbit, bmi1, bmi2, adx, fma

Memory: 4k page, system-wide physical 32575M (28690M free)
TotalPageFile size 37439M (AvailPageFile size 32809M)
current process WorkingSet (physical memory assigned to process): 756M, peak: 769M
current process commit charge ("private bytes"): 798M, peak: 811M

vm_info: OpenJDK 64-Bit Server VM (11.0.2+9) for windows-amd64 JRE (11.0.2+9), built on Jan 18 2019 05:23:22 by "mach5one" with MS VC++ 15.5 (VS2017)

END.
